#
# There is insufficient memory for the Java Runtime Environment to continue.
# Native memory allocation (malloc) failed to allocate 1048576 bytes. Error detail: AllocateHeap
# Possible reasons:
#   The system is out of physical RAM or swap space
#   This process is running with CompressedOops enabled, and the Java Heap may be blocking the growth of the native heap
# Possible solutions:
#   Reduce memory load on the system
#   Increase physical memory or swap space
#   Check if swap backing store is full
#   Decrease Java heap size (-Xmx/-Xms)
#   Decrease number of Java threads
#   Decrease Java thread stack sizes (-Xss)
#   Set larger code cache with -XX:ReservedCodeCacheSize=
#   JVM is running with Unscaled Compressed Oops mode in which the Java heap is
#     placed in the first 4GB address space. The Java Heap base address is the
#     maximum limit for the native heap growth. Please use -XX:HeapBaseMinAddress
#     to set the Java Heap base and to place the Java Heap above 4GB virtual address.
# This output file may be truncated or incomplete.
#
#  Out of Memory Error (allocation.cpp:44), pid=11344, tid=4828
#
# JRE version: OpenJDK Runtime Environment Temurin-21.0.8+9 (21.0.8+9) (build 21.0.8+9-LTS)
# Java VM: OpenJDK 64-Bit Server VM Temurin-21.0.8+9 (21.0.8+9-LTS, mixed mode, sharing, tiered, compressed oops, compressed class ptrs, parallel gc, windows-amd64)
# No core dump will be written. Minidumps are not enabled by default on client versions of Windows
#

---------------  S U M M A R Y ------------

Command Line: --add-modules=ALL-SYSTEM --add-opens=java.base/java.util=ALL-UNNAMED --add-opens=java.base/java.lang=ALL-UNNAMED --add-opens=java.base/sun.nio.fs=ALL-UNNAMED -Declipse.application=org.eclipse.jdt.ls.core.id1 -Dosgi.bundles.defaultStartLevel=4 -Declipse.product=org.eclipse.jdt.ls.core.product -Djava.import.generatesMetadataFilesAtProjectRoot=false -DDetectVMInstallationsJob.disabled=true -Dfile.encoding=utf8 -XX:+UseParallelGC -XX:GCTimeRatio=4 -XX:AdaptiveSizePolicyWeight=90 -Dsun.zip.disableMemoryMapping=true -Xmx2G -Xms100m -Xlog:disable -javaagent:c:\Users\Technyx\.vscode\extensions\redhat.java-1.45.0-win32-x64\lombok\lombok-1.18.39-4050.jar -XX:+HeapDumpOnOutOfMemoryError -XX:HeapDumpPath=c:\Users\Technyx\AppData\Roaming\Code\User\workspaceStorage\b6574fec2badbdb96867a97d384b210d\redhat.java -Daether.dependencyCollector.impl=bf c:\Users\Technyx\.vscode\extensions\redhat.java-1.45.0-win32-x64\server\plugins\org.eclipse.equinox.launcher_1.7.0.v20250519-0528.jar -configuration c:\Users\Technyx\AppData\Roaming\Code\User\globalStorage\redhat.java\1.45.0\config_win -data c:\Users\Technyx\AppData\Roaming\Code\User\workspaceStorage\b6574fec2badbdb96867a97d384b210d\redhat.java\jdt_ws --pipe=\\.\pipe\lsp-cad91cac019182690842b8a7f1d38754-sock

Host: AMD Ryzen 5 5500U with Radeon Graphics         , 12 cores, 15G,  Windows 11 , 64 bit Build 26100 (10.0.26100.6725)
Time: Wed Oct  1 17:52:51 2025 Pakistan Standard Time elapsed time: 198.409954 seconds (0d 0h 3m 18s)

---------------  T H R E A D  ---------------

Current thread (0x00000268714b1fd0):  JavaThread "Attach Listener" daemon [_thread_in_vm, id=4828, stack(0x000000c6e0700000,0x000000c6e0800000) (1024K)]

Stack: [0x000000c6e0700000,0x000000c6e0800000]
Native frames: (J=compiled Java code, j=interpreted, Vv=VM code, C=native code)
V  [jvm.dll+0x6d2449]
V  [jvm.dll+0x8ae341]
V  [jvm.dll+0x8b08be]
V  [jvm.dll+0x8b0fa3]
V  [jvm.dll+0x280c96]
V  [jvm.dll+0xc0347]
V  [jvm.dll+0x6d2cf9]
V  [jvm.dll+0x131116]
V  [jvm.dll+0x3f2d16]
V  [jvm.dll+0x857e6b]
V  [jvm.dll+0x6d0b0d]
C  [ucrtbase.dll+0x37b0]
C  [KERNEL32.DLL+0x2e8d7]
C  [ntdll.dll+0x8c53c]


---------------  P R O C E S S  ---------------

Threads class SMR info:
_java_thread_list=0x000002687a3c2740, length=82, elements={
0x00000268596d0800, 0x00000268701525a0, 0x00000268701534b0, 0x000002687015b1e0,
0x00000268714b1fd0, 0x00000268714b3ee0, 0x00000268714b5df0, 0x00000268714bd390,
0x00000268714c9ac0, 0x00000268715af040, 0x0000026872473610, 0x0000026872c18400,
0x00000268717d9820, 0x0000026871865780, 0x00000268727f9830, 0x00000268773716f0,
0x0000026871502d00, 0x0000026872863940, 0x0000026872864cf0, 0x00000268728632b0,
0x00000268797ac3c0, 0x00000268797aca50, 0x00000268797abd30, 0x00000268797a9c60,
0x00000268797ad770, 0x00000268797ab010, 0x00000268797aa980, 0x00000268797aa2f0,
0x00000268797afed0, 0x00000268797aeb20, 0x00000268797af1b0, 0x00000268797af840,
0x00000268797b0560, 0x00000268797b0bf0, 0x00000268797b1280, 0x00000268797ade00,
0x00000268797ae490, 0x0000026879ea2ff0, 0x0000026879ea3d10, 0x0000026879ea2960,
0x000002687aee78b0, 0x000002687aee6500, 0x000002687aeea010, 0x000002687aeea6a0,
0x000002687aeead30, 0x000002687aeeb3c0, 0x000002687aeec770, 0x000002687aeeba50,
0x000002687aee92f0, 0x000002687aeece00, 0x000002687aeed490, 0x000002687babcd80,
0x000002687babd410, 0x000002687babb340, 0x000002687bab9f90, 0x000002687babb9d0,
0x000002687babdaa0, 0x000002687baba620, 0x000002687babc060, 0x000002687babe130,
0x000002687babacb0, 0x000002687babfb70, 0x000002687bac0200, 0x000002687babe7c0,
0x000002687babee50, 0x000002687bac0f20, 0x000002687babf4e0, 0x000002687bac0890,
0x0000026879ea43a0, 0x0000026872863fd0, 0x000002687aeedb20, 0x000002687be4bb00,
0x000002687be4c820, 0x000002687be4dbd0, 0x000002687be4e260, 0x000002687be4ef80,
0x000002687be4e8f0, 0x000002687be4d540, 0x000002687be4c190, 0x000002687be53120,
0x000002687be51d70, 0x000002687be4fca0
}

Java Threads: ( => current thread )
  0x00000268596d0800 JavaThread "main"                              [_thread_blocked, id=11060, stack(0x000000c6e0000000,0x000000c6e0100000) (1024K)]
  0x00000268701525a0 JavaThread "Reference Handler"          daemon [_thread_blocked, id=6068, stack(0x000000c6e0400000,0x000000c6e0500000) (1024K)]
  0x00000268701534b0 JavaThread "Finalizer"                  daemon [_thread_blocked, id=9304, stack(0x000000c6e0500000,0x000000c6e0600000) (1024K)]
  0x000002687015b1e0 JavaThread "Signal Dispatcher"          daemon [_thread_blocked, id=11772, stack(0x000000c6e0600000,0x000000c6e0700000) (1024K)]
=>0x00000268714b1fd0 JavaThread "Attach Listener"            daemon [_thread_in_vm, id=4828, stack(0x000000c6e0700000,0x000000c6e0800000) (1024K)]
  0x00000268714b3ee0 JavaThread "Service Thread"             daemon [_thread_blocked, id=23804, stack(0x000000c6e0800000,0x000000c6e0900000) (1024K)]
  0x00000268714b5df0 JavaThread "Monitor Deflation Thread"   daemon [_thread_blocked, id=28212, stack(0x000000c6e0900000,0x000000c6e0a00000) (1024K)]
  0x00000268714bd390 JavaThread "C2 CompilerThread0"         daemon [_thread_blocked, id=11916, stack(0x000000c6e0a00000,0x000000c6e0b00000) (1024K)]
  0x00000268714c9ac0 JavaThread "C1 CompilerThread0"         daemon [_thread_blocked, id=11696, stack(0x000000c6e0b00000,0x000000c6e0c00000) (1024K)]
  0x00000268715af040 JavaThread "Common-Cleaner"             daemon [_thread_blocked, id=14908, stack(0x000000c6e0c00000,0x000000c6e0d00000) (1024K)]
  0x0000026872473610 JavaThread "Notification Thread"        daemon [_thread_blocked, id=8560, stack(0x000000c6e0e00000,0x000000c6e0f00000) (1024K)]
  0x0000026872c18400 JavaThread "Active Thread: Equinox Container: b14bdc49-42c7-4613-9e2c-fce3854505df"        [_thread_blocked, id=8228, stack(0x000000c6e0f00000,0x000000c6e1000000) (1024K)]
  0x00000268717d9820 JavaThread "Refresh Thread: Equinox Container: b14bdc49-42c7-4613-9e2c-fce3854505df" daemon [_thread_blocked, id=21664, stack(0x000000c6e0d00000,0x000000c6e0e00000) (1024K)]
  0x0000026871865780 JavaThread "Framework Event Dispatcher: Equinox Container: b14bdc49-42c7-4613-9e2c-fce3854505df" daemon [_thread_blocked, id=18844, stack(0x000000c6e1700000,0x000000c6e1800000) (1024K)]
  0x00000268727f9830 JavaThread "Start Level: Equinox Container: b14bdc49-42c7-4613-9e2c-fce3854505df" daemon [_thread_blocked, id=3976, stack(0x000000c6e1800000,0x000000c6e1900000) (1024K)]
  0x00000268773716f0 JavaThread "Bundle File Closer"         daemon [_thread_blocked, id=23496, stack(0x000000c6e1c00000,0x000000c6e1d00000) (1024K)]
  0x0000026871502d00 JavaThread "SCR Component Actor"        daemon [_thread_blocked, id=23540, stack(0x000000c6e1900000,0x000000c6e1a00000) (1024K)]
  0x0000026872863940 JavaThread "Worker-JM"                         [_thread_blocked, id=7048, stack(0x000000c6e1f00000,0x000000c6e2000000) (1024K)]
  0x0000026872864cf0 JavaThread "JNA Cleaner"                daemon [_thread_blocked, id=9256, stack(0x000000c6e2000000,0x000000c6e2100000) (1024K)]
  0x00000268728632b0 JavaThread "Java indexing"              daemon [_thread_blocked, id=19832, stack(0x000000c6e2400000,0x000000c6e2500000) (1024K)]
  0x00000268797ac3c0 JavaThread "Worker-3"                          [_thread_blocked, id=21096, stack(0x000000c6e2500000,0x000000c6e2600000) (1024K)]
  0x00000268797aca50 JavaThread "Worker-6"                          [_thread_blocked, id=27228, stack(0x000000c6e2a00000,0x000000c6e2b00000) (1024K)]
  0x00000268797abd30 JavaThread "Thread-2"                   daemon [_thread_in_native, id=27964, stack(0x000000c6e2b00000,0x000000c6e2c00000) (1024K)]
  0x00000268797a9c60 JavaThread "Thread-3"                   daemon [_thread_in_native, id=22664, stack(0x000000c6e2c00000,0x000000c6e2d00000) (1024K)]
  0x00000268797ad770 JavaThread "Thread-4"                   daemon [_thread_in_native, id=23460, stack(0x000000c6e2d00000,0x000000c6e2e00000) (1024K)]
  0x00000268797ab010 JavaThread "Thread-5"                   daemon [_thread_in_native, id=24096, stack(0x000000c6e2e00000,0x000000c6e2f00000) (1024K)]
  0x00000268797aa980 JavaThread "Thread-6"                   daemon [_thread_in_native, id=8460, stack(0x000000c6e2f00000,0x000000c6e3000000) (1024K)]
  0x00000268797aa2f0 JavaThread "Thread-7"                   daemon [_thread_in_native, id=22580, stack(0x000000c6e3000000,0x000000c6e3100000) (1024K)]
  0x00000268797afed0 JavaThread "Thread-8"                   daemon [_thread_in_native, id=23164, stack(0x000000c6e3100000,0x000000c6e3200000) (1024K)]
  0x00000268797aeb20 JavaThread "Thread-9"                   daemon [_thread_in_native, id=22652, stack(0x000000c6e3200000,0x000000c6e3300000) (1024K)]
  0x00000268797af1b0 JavaThread "Thread-10"                  daemon [_thread_in_native, id=14988, stack(0x000000c6e3300000,0x000000c6e3400000) (1024K)]
  0x00000268797af840 JavaThread "Thread-11"                  daemon [_thread_in_native, id=27732, stack(0x000000c6e3400000,0x000000c6e3500000) (1024K)]
  0x00000268797b0560 JavaThread "Thread-12"                  daemon [_thread_in_native, id=10480, stack(0x000000c6e3500000,0x000000c6e3600000) (1024K)]
  0x00000268797b0bf0 JavaThread "Thread-13"                  daemon [_thread_in_native, id=23560, stack(0x000000c6e3600000,0x000000c6e3700000) (1024K)]
  0x00000268797b1280 JavaThread "Thread-14"                  daemon [_thread_in_native, id=20424, stack(0x000000c6e3700000,0x000000c6e3800000) (1024K)]
  0x00000268797ade00 JavaThread "pool-2-thread-1"                   [_thread_blocked, id=14392, stack(0x000000c6e3800000,0x000000c6e3900000) (1024K)]
  0x00000268797ae490 JavaThread "Timer-0"                           [_thread_blocked, id=21280, stack(0x000000c6e3900000,0x000000c6e3a00000) (1024K)]
  0x0000026879ea2ff0 JavaThread "WorkspaceEventsHandler"            [_thread_blocked, id=22300, stack(0x000000c6e3a00000,0x000000c6e3b00000) (1024K)]
  0x0000026879ea3d10 JavaThread "pool-1-thread-1"                   [_thread_blocked, id=15732, stack(0x000000c6e3b00000,0x000000c6e3c00000) (1024K)]
  0x0000026879ea2960 JavaThread "Timer-1"                           [_thread_blocked, id=9832, stack(0x000000c6e3d00000,0x000000c6e3e00000) (1024K)]
  0x000002687aee78b0 JavaThread "Timer-2"                           [_thread_blocked, id=22452, stack(0x000000c6e3f00000,0x000000c6e4000000) (1024K)]
  0x000002687aee6500 JavaThread "Timer-3"                           [_thread_blocked, id=5888, stack(0x000000c6e3e00000,0x000000c6e3f00000) (1024K)]
  0x000002687aeea010 JavaThread "Timer-4"                           [_thread_blocked, id=22440, stack(0x000000c6e4000000,0x000000c6e4100000) (1024K)]
  0x000002687aeea6a0 JavaThread "Timer-5"                           [_thread_blocked, id=5932, stack(0x000000c6e4300000,0x000000c6e4400000) (1024K)]
  0x000002687aeead30 JavaThread "Timer-6"                           [_thread_blocked, id=22900, stack(0x000000c6e4400000,0x000000c6e4500000) (1024K)]
  0x000002687aeeb3c0 JavaThread "Timer-7"                           [_thread_blocked, id=24084, stack(0x000000c6e4500000,0x000000c6e4600000) (1024K)]
  0x000002687aeec770 JavaThread "Timer-8"                           [_thread_blocked, id=21480, stack(0x000000c6e1e00000,0x000000c6e1f00000) (1024K)]
  0x000002687aeeba50 JavaThread "Timer-9"                           [_thread_blocked, id=6348, stack(0x000000c6e4600000,0x000000c6e4700000) (1024K)]
  0x000002687aee92f0 JavaThread "ForkJoinPool.commonPool-worker-1" daemon [_thread_blocked, id=23104, stack(0x000000c6dff00000,0x000000c6e0000000) (1024K)]
  0x000002687aeece00 JavaThread "Timer-10"                          [_thread_blocked, id=13720, stack(0x000000c6e4800000,0x000000c6e4900000) (1024K)]
  0x000002687aeed490 JavaThread "Timer-11"                          [_thread_blocked, id=19616, stack(0x000000c6e4a00000,0x000000c6e4b00000) (1024K)]
  0x000002687babcd80 JavaThread "LocalFile Deleter"          daemon [_thread_blocked, id=16932, stack(0x000000c6dfe00000,0x000000c6dff00000) (1024K)]
  0x000002687babd410 JavaThread "LocalFile Deleter"          daemon [_thread_blocked, id=23636, stack(0x000000c6e4900000,0x000000c6e4a00000) (1024K)]
  0x000002687babb340 JavaThread "LocalFile Deleter"          daemon [_thread_blocked, id=27632, stack(0x000000c6e4b00000,0x000000c6e4c00000) (1024K)]
  0x000002687bab9f90 JavaThread "LocalFile Deleter"          daemon [_thread_blocked, id=25120, stack(0x000000c6e4c00000,0x000000c6e4d00000) (1024K)]
  0x000002687babb9d0 JavaThread "LocalFile Deleter"          daemon [_thread_blocked, id=23196, stack(0x000000c6e4d00000,0x000000c6e4e00000) (1024K)]
  0x000002687babdaa0 JavaThread "LocalFile Deleter"          daemon [_thread_blocked, id=24980, stack(0x000000c6e4e00000,0x000000c6e4f00000) (1024K)]
  0x000002687baba620 JavaThread "LocalFile Deleter"          daemon [_thread_blocked, id=27428, stack(0x000000c6e4f00000,0x000000c6e5000000) (1024K)]
  0x000002687babc060 JavaThread "LocalFile Deleter"          daemon [_thread_blocked, id=28060, stack(0x000000c6e5000000,0x000000c6e5100000) (1024K)]
  0x000002687babe130 JavaThread "LocalFile Deleter"          daemon [_thread_blocked, id=23584, stack(0x000000c6e5100000,0x000000c6e5200000) (1024K)]
  0x000002687babacb0 JavaThread "LocalFile Deleter"          daemon [_thread_blocked, id=28428, stack(0x000000c6e5200000,0x000000c6e5300000) (1024K)]
  0x000002687babfb70 JavaThread "LocalFile Deleter"          daemon [_thread_blocked, id=2100, stack(0x000000c6e5300000,0x000000c6e5400000) (1024K)]
  0x000002687bac0200 JavaThread "Compiler Source File Reader" daemon [_thread_blocked, id=15056, stack(0x000000c6e5400000,0x000000c6e5500000) (1024K)]
  0x000002687babe7c0 JavaThread "Compiler Source File Reader" daemon [_thread_blocked, id=26768, stack(0x000000c6e5500000,0x000000c6e5600000) (1024K)]
  0x000002687babee50 JavaThread "Compiler Source File Reader" daemon [_thread_blocked, id=25812, stack(0x000000c6e5600000,0x000000c6e5700000) (1024K)]
  0x000002687bac0f20 JavaThread "Compiler Source File Reader" daemon [_thread_blocked, id=7176, stack(0x000000c6e5700000,0x000000c6e5800000) (1024K)]
  0x000002687babf4e0 JavaThread "Compiler Source File Reader" daemon [_thread_blocked, id=24572, stack(0x000000c6e5800000,0x000000c6e5900000) (1024K)]
  0x000002687bac0890 JavaThread "Compiler Source File Reader" daemon [_thread_blocked, id=11956, stack(0x000000c6e5900000,0x000000c6e5a00000) (1024K)]
  0x0000026879ea43a0 JavaThread "Compiler Source File Reader" daemon [_thread_blocked, id=20924, stack(0x000000c6e5a00000,0x000000c6e5b00000) (1024K)]
  0x0000026872863fd0 JavaThread "Compiler Source File Reader" daemon [_thread_blocked, id=8588, stack(0x000000c6e5b00000,0x000000c6e5c00000) (1024K)]
  0x000002687aeedb20 JavaThread "Compiler Source File Reader" daemon [_thread_blocked, id=5024, stack(0x000000c6e5c00000,0x000000c6e5d00000) (1024K)]
  0x000002687be4bb00 JavaThread "Compiler Source File Reader" daemon [_thread_blocked, id=8212, stack(0x000000c6e5d00000,0x000000c6e5e00000) (1024K)]
  0x000002687be4c820 JavaThread "Compiler Class File Writer" daemon [_thread_blocked, id=8236, stack(0x000000c6e6100000,0x000000c6e6200000) (1024K)]
  0x000002687be4dbd0 JavaThread "Compiler Class File Writer" daemon [_thread_blocked, id=15144, stack(0x000000c6e6200000,0x000000c6e6300000) (1024K)]
  0x000002687be4e260 JavaThread "Compiler Class File Writer" daemon [_thread_blocked, id=24952, stack(0x000000c6e6300000,0x000000c6e6400000) (1024K)]
  0x000002687be4ef80 JavaThread "Compiler Class File Writer" daemon [_thread_blocked, id=14832, stack(0x000000c6e6400000,0x000000c6e6500000) (1024K)]
  0x000002687be4e8f0 JavaThread "Compiler Class File Writer" daemon [_thread_blocked, id=2680, stack(0x000000c6e6500000,0x000000c6e6600000) (1024K)]
  0x000002687be4d540 JavaThread "Compiler Class File Writer" daemon [_thread_blocked, id=28116, stack(0x000000c6e6600000,0x000000c6e6700000) (1024K)]
  0x000002687be4c190 JavaThread "Compiler Class File Writer" daemon [_thread_blocked, id=27276, stack(0x000000c6e6700000,0x000000c6e6800000) (1024K)]
  0x000002687be53120 JavaThread "Compiler Class File Writer" daemon [_thread_blocked, id=18768, stack(0x000000c6e6800000,0x000000c6e6900000) (1024K)]
  0x000002687be51d70 JavaThread "Compiler Class File Writer" daemon [_thread_blocked, id=2644, stack(0x000000c6e6900000,0x000000c6e6a00000) (1024K)]
  0x000002687be4fca0 JavaThread "Compiler Class File Writer" daemon [_thread_blocked, id=27496, stack(0x000000c6e6a00000,0x000000c6e6b00000) (1024K)]
Total: 82

Other Threads:
  0x0000026870144960 VMThread "VM Thread"                           [id=27996, stack(0x000000c6e0300000,0x000000c6e0400000) (1024K)]
  0x000002687003ca00 WatcherThread "VM Periodic Task Thread"        [id=1092, stack(0x000000c6e0200000,0x000000c6e0300000) (1024K)]
  0x00000268596ef880 WorkerThread "GC Thread#0"                     [id=26096, stack(0x000000c6e0100000,0x000000c6e0200000) (1024K)]
  0x0000026872a20c80 WorkerThread "GC Thread#1"                     [id=14876, stack(0x000000c6e1000000,0x000000c6e1100000) (1024K)]
  0x0000026877207ab0 WorkerThread "GC Thread#2"                     [id=1372, stack(0x000000c6e1100000,0x000000c6e1200000) (1024K)]
  0x0000026877208260 WorkerThread "GC Thread#3"                     [id=25532, stack(0x000000c6e1200000,0x000000c6e1300000) (1024K)]
  0x0000026877208600 WorkerThread "GC Thread#4"                     [id=14328, stack(0x000000c6e1300000,0x000000c6e1400000) (1024K)]
  0x00000268772089a0 WorkerThread "GC Thread#5"                     [id=26688, stack(0x000000c6e1400000,0x000000c6e1500000) (1024K)]
  0x000002687275f7d0 WorkerThread "GC Thread#6"                     [id=5496, stack(0x000000c6e1500000,0x000000c6e1600000) (1024K)]
  0x0000026877099e50 WorkerThread "GC Thread#7"                     [id=11596, stack(0x000000c6e1600000,0x000000c6e1700000) (1024K)]
  0x00000268727f6c70 WorkerThread "GC Thread#8"                     [id=18864, stack(0x000000c6e1a00000,0x000000c6e1b00000) (1024K)]
  0x00000268727f7750 WorkerThread "GC Thread#9"                     [id=16084, stack(0x000000c6e1b00000,0x000000c6e1c00000) (1024K)]
Total: 12

Threads with active compile tasks:
Total: 0

VM state: not at safepoint (normal execution)

VM Mutex/Monitor currently owned by a thread: None

Heap address: 0x0000000080000000, size: 2048 MB, Compressed Oops mode: 32-bit

CDS archive(s) mapped at: [0x0000026800000000-0x0000026800ba0000-0x0000026800ba0000), size 12189696, SharedBaseAddress: 0x0000026800000000, ArchiveRelocationMode: 1.
Compressed class space mapped at: 0x0000026801000000-0x0000026841000000, reserved size: 1073741824
Narrow klass base: 0x0000026800000000, Narrow klass shift: 0, Narrow klass range: 0x100000000

GC Precious Log:
 CardTable entry size: 512
 CPUs: 12 total, 12 available
 Memory: 15693M
 Large Page Support: Disabled
 NUMA Support: Disabled
 Compressed Oops: Enabled (32-bit)
 Alignments: Space 512K, Generation 512K, Heap 2M
 Heap Min Capacity: 100M
 Heap Initial Capacity: 100M
 Heap Max Capacity: 2G
 Pre-touch: Disabled
 Parallel Workers: 10

Heap:
 PSYoungGen      total 5632K, used 4583K [0x00000000d5580000, 0x00000000d6180000, 0x0000000100000000)
  eden space 4608K, 80% used [0x00000000d5580000,0x00000000d5919e40,0x00000000d5a00000)
  from space 1024K, 87% used [0x00000000d5f80000,0x00000000d6060000,0x00000000d6080000)
  to   space 1024K, 0% used [0x00000000d6080000,0x00000000d6080000,0x00000000d6180000)
 ParOldGen       total 423424K, used 311092K [0x0000000080000000, 0x0000000099d80000, 0x00000000d5580000)
  object space 423424K, 73% used [0x0000000080000000,0x0000000092fcd3a8,0x0000000099d80000)
 Metaspace       used 76507K, committed 78080K, reserved 1179648K
  class space    used 9217K, committed 9920K, reserved 1048576K

Card table byte_map: [0x0000026859060000,0x0000026859470000] _byte_map_base: 0x0000026858c60000

Marking Bits: (ParMarkBitMap*) 0x00007ffba310a340
 Begin Bits: [0x000002686bb60000, 0x000002686db60000)
 End Bits:   [0x000002686db60000, 0x000002686fb60000)

Polling page: 0x00000268578a0000

Metaspace:

Usage:
  Non-class:     65.71 MB used.
      Class:      9.00 MB used.
       Both:     74.71 MB used.

Virtual space:
  Non-class space:      128.00 MB reserved,      66.56 MB ( 52%) committed,  2 nodes.
      Class space:        1.00 GB reserved,       9.69 MB ( <1%) committed,  1 nodes.
             Both:        1.12 GB reserved,      76.25 MB (  7%) committed. 

Chunk freelists:
   Non-Class:  13.31 MB
       Class:  6.19 MB
        Both:  19.50 MB

MaxMetaspaceSize: unlimited
CompressedClassSpaceSize: 1.00 GB
Initial GC threshold: 21.00 MB
Current GC threshold: 97.31 MB
CDS: on
 - commit_granule_bytes: 65536.
 - commit_granule_words: 8192.
 - virtual_space_node_default_size: 8388608.
 - enlarge_chunks_in_place: 1.
 - use_allocation_guard: 0.


Internal statistics:

num_allocs_failed_limit: 9.
num_arena_births: 1354.
num_arena_deaths: 14.
num_vsnodes_births: 3.
num_vsnodes_deaths: 0.
num_space_committed: 1220.
num_space_uncommitted: 0.
num_chunks_returned_to_freelist: 23.
num_chunks_taken_from_freelist: 4830.
num_chunk_merges: 10.
num_chunk_splits: 3042.
num_chunks_enlarged: 1815.
num_inconsistent_stats: 0.

CodeHeap 'non-profiled nmethods': size=120000Kb used=10535Kb max_used=10535Kb free=109465Kb
 bounds [0x0000026864380000, 0x0000026864dd0000, 0x000002686b8b0000]
CodeHeap 'profiled nmethods': size=120000Kb used=23334Kb max_used=23334Kb free=96665Kb
 bounds [0x000002685c8b0000, 0x000002685df80000, 0x0000026863de0000]
CodeHeap 'non-nmethods': size=5760Kb used=1441Kb max_used=1508Kb free=4318Kb
 bounds [0x0000026863de0000, 0x0000026864050000, 0x0000026864380000]
CodeCache: size=245760Kb, used=35310Kb, max_used=35377Kb, free=210448Kb
 total_blobs=11976, nmethods=11218, adapters=664, full_count=0
Compilation: enabled, stopped_count=0, restarted_count=0

Compilation events (20 events):
Event: 106.758 Thread 0x000002687ace8100 nmethod 12111 0x0000026864dbec90 code [0x0000026864dbef00, 0x0000026864dbfc20]
Event: 106.758 Thread 0x000002687ace8100 12119       4       java.util.HashMap::computeIfAbsent (330 bytes)
Event: 106.758 Thread 0x00000268714c9ac0 nmethod 12121 0x000002685df77310 code [0x000002685df774e0, 0x000002685df77898]
Event: 106.758 Thread 0x00000268714c9ac0 12122       3       org.eclipse.core.internal.dtree.DeltaDataTree::getRootData (8 bytes)
Event: 106.758 Thread 0x00000268714c9ac0 nmethod 12122 0x000002685df77a10 code [0x000002685df77bc0, 0x000002685df77d68]
Event: 106.759 Thread 0x00000268714c9ac0 12124       3       org.eclipse.core.runtime.preferences.AbstractScope::getNode (37 bytes)
Event: 106.760 Thread 0x00000268714c9ac0 nmethod 12124 0x000002685df77e10 code [0x000002685df78040, 0x000002685df78790]
Event: 106.760 Thread 0x00000268714c9ac0 12125  s    3       jdk.internal.ref.Cleaner::remove (89 bytes)
Event: 106.760 Thread 0x00000268714c9ac0 nmethod 12125 0x000002685df78a10 code [0x000002685df78be0, 0x000002685df78fe0]
Event: 106.769 Thread 0x000002687ace8100 nmethod 12119 0x0000026864dc0710 code [0x0000026864dc0940, 0x0000026864dc13f8]
Event: 106.769 Thread 0x000002687ace8100 12120       4       org.eclipse.core.internal.dtree.AbstractDataTree::rootKey (4 bytes)
Event: 106.770 Thread 0x000002687ace8100 nmethod 12120 0x0000026864dc1c10 code [0x0000026864dc1da0, 0x0000026864dc1e10]
Event: 106.770 Thread 0x000002687ace8100 12123       4       org.eclipse.core.internal.resources.Project::isAccessible (5 bytes)
Event: 106.771 Thread 0x000002687ace8100 nmethod 12123 0x0000026864dc1f10 code [0x0000026864dc20a0, 0x0000026864dc21d0]
Event: 106.792 Thread 0x00000268714bd390 nmethod 12116 0x0000026864dc2390 code [0x0000026864dc2760, 0x0000026864dc4da8]
Event: 106.794 Thread 0x000002687ace7a30 nmethod 12118 0x0000026864dc6110 code [0x0000026864dc6460, 0x0000026864dc8660]
Event: 115.026 Thread 0x00000268714c9ac0 12126   !   3       java.lang.Object::wait (50 bytes)
Event: 115.027 Thread 0x00000268714c9ac0 nmethod 12126 0x000002685df79110 code [0x000002685df79320, 0x000002685df79888]
Event: 129.087 Thread 0x00000268714bd390 12127       4       java.util.TaskQueue::isEmpty (13 bytes)
Event: 129.088 Thread 0x00000268714bd390 nmethod 12127 0x0000026864dc9910 code [0x0000026864dc9aa0, 0x0000026864dc9b48]

GC Heap History (20 events):
Event: 104.381 GC heap before
{Heap before GC invocations=1055 (full 3):
 PSYoungGen      total 5120K, used 5120K [0x00000000d5580000, 0x00000000d6280000, 0x0000000100000000)
  eden space 2560K, 100% used [0x00000000d5580000,0x00000000d5800000,0x00000000d5800000)
  from space 2560K, 100% used [0x00000000d5800000,0x00000000d5a80000,0x00000000d5a80000)
  to   space 5120K, 0% used [0x00000000d5d80000,0x00000000d5d80000,0x00000000d6280000)
 ParOldGen       total 423424K, used 297435K [0x0000000080000000, 0x0000000099d80000, 0x00000000d5580000)
  object space 423424K, 70% used [0x0000000080000000,0x0000000092276cf8,0x0000000099d80000)
 Metaspace       used 76283K, committed 77760K, reserved 1179648K
  class space    used 9201K, committed 9856K, reserved 1048576K
}
Event: 104.386 GC heap after
{Heap after GC invocations=1055 (full 3):
 PSYoungGen      total 5632K, used 2528K [0x00000000d5580000, 0x00000000d6000000, 0x0000000100000000)
  eden space 3072K, 0% used [0x00000000d5580000,0x00000000d5580000,0x00000000d5880000)
  from space 2560K, 98% used [0x00000000d5d80000,0x00000000d5ff8000,0x00000000d6000000)
  to   space 3584K, 0% used [0x00000000d5900000,0x00000000d5900000,0x00000000d5c80000)
 ParOldGen       total 423424K, used 300003K [0x0000000080000000, 0x0000000099d80000, 0x00000000d5580000)
  object space 423424K, 70% used [0x0000000080000000,0x00000000924f8cf8,0x0000000099d80000)
 Metaspace       used 76283K, committed 77760K, reserved 1179648K
  class space    used 9201K, committed 9856K, reserved 1048576K
}
Event: 104.408 GC heap before
{Heap before GC invocations=1056 (full 3):
 PSYoungGen      total 5632K, used 5265K [0x00000000d5580000, 0x00000000d6000000, 0x0000000100000000)
  eden space 3072K, 89% used [0x00000000d5580000,0x00000000d582c688,0x00000000d5880000)
  from space 2560K, 98% used [0x00000000d5d80000,0x00000000d5ff8000,0x00000000d6000000)
  to   space 3584K, 0% used [0x00000000d5900000,0x00000000d5900000,0x00000000d5c80000)
 ParOldGen       total 423424K, used 300003K [0x0000000080000000, 0x0000000099d80000, 0x00000000d5580000)
  object space 423424K, 70% used [0x0000000080000000,0x00000000924f8cf8,0x0000000099d80000)
 Metaspace       used 76283K, committed 77760K, reserved 1179648K
  class space    used 9201K, committed 9856K, reserved 1048576K
}
Event: 104.412 GC heap after
{Heap after GC invocations=1056 (full 3):
 PSYoungGen      total 7168K, used 2513K [0x00000000d5580000, 0x00000000d5f80000, 0x0000000100000000)
  eden space 3584K, 0% used [0x00000000d5580000,0x00000000d5580000,0x00000000d5900000)
  from space 3584K, 70% used [0x00000000d5900000,0x00000000d5b747b0,0x00000000d5c80000)
  to   space 3072K, 0% used [0x00000000d5c80000,0x00000000d5c80000,0x00000000d5f80000)
 ParOldGen       total 423424K, used 302427K [0x0000000080000000, 0x0000000099d80000, 0x00000000d5580000)
  object space 423424K, 71% used [0x0000000080000000,0x0000000092756cf8,0x0000000099d80000)
 Metaspace       used 76283K, committed 77760K, reserved 1179648K
  class space    used 9201K, committed 9856K, reserved 1048576K
}
Event: 104.475 GC heap before
{Heap before GC invocations=1057 (full 3):
 PSYoungGen      total 7168K, used 5359K [0x00000000d5580000, 0x00000000d5f80000, 0x0000000100000000)
  eden space 3584K, 79% used [0x00000000d5580000,0x00000000d58474d8,0x00000000d5900000)
  from space 3584K, 70% used [0x00000000d5900000,0x00000000d5b747b0,0x00000000d5c80000)
  to   space 3072K, 0% used [0x00000000d5c80000,0x00000000d5c80000,0x00000000d5f80000)
 ParOldGen       total 423424K, used 302427K [0x0000000080000000, 0x0000000099d80000, 0x00000000d5580000)
  object space 423424K, 71% used [0x0000000080000000,0x0000000092756cf8,0x0000000099d80000)
 Metaspace       used 76286K, committed 77760K, reserved 1179648K
  class space    used 9201K, committed 9856K, reserved 1048576K
}
Event: 104.480 GC heap after
{Heap after GC invocations=1057 (full 3):
 PSYoungGen      total 7168K, used 2307K [0x00000000d5580000, 0x00000000d5f00000, 0x0000000100000000)
  eden space 4608K, 0% used [0x00000000d5580000,0x00000000d5580000,0x00000000d5a00000)
  from space 2560K, 90% used [0x00000000d5c80000,0x00000000d5ec0f50,0x00000000d5f00000)
  to   space 2560K, 0% used [0x00000000d5a00000,0x00000000d5a00000,0x00000000d5c80000)
 ParOldGen       total 423424K, used 304219K [0x0000000080000000, 0x0000000099d80000, 0x00000000d5580000)
  object space 423424K, 71% used [0x0000000080000000,0x0000000092916cf8,0x0000000099d80000)
 Metaspace       used 76286K, committed 77760K, reserved 1179648K
  class space    used 9201K, committed 9856K, reserved 1048576K
}
Event: 104.603 GC heap before
{Heap before GC invocations=1058 (full 3):
 PSYoungGen      total 7168K, used 6915K [0x00000000d5580000, 0x00000000d5f00000, 0x0000000100000000)
  eden space 4608K, 99% used [0x00000000d5580000,0x00000000d59ffeb8,0x00000000d5a00000)
  from space 2560K, 90% used [0x00000000d5c80000,0x00000000d5ec0f50,0x00000000d5f00000)
  to   space 2560K, 0% used [0x00000000d5a00000,0x00000000d5a00000,0x00000000d5c80000)
 ParOldGen       total 423424K, used 304219K [0x0000000080000000, 0x0000000099d80000, 0x00000000d5580000)
  object space 423424K, 71% used [0x0000000080000000,0x0000000092916cf8,0x0000000099d80000)
 Metaspace       used 76289K, committed 77760K, reserved 1179648K
  class space    used 9201K, committed 9856K, reserved 1048576K
}
Event: 104.611 GC heap after
{Heap after GC invocations=1058 (full 3):
 PSYoungGen      total 7168K, used 2535K [0x00000000d5580000, 0x00000000d6900000, 0x0000000100000000)
  eden space 4608K, 0% used [0x00000000d5580000,0x00000000d5580000,0x00000000d5a00000)
  from space 2560K, 99% used [0x00000000d5a00000,0x00000000d5c79ea0,0x00000000d5c80000)
  to   space 7680K, 0% used [0x00000000d6180000,0x00000000d6180000,0x00000000d6900000)
 ParOldGen       total 423424K, used 308450K [0x0000000080000000, 0x0000000099d80000, 0x00000000d5580000)
  object space 423424K, 72% used [0x0000000080000000,0x0000000092d38b98,0x0000000099d80000)
 Metaspace       used 76289K, committed 77760K, reserved 1179648K
  class space    used 9201K, committed 9856K, reserved 1048576K
}
Event: 104.938 GC heap before
{Heap before GC invocations=1059 (full 3):
 PSYoungGen      total 7168K, used 7143K [0x00000000d5580000, 0x00000000d6900000, 0x0000000100000000)
  eden space 4608K, 99% used [0x00000000d5580000,0x00000000d59fffc8,0x00000000d5a00000)
  from space 2560K, 99% used [0x00000000d5a00000,0x00000000d5c79ea0,0x00000000d5c80000)
  to   space 7680K, 0% used [0x00000000d6180000,0x00000000d6180000,0x00000000d6900000)
 ParOldGen       total 423424K, used 308450K [0x0000000080000000, 0x0000000099d80000, 0x00000000d5580000)
  object space 423424K, 72% used [0x0000000080000000,0x0000000092d38b98,0x0000000099d80000)
 Metaspace       used 76415K, committed 77888K, reserved 1179648K
  class space    used 9215K, committed 9856K, reserved 1048576K
}
Event: 104.941 GC heap after
{Heap after GC invocations=1059 (full 3):
 PSYoungGen      total 5120K, used 406K [0x00000000d5580000, 0x00000000d6200000, 0x0000000100000000)
  eden space 4608K, 0% used [0x00000000d5580000,0x00000000d5580000,0x00000000d5a00000)
  from space 512K, 79% used [0x00000000d6180000,0x00000000d61e58c0,0x00000000d6200000)
  to   space 3072K, 0% used [0x00000000d5c00000,0x00000000d5c00000,0x00000000d5f00000)
 ParOldGen       total 423424K, used 309910K [0x0000000080000000, 0x0000000099d80000, 0x00000000d5580000)
  object space 423424K, 73% used [0x0000000080000000,0x0000000092ea5ae8,0x0000000099d80000)
 Metaspace       used 76415K, committed 77888K, reserved 1179648K
  class space    used 9215K, committed 9856K, reserved 1048576K
}
Event: 105.327 GC heap before
{Heap before GC invocations=1060 (full 3):
 PSYoungGen      total 5120K, used 5014K [0x00000000d5580000, 0x00000000d6200000, 0x0000000100000000)
  eden space 4608K, 100% used [0x00000000d5580000,0x00000000d5a00000,0x00000000d5a00000)
  from space 512K, 79% used [0x00000000d6180000,0x00000000d61e58c0,0x00000000d6200000)
  to   space 3072K, 0% used [0x00000000d5c00000,0x00000000d5c00000,0x00000000d5f00000)
 ParOldGen       total 423424K, used 309910K [0x0000000080000000, 0x0000000099d80000, 0x00000000d5580000)
  object space 423424K, 73% used [0x0000000080000000,0x0000000092ea5ae8,0x0000000099d80000)
 Metaspace       used 76441K, committed 77888K, reserved 1179648K
  class space    used 9215K, committed 9856K, reserved 1048576K
}
Event: 105.328 GC heap after
{Heap after GC invocations=1060 (full 3):
 PSYoungGen      total 7680K, used 320K [0x00000000d5580000, 0x00000000d6200000, 0x0000000100000000)
  eden space 4608K, 0% used [0x00000000d5580000,0x00000000d5580000,0x00000000d5a00000)
  from space 3072K, 10% used [0x00000000d5c00000,0x00000000d5c50000,0x00000000d5f00000)
  to   space 1024K, 0% used [0x00000000d6100000,0x00000000d6100000,0x00000000d6200000)
 ParOldGen       total 423424K, used 310164K [0x0000000080000000, 0x0000000099d80000, 0x00000000d5580000)
  object space 423424K, 73% used [0x0000000080000000,0x0000000092ee53a8,0x0000000099d80000)
 Metaspace       used 76441K, committed 77888K, reserved 1179648K
  class space    used 9215K, committed 9856K, reserved 1048576K
}
Event: 105.690 GC heap before
{Heap before GC invocations=1061 (full 3):
 PSYoungGen      total 7680K, used 4927K [0x00000000d5580000, 0x00000000d6200000, 0x0000000100000000)
  eden space 4608K, 99% used [0x00000000d5580000,0x00000000d59fffa8,0x00000000d5a00000)
  from space 3072K, 10% used [0x00000000d5c00000,0x00000000d5c50000,0x00000000d5f00000)
  to   space 1024K, 0% used [0x00000000d6100000,0x00000000d6100000,0x00000000d6200000)
 ParOldGen       total 423424K, used 310164K [0x0000000080000000, 0x0000000099d80000, 0x00000000d5580000)
  object space 423424K, 73% used [0x0000000080000000,0x0000000092ee53a8,0x0000000099d80000)
 Metaspace       used 76483K, committed 77952K, reserved 1179648K
  class space    used 9215K, committed 9856K, reserved 1048576K
}
Event: 105.691 GC heap after
{Heap after GC invocations=1061 (full 3):
 PSYoungGen      total 5120K, used 320K [0x00000000d5580000, 0x00000000d6180000, 0x0000000100000000)
  eden space 4608K, 0% used [0x00000000d5580000,0x00000000d5580000,0x00000000d5a00000)
  from space 512K, 62% used [0x00000000d6100000,0x00000000d6150000,0x00000000d6180000)
  to   space 512K, 0% used [0x00000000d6080000,0x00000000d6080000,0x00000000d6100000)
 ParOldGen       total 423424K, used 310244K [0x0000000080000000, 0x0000000099d80000, 0x00000000d5580000)
  object space 423424K, 73% used [0x0000000080000000,0x0000000092ef93a8,0x0000000099d80000)
 Metaspace       used 76483K, committed 77952K, reserved 1179648K
  class space    used 9215K, committed 9856K, reserved 1048576K
}
Event: 105.742 GC heap before
{Heap before GC invocations=1062 (full 3):
 PSYoungGen      total 5120K, used 4927K [0x00000000d5580000, 0x00000000d6180000, 0x0000000100000000)
  eden space 4608K, 99% used [0x00000000d5580000,0x00000000d59ffe38,0x00000000d5a00000)
  from space 512K, 62% used [0x00000000d6100000,0x00000000d6150000,0x00000000d6180000)
  to   space 512K, 0% used [0x00000000d6080000,0x00000000d6080000,0x00000000d6100000)
 ParOldGen       total 423424K, used 310244K [0x0000000080000000, 0x0000000099d80000, 0x00000000d5580000)
  object space 423424K, 73% used [0x0000000080000000,0x0000000092ef93a8,0x0000000099d80000)
 Metaspace       used 76501K, committed 78080K, reserved 1179648K
  class space    used 9216K, committed 9920K, reserved 1048576K
}
Event: 105.743 GC heap after
{Heap after GC invocations=1062 (full 3):
 PSYoungGen      total 5120K, used 352K [0x00000000d5580000, 0x00000000d6180000, 0x0000000100000000)
  eden space 4608K, 0% used [0x00000000d5580000,0x00000000d5580000,0x00000000d5a00000)
  from space 512K, 68% used [0x00000000d6080000,0x00000000d60d8000,0x00000000d6100000)
  to   space 512K, 0% used [0x00000000d6100000,0x00000000d6100000,0x00000000d6180000)
 ParOldGen       total 423424K, used 310324K [0x0000000080000000, 0x0000000099d80000, 0x00000000d5580000)
  object space 423424K, 73% used [0x0000000080000000,0x0000000092f0d3a8,0x0000000099d80000)
 Metaspace       used 76501K, committed 78080K, reserved 1179648K
  class space    used 9216K, committed 9920K, reserved 1048576K
}
Event: 105.751 GC heap before
{Heap before GC invocations=1063 (full 3):
 PSYoungGen      total 5120K, used 4959K [0x00000000d5580000, 0x00000000d6180000, 0x0000000100000000)
  eden space 4608K, 99% used [0x00000000d5580000,0x00000000d59fffa0,0x00000000d5a00000)
  from space 512K, 68% used [0x00000000d6080000,0x00000000d60d8000,0x00000000d6100000)
  to   space 512K, 0% used [0x00000000d6100000,0x00000000d6100000,0x00000000d6180000)
 ParOldGen       total 423424K, used 310324K [0x0000000080000000, 0x0000000099d80000, 0x00000000d5580000)
  object space 423424K, 73% used [0x0000000080000000,0x0000000092f0d3a8,0x0000000099d80000)
 Metaspace       used 76501K, committed 78080K, reserved 1179648K
  class space    used 9216K, committed 9920K, reserved 1048576K
}
Event: 105.753 GC heap after
{Heap after GC invocations=1063 (full 3):
 PSYoungGen      total 5120K, used 512K [0x00000000d5580000, 0x00000000d6180000, 0x0000000100000000)
  eden space 4608K, 0% used [0x00000000d5580000,0x00000000d5580000,0x00000000d5a00000)
  from space 512K, 100% used [0x00000000d6100000,0x00000000d6180000,0x00000000d6180000)
  to   space 1024K, 0% used [0x00000000d5f80000,0x00000000d5f80000,0x00000000d6080000)
 ParOldGen       total 423424K, used 310676K [0x0000000080000000, 0x0000000099d80000, 0x00000000d5580000)
  object space 423424K, 73% used [0x0000000080000000,0x0000000092f653a8,0x0000000099d80000)
 Metaspace       used 76501K, committed 78080K, reserved 1179648K
  class space    used 9216K, committed 9920K, reserved 1048576K
}
Event: 106.744 GC heap before
{Heap before GC invocations=1064 (full 3):
 PSYoungGen      total 5120K, used 5120K [0x00000000d5580000, 0x00000000d6180000, 0x0000000100000000)
  eden space 4608K, 100% used [0x00000000d5580000,0x00000000d5a00000,0x00000000d5a00000)
  from space 512K, 100% used [0x00000000d6100000,0x00000000d6180000,0x00000000d6180000)
  to   space 1024K, 0% used [0x00000000d5f80000,0x00000000d5f80000,0x00000000d6080000)
 ParOldGen       total 423424K, used 310676K [0x0000000080000000, 0x0000000099d80000, 0x00000000d5580000)
  object space 423424K, 73% used [0x0000000080000000,0x0000000092f653a8,0x0000000099d80000)
 Metaspace       used 76501K, committed 78080K, reserved 1179648K
  class space    used 9216K, committed 9920K, reserved 1048576K
}
Event: 106.746 GC heap after
{Heap after GC invocations=1064 (full 3):
 PSYoungGen      total 5632K, used 896K [0x00000000d5580000, 0x00000000d6180000, 0x0000000100000000)
  eden space 4608K, 0% used [0x00000000d5580000,0x00000000d5580000,0x00000000d5a00000)
  from space 1024K, 87% used [0x00000000d5f80000,0x00000000d6060000,0x00000000d6080000)
  to   space 1024K, 0% used [0x00000000d6080000,0x00000000d6080000,0x00000000d6180000)
 ParOldGen       total 423424K, used 311092K [0x0000000080000000, 0x0000000099d80000, 0x00000000d5580000)
  object space 423424K, 73% used [0x0000000080000000,0x0000000092fcd3a8,0x0000000099d80000)
 Metaspace       used 76501K, committed 78080K, reserved 1179648K
  class space    used 9216K, committed 9920K, reserved 1048576K
}

Dll operation events (15 events):
Event: 0.042 Loaded shared library c:\Users\Technyx\.vscode\extensions\redhat.java-1.45.0-win32-x64\jre\21.0.8-win32-x86_64\bin\java.dll
Event: 0.100 Loaded shared library c:\Users\Technyx\.vscode\extensions\redhat.java-1.45.0-win32-x64\jre\21.0.8-win32-x86_64\bin\zip.dll
Event: 0.117 Loaded shared library C:\Users\Technyx\.vscode\extensions\redhat.java-1.45.0-win32-x64\jre\21.0.8-win32-x86_64\bin\instrument.dll
Event: 0.121 Loaded shared library C:\Users\Technyx\.vscode\extensions\redhat.java-1.45.0-win32-x64\jre\21.0.8-win32-x86_64\bin\net.dll
Event: 0.123 Loaded shared library C:\Users\Technyx\.vscode\extensions\redhat.java-1.45.0-win32-x64\jre\21.0.8-win32-x86_64\bin\nio.dll
Event: 0.127 Loaded shared library C:\Users\Technyx\.vscode\extensions\redhat.java-1.45.0-win32-x64\jre\21.0.8-win32-x86_64\bin\zip.dll
Event: 0.142 Loaded shared library C:\Users\Technyx\.vscode\extensions\redhat.java-1.45.0-win32-x64\jre\21.0.8-win32-x86_64\bin\jimage.dll
Event: 0.208 Loaded shared library c:\Users\Technyx\.vscode\extensions\redhat.java-1.45.0-win32-x64\jre\21.0.8-win32-x86_64\bin\verify.dll
Event: 8.301 Loaded shared library C:\Users\Technyx\AppData\Roaming\Code\User\globalStorage\redhat.java\1.45.0\config_win\org.eclipse.equinox.launcher\org.eclipse.equinox.launcher.win32.win32.x86_64_1.2.1400.v20250801-0854\eclipse_11916.dll
Event: 17.473 Loaded shared library C:\Users\Technyx\AppData\Local\Temp\jna-227078551\jna14872858676183190177.dll
Event: 40.391 Loaded shared library C:\Users\Technyx\.gradle\native\c067742578af261105cb4f569cf0c3c89f3d7b1fecec35dd04571415982c5e48\windows-amd64\native-platform.dll
Event: 50.865 Loaded shared library C:\Users\Technyx\.vscode\extensions\redhat.java-1.45.0-win32-x64\jre\21.0.8-win32-x86_64\bin\management.dll
Event: 50.871 Loaded shared library C:\Users\Technyx\.vscode\extensions\redhat.java-1.45.0-win32-x64\jre\21.0.8-win32-x86_64\bin\management_ext.dll
Event: 53.943 Loaded shared library C:\Users\Technyx\.vscode\extensions\redhat.java-1.45.0-win32-x64\jre\21.0.8-win32-x86_64\bin\extnet.dll
Event: 56.541 Loaded shared library C:\Users\Technyx\.vscode\extensions\redhat.java-1.45.0-win32-x64\jre\21.0.8-win32-x86_64\bin\sunmscapi.dll

Deoptimization events (20 events):
Event: 106.754 Thread 0x00000268797ac3c0 Uncommon trap: trap_request=0xffffff45 fr.pc=0x0000026864dbd10c relative=0x000000000000032c
Event: 106.754 Thread 0x00000268797ac3c0 Uncommon trap: reason=unstable_if action=reinterpret pc=0x0000026864dbd10c method=org.eclipse.core.internal.dtree.AbstractDataTreeNode.compareWithParent([Lorg/eclipse/core/internal/dtree/AbstractDataTreeNode;Lorg/eclipse/core/runtime/IPath;Lorg/eclipse/co
Event: 106.754 Thread 0x00000268797ac3c0 DEOPT PACKING pc=0x0000026864dbd10c sp=0x000000c6e25fe5a0
Event: 106.754 Thread 0x00000268797ac3c0 DEOPT UNPACKING pc=0x0000026863e33aa2 sp=0x000000c6e25fe518 mode 2
Event: 106.755 Thread 0x00000268797ac3c0 Uncommon trap: trap_request=0xffffffd6 fr.pc=0x0000026864db2ca4 relative=0x0000000000001b24
Event: 106.755 Thread 0x00000268797ac3c0 Uncommon trap: reason=array_check action=maybe_recompile pc=0x0000026864db2ca4 method=org.eclipse.core.internal.events.NodeIDMap.put(JLorg/eclipse/core/runtime/IPath;Lorg/eclipse/core/runtime/IPath;)V @ 113 c2
Event: 106.755 Thread 0x00000268797ac3c0 DEOPT PACKING pc=0x0000026864db2ca4 sp=0x000000c6e25fe6e0
Event: 106.755 Thread 0x00000268797ac3c0 DEOPT UNPACKING pc=0x0000026863e33aa2 sp=0x000000c6e25fe490 mode 2
Event: 106.755 Thread 0x00000268797ac3c0 Uncommon trap: trap_request=0xffffffd6 fr.pc=0x0000026864db2ac4 relative=0x0000000000001944
Event: 106.755 Thread 0x00000268797ac3c0 Uncommon trap: reason=array_check action=maybe_recompile pc=0x0000026864db2ac4 method=org.eclipse.core.internal.events.NodeIDMap.put(JLorg/eclipse/core/runtime/IPath;Lorg/eclipse/core/runtime/IPath;)V @ 113 c2
Event: 106.755 Thread 0x00000268797ac3c0 DEOPT PACKING pc=0x0000026864db2ac4 sp=0x000000c6e25fe550
Event: 106.755 Thread 0x00000268797ac3c0 DEOPT UNPACKING pc=0x0000026863e33aa2 sp=0x000000c6e25fe3d0 mode 2
Event: 106.755 Thread 0x00000268797ac3c0 Uncommon trap: trap_request=0xffffffd6 fr.pc=0x0000026864db2ac4 relative=0x0000000000001944
Event: 106.755 Thread 0x00000268797ac3c0 Uncommon trap: reason=array_check action=maybe_recompile pc=0x0000026864db2ac4 method=org.eclipse.core.internal.events.NodeIDMap.put(JLorg/eclipse/core/runtime/IPath;Lorg/eclipse/core/runtime/IPath;)V @ 113 c2
Event: 106.755 Thread 0x00000268797ac3c0 DEOPT PACKING pc=0x0000026864db2ac4 sp=0x000000c6e25fe490
Event: 106.755 Thread 0x00000268797ac3c0 DEOPT UNPACKING pc=0x0000026863e33aa2 sp=0x000000c6e25fe310 mode 2
Event: 106.755 Thread 0x00000268797ac3c0 Uncommon trap: trap_request=0xffffffd6 fr.pc=0x0000026864db2ac4 relative=0x0000000000001944
Event: 106.755 Thread 0x00000268797ac3c0 Uncommon trap: reason=array_check action=maybe_recompile pc=0x0000026864db2ac4 method=org.eclipse.core.internal.events.NodeIDMap.put(JLorg/eclipse/core/runtime/IPath;Lorg/eclipse/core/runtime/IPath;)V @ 113 c2
Event: 106.755 Thread 0x00000268797ac3c0 DEOPT PACKING pc=0x0000026864db2ac4 sp=0x000000c6e25fe3d0
Event: 106.755 Thread 0x00000268797ac3c0 DEOPT UNPACKING pc=0x0000026863e33aa2 sp=0x000000c6e25fe250 mode 2

Classes loaded (20 events):
Event: 103.416 Loading class java/util/stream/ReferencePipeline$4$1
Event: 103.416 Loading class java/util/stream/ReferencePipeline$4$1 done
Event: 103.496 Loading class java/util/Hashtable$ValueCollection
Event: 103.497 Loading class java/util/Hashtable$ValueCollection done
Event: 103.503 Loading class java/util/concurrent/ConcurrentHashMap$KeySpliterator
Event: 103.503 Loading class java/util/concurrent/ConcurrentHashMap$KeySpliterator done
Event: 103.510 Loading class sun/nio/ch/ChannelOutputStream
Event: 103.510 Loading class sun/nio/ch/ChannelOutputStream done
Event: 103.942 Loading class java/util/TreeMap$AscendingSubMap
Event: 103.942 Loading class java/util/TreeMap$NavigableSubMap
Event: 103.943 Loading class java/util/TreeMap$NavigableSubMap done
Event: 103.943 Loading class java/util/TreeMap$AscendingSubMap done
Event: 103.945 Loading class java/util/TreeMap$AscendingSubMap$AscendingEntrySetView
Event: 103.945 Loading class java/util/TreeMap$NavigableSubMap$EntrySetView
Event: 103.946 Loading class java/util/TreeMap$NavigableSubMap$EntrySetView done
Event: 103.946 Loading class java/util/TreeMap$AscendingSubMap$AscendingEntrySetView done
Event: 103.946 Loading class java/util/TreeMap$NavigableSubMap$SubMapEntryIterator
Event: 103.946 Loading class java/util/TreeMap$NavigableSubMap$SubMapIterator
Event: 103.946 Loading class java/util/TreeMap$NavigableSubMap$SubMapIterator done
Event: 103.946 Loading class java/util/TreeMap$NavigableSubMap$SubMapEntryIterator done

Classes unloaded (7 events):
Event: 18.334 Thread 0x0000026870144960 Unloading class 0x00000268011ac800 'java/lang/invoke/LambdaForm$MH+0x00000268011ac800'
Event: 18.334 Thread 0x0000026870144960 Unloading class 0x00000268011ac400 'java/lang/invoke/LambdaForm$MH+0x00000268011ac400'
Event: 18.334 Thread 0x0000026870144960 Unloading class 0x00000268011ac000 'java/lang/invoke/LambdaForm$MH+0x00000268011ac000'
Event: 18.334 Thread 0x0000026870144960 Unloading class 0x00000268011abc00 'java/lang/invoke/LambdaForm$MH+0x00000268011abc00'
Event: 18.334 Thread 0x0000026870144960 Unloading class 0x00000268011ab800 'java/lang/invoke/LambdaForm$BMH+0x00000268011ab800'
Event: 18.334 Thread 0x0000026870144960 Unloading class 0x00000268011ab400 'java/lang/invoke/LambdaForm$DMH+0x00000268011ab400'
Event: 18.334 Thread 0x0000026870144960 Unloading class 0x00000268011aa000 'java/lang/invoke/LambdaForm$DMH+0x00000268011aa000'

Classes redefined (0 events):
No events

Internal exceptions (20 events):
Event: 105.587 Thread 0x000002687babd410 Exception <a 'sun/nio/fs/WindowsException'{0x00000000d583b3a0}> (0x00000000d583b3a0) 
thrown [s\src\hotspot\share\prims\jni.cpp, line 520]
Event: 105.588 Thread 0x000002687baba620 Exception <a 'sun/nio/fs/WindowsException'{0x00000000d55dbfb8}> (0x00000000d55dbfb8) 
thrown [s\src\hotspot\share\prims\jni.cpp, line 520]
Event: 105.601 Thread 0x0000026872865380 Exception <a 'sun/nio/fs/WindowsException'{0x00000000d58aedd0}> (0x00000000d58aedd0) 
thrown [s\src\hotspot\share\prims\jni.cpp, line 520]
Event: 105.624 Thread 0x0000026872865380 Exception <a 'sun/nio/fs/WindowsException'{0x00000000d58d3018}> (0x00000000d58d3018) 
thrown [s\src\hotspot\share\prims\jni.cpp, line 520]
Event: 105.641 Thread 0x0000026872865380 Exception <a 'sun/nio/fs/WindowsException'{0x00000000d58f5ab0}> (0x00000000d58f5ab0) 
thrown [s\src\hotspot\share\prims\jni.cpp, line 520]
Event: 105.659 Thread 0x0000026872865380 Exception <a 'sun/nio/fs/WindowsException'{0x00000000d5918268}> (0x00000000d5918268) 
thrown [s\src\hotspot\share\prims\jni.cpp, line 520]
Event: 105.674 Thread 0x0000026872865380 Exception <a 'sun/nio/fs/WindowsException'{0x00000000d5936440}> (0x00000000d5936440) 
thrown [s\src\hotspot\share\prims\jni.cpp, line 520]
Event: 105.674 Thread 0x0000026872865380 Exception <a 'sun/nio/fs/WindowsException'{0x00000000d5936b18}> (0x00000000d5936b18) 
thrown [s\src\hotspot\share\prims\jni.cpp, line 520]
Event: 105.674 Thread 0x0000026872865380 Exception <a 'sun/nio/fs/WindowsException'{0x00000000d59376e8}> (0x00000000d59376e8) 
thrown [s\src\hotspot\share\prims\jni.cpp, line 520]
Event: 105.674 Thread 0x0000026872865380 Exception <a 'sun/nio/fs/WindowsException'{0x00000000d5938a58}> (0x00000000d5938a58) 
thrown [s\src\hotspot\share\prims\jni.cpp, line 520]
Event: 105.683 Thread 0x0000026872865380 Exception <a 'sun/nio/fs/WindowsException'{0x00000000d59c85e8}> (0x00000000d59c85e8) 
thrown [s\src\hotspot\share\prims\jni.cpp, line 520]
Event: 105.683 Thread 0x000002687bab9900 Exception <a 'sun/nio/fs/WindowsException'{0x00000000d583a870}> (0x00000000d583a870) 
thrown [s\src\hotspot\share\prims\jni.cpp, line 520]
Event: 105.684 Thread 0x000002687babd410 Exception <a 'sun/nio/fs/WindowsException'{0x00000000d59ccd38}> (0x00000000d59ccd38) 
thrown [s\src\hotspot\share\prims\jni.cpp, line 520]
Event: 105.685 Thread 0x000002687baba620 Exception <a 'sun/nio/fs/WindowsException'{0x00000000d583dc80}> (0x00000000d583dc80) 
thrown [s\src\hotspot\share\prims\jni.cpp, line 520]
Event: 105.694 Thread 0x0000026872865380 Exception <a 'sun/nio/fs/WindowsException'{0x00000000d55c17e8}> (0x00000000d55c17e8) 
thrown [s\src\hotspot\share\prims\jni.cpp, line 520]
Event: 105.709 Thread 0x0000026872865380 Exception <a 'sun/nio/fs/WindowsException'{0x00000000d55e4260}> (0x00000000d55e4260) 
thrown [s\src\hotspot\share\prims\jni.cpp, line 520]
Event: 105.722 Thread 0x0000026872865380 Exception <a 'sun/nio/fs/WindowsException'{0x00000000d5602390}> (0x00000000d5602390) 
thrown [s\src\hotspot\share\prims\jni.cpp, line 520]
Event: 105.722 Thread 0x0000026872865380 Exception <a 'sun/nio/fs/WindowsException'{0x00000000d5602a68}> (0x00000000d5602a68) 
thrown [s\src\hotspot\share\prims\jni.cpp, line 520]
Event: 105.722 Thread 0x0000026872865380 Exception <a 'sun/nio/fs/WindowsException'{0x00000000d5603638}> (0x00000000d5603638) 
thrown [s\src\hotspot\share\prims\jni.cpp, line 520]
Event: 105.722 Thread 0x0000026872865380 Exception <a 'sun/nio/fs/WindowsException'{0x00000000d5603d10}> (0x00000000d5603d10) 
thrown [s\src\hotspot\share\prims\jni.cpp, line 520]

ZGC Phase Switch (0 events):
No events

VM Operations (20 events):
Event: 105.690 Executing VM operation: ParallelGCFailedAllocation (Allocation Failure)
Event: 105.691 Executing VM operation: ParallelGCFailedAllocation (Allocation Failure) done
Event: 105.742 Executing VM operation: ParallelGCFailedAllocation (Allocation Failure)
Event: 105.743 Executing VM operation: ParallelGCFailedAllocation (Allocation Failure) done
Event: 105.751 Executing VM operation: ParallelGCFailedAllocation (Allocation Failure)
Event: 105.753 Executing VM operation: ParallelGCFailedAllocation (Allocation Failure) done
Event: 106.744 Executing VM operation: ParallelGCFailedAllocation (Allocation Failure)
Event: 106.746 Executing VM operation: ParallelGCFailedAllocation (Allocation Failure) done
Event: 107.746 Executing VM operation: Cleanup
Event: 107.746 Executing VM operation: Cleanup done
Event: 120.369 Executing VM operation: HandshakeAllThreads (HandshakeForDeflation)
Event: 120.369 Executing VM operation: HandshakeAllThreads (HandshakeForDeflation) done
Event: 120.369 Executing VM operation: RendezvousGCThreads
Event: 120.369 Executing VM operation: RendezvousGCThreads done
Event: 164.640 Executing VM operation: Cleanup
Event: 164.640 Executing VM operation: Cleanup done
Event: 180.616 Executing VM operation: HandshakeAllThreads (HandshakeForDeflation)
Event: 180.616 Executing VM operation: HandshakeAllThreads (HandshakeForDeflation) done
Event: 180.616 Executing VM operation: RendezvousGCThreads
Event: 180.616 Executing VM operation: RendezvousGCThreads done

Memory protections (0 events):
No events

Nmethod flushes (20 events):
Event: 51.239 Thread 0x0000026870144960 flushing  nmethod 0x000002685d378b10
Event: 51.239 Thread 0x0000026870144960 flushing  nmethod 0x000002685d378e90
Event: 51.239 Thread 0x0000026870144960 flushing  nmethod 0x000002685d37b790
Event: 51.239 Thread 0x0000026870144960 flushing  nmethod 0x000002685d37d190
Event: 51.239 Thread 0x0000026870144960 flushing  nmethod 0x000002685d37dc90
Event: 51.239 Thread 0x0000026870144960 flushing  nmethod 0x000002685d37f210
Event: 51.239 Thread 0x0000026870144960 flushing  nmethod 0x000002685d387f90
Event: 51.239 Thread 0x0000026870144960 flushing  nmethod 0x000002685d38a010
Event: 51.239 Thread 0x0000026870144960 flushing  nmethod 0x000002685d38b990
Event: 51.239 Thread 0x0000026870144960 flushing  nmethod 0x000002685d38be90
Event: 51.239 Thread 0x0000026870144960 flushing  nmethod 0x000002685d38d610
Event: 51.239 Thread 0x0000026870144960 flushing  nmethod 0x000002685d3aa310
Event: 51.239 Thread 0x0000026870144960 flushing  nmethod 0x000002685d3ac410
Event: 51.239 Thread 0x0000026870144960 flushing  nmethod 0x000002685d3c0b90
Event: 51.239 Thread 0x0000026870144960 flushing  nmethod 0x000002685d3c1310
Event: 51.239 Thread 0x0000026870144960 flushing  nmethod 0x000002685d3c1e10
Event: 51.239 Thread 0x0000026870144960 flushing  nmethod 0x000002685d3c2510
Event: 51.239 Thread 0x0000026870144960 flushing  nmethod 0x000002685d3c2e10
Event: 51.239 Thread 0x0000026870144960 flushing  nmethod 0x000002685d3c3d90
Event: 51.239 Thread 0x0000026870144960 flushing  nmethod 0x000002685d3cc090

Events (20 events):
Event: 103.584 Thread 0x0000026872865380 Thread added: 0x000002687be4fca0
Event: 104.663 Thread 0x000002687ace65c0 Thread exited: 0x000002687ace65c0
Event: 104.684 Thread 0x00000268714c9ac0 Thread added: 0x000002687ace65c0
Event: 105.441 Thread 0x000002687ace65c0 Thread exited: 0x000002687ace65c0
Event: 105.441 Thread 0x000002687ace7a30 Thread exited: 0x000002687ace7a30
Event: 105.728 Thread 0x00000268714c9ac0 Thread added: 0x000002687ace7a30
Event: 105.764 Thread 0x00000268714c9ac0 Thread added: 0x000002687ace8100
Event: 111.573 Thread 0x000002687aee7f40 Thread exited: 0x000002687aee7f40
Event: 111.573 Thread 0x000002687aee9980 Thread exited: 0x000002687aee9980
Event: 111.573 Thread 0x000002687aee85d0 Thread exited: 0x000002687aee85d0
Event: 111.773 Thread 0x000002687ace8100 Thread exited: 0x000002687ace8100
Event: 111.803 Thread 0x000002687ace7a30 Thread exited: 0x000002687ace7a30
Event: 161.618 Thread 0x000002687aeec0e0 Thread exited: 0x000002687aeec0e0
Event: 163.826 Thread 0x000002687be4ceb0 Thread exited: 0x000002687be4ceb0
Event: 165.696 Thread 0x000002687bab9900 Thread exited: 0x000002687bab9900
Event: 165.742 Thread 0x0000026872865380 Thread exited: 0x0000026872865380
Event: 165.742 Thread 0x0000026872861f00 Thread exited: 0x0000026872861f00
Event: 166.751 Thread 0x00000268797ad0e0 Thread exited: 0x00000268797ad0e0
Event: 166.751 Thread 0x0000026872862590 Thread exited: 0x0000026872862590
Event: 166.751 Thread 0x00000268797ab6a0 Thread exited: 0x00000268797ab6a0


Dynamic libraries:
0x00007ff660f60000 - 0x00007ff660f6e000 	c:\Users\Technyx\.vscode\extensions\redhat.java-1.45.0-win32-x64\jre\21.0.8-win32-x86_64\bin\java.exe
0x00007ffc14a20000 - 0x00007ffc14c88000 	C:\WINDOWS\SYSTEM32\ntdll.dll
0x00007ffc140f0000 - 0x00007ffc141b9000 	C:\WINDOWS\System32\KERNEL32.DLL
0x00007ffc123f0000 - 0x00007ffc127e2000 	C:\WINDOWS\System32\KERNELBASE.dll
0x00007ffc0c910000 - 0x00007ffc0c9af000 	C:\WINDOWS\SYSTEM32\apphelp.dll
0x00007ffc120a0000 - 0x00007ffc121eb000 	C:\WINDOWS\System32\ucrtbase.dll
0x00007ffbfa830000 - 0x00007ffbfa848000 	c:\Users\Technyx\.vscode\extensions\redhat.java-1.45.0-win32-x64\jre\21.0.8-win32-x86_64\bin\jli.dll
0x00007ffbfa780000 - 0x00007ffbfa79e000 	c:\Users\Technyx\.vscode\extensions\redhat.java-1.45.0-win32-x64\jre\21.0.8-win32-x86_64\bin\VCRUNTIME140.dll
0x00007ffc13710000 - 0x00007ffc138d5000 	C:\WINDOWS\System32\USER32.dll
0x00007ffc11c50000 - 0x00007ffc11c77000 	C:\WINDOWS\System32\win32u.dll
0x00007ffc14630000 - 0x00007ffc1465b000 	C:\WINDOWS\System32\GDI32.dll
0x00007ffc11c80000 - 0x00007ffc11dad000 	C:\WINDOWS\System32\gdi32full.dll
0x00007ffc00370000 - 0x00007ffc00603000 	C:\WINDOWS\WinSxS\amd64_microsoft.windows.common-controls_6595b64144ccf1df_6.0.26100.6725_none_3e085828e334708b\COMCTL32.dll
0x00007ffc11ff0000 - 0x00007ffc12093000 	C:\WINDOWS\System32\msvcp_win.dll
0x00007ffc12e70000 - 0x00007ffc12f19000 	C:\WINDOWS\System32\msvcrt.dll
0x00007ffc14300000 - 0x00007ffc1432f000 	C:\WINDOWS\System32\IMM32.DLL
0x00007ffc09a50000 - 0x00007ffc09a5c000 	c:\Users\Technyx\.vscode\extensions\redhat.java-1.45.0-win32-x64\jre\21.0.8-win32-x86_64\bin\vcruntime140_1.dll
0x00007ffbc73d0000 - 0x00007ffbc745d000 	c:\Users\Technyx\.vscode\extensions\redhat.java-1.45.0-win32-x64\jre\21.0.8-win32-x86_64\bin\msvcp140.dll
0x00007ffba2450000 - 0x00007ffba31e7000 	c:\Users\Technyx\.vscode\extensions\redhat.java-1.45.0-win32-x64\jre\21.0.8-win32-x86_64\bin\server\jvm.dll
0x00007ffc14350000 - 0x00007ffc14404000 	C:\WINDOWS\System32\ADVAPI32.dll
0x00007ffc14410000 - 0x00007ffc144b6000 	C:\WINDOWS\System32\sechost.dll
0x00007ffc127f0000 - 0x00007ffc12908000 	C:\WINDOWS\System32\RPCRT4.dll
0x00007ffc12dc0000 - 0x00007ffc12e34000 	C:\WINDOWS\System32\WS2_32.dll
0x00007ffc11870000 - 0x00007ffc118ce000 	C:\WINDOWS\SYSTEM32\POWRPROF.dll
0x00007ffc007d0000 - 0x00007ffc00805000 	C:\WINDOWS\SYSTEM32\WINMM.dll
0x00007ffc08ee0000 - 0x00007ffc08eeb000 	C:\WINDOWS\SYSTEM32\VERSION.dll
0x00007ffc11850000 - 0x00007ffc11864000 	C:\WINDOWS\SYSTEM32\UMPDC.dll
0x00007ffc10980000 - 0x00007ffc1099b000 	C:\WINDOWS\SYSTEM32\kernel.appcore.dll
0x00007ffc09930000 - 0x00007ffc0993a000 	c:\Users\Technyx\.vscode\extensions\redhat.java-1.45.0-win32-x64\jre\21.0.8-win32-x86_64\bin\jimage.dll
0x00007ffc09db0000 - 0x00007ffc09ff2000 	C:\WINDOWS\SYSTEM32\DBGHELP.DLL
0x00007ffc14660000 - 0x00007ffc149db000 	C:\WINDOWS\System32\combase.dll
0x00007ffc14550000 - 0x00007ffc14627000 	C:\WINDOWS\System32\OLEAUT32.dll
0x00007ffc00da0000 - 0x00007ffc00ddc000 	C:\WINDOWS\SYSTEM32\dbgcore.DLL
0x00007ffc11bb0000 - 0x00007ffc11c48000 	C:\WINDOWS\System32\bcryptPrimitives.dll
0x00007ffc09c20000 - 0x00007ffc09c2f000 	c:\Users\Technyx\.vscode\extensions\redhat.java-1.45.0-win32-x64\jre\21.0.8-win32-x86_64\bin\instrument.dll
0x00007ffbf1e00000 - 0x00007ffbf1e1f000 	c:\Users\Technyx\.vscode\extensions\redhat.java-1.45.0-win32-x64\jre\21.0.8-win32-x86_64\bin\java.dll
0x00007ffc13970000 - 0x00007ffc140bc000 	C:\WINDOWS\System32\SHELL32.dll
0x00007ffc12280000 - 0x00007ffc123eb000 	C:\WINDOWS\System32\wintypes.dll
0x00007ffc0f820000 - 0x00007ffc1007d000 	C:\WINDOWS\SYSTEM32\windows.storage.dll
0x00007ffc12ae0000 - 0x00007ffc12bd2000 	C:\WINDOWS\System32\SHCORE.dll
0x00007ffc141c0000 - 0x00007ffc14222000 	C:\WINDOWS\System32\shlwapi.dll
0x00007ffc11ad0000 - 0x00007ffc11af9000 	C:\WINDOWS\SYSTEM32\profapi.dll
0x00007ffbf1080000 - 0x00007ffbf1098000 	c:\Users\Technyx\.vscode\extensions\redhat.java-1.45.0-win32-x64\jre\21.0.8-win32-x86_64\bin\zip.dll
0x00007ffc02180000 - 0x00007ffc02190000 	C:\Users\Technyx\.vscode\extensions\redhat.java-1.45.0-win32-x64\jre\21.0.8-win32-x86_64\bin\net.dll
0x00007ffc0db50000 - 0x00007ffc0dc6f000 	C:\WINDOWS\SYSTEM32\WINHTTP.dll
0x00007ffc10ef0000 - 0x00007ffc10f5b000 	C:\WINDOWS\system32\mswsock.dll
0x00007ffbf0120000 - 0x00007ffbf0136000 	C:\Users\Technyx\.vscode\extensions\redhat.java-1.45.0-win32-x64\jre\21.0.8-win32-x86_64\bin\nio.dll
0x00007ffc092b0000 - 0x00007ffc092c0000 	c:\Users\Technyx\.vscode\extensions\redhat.java-1.45.0-win32-x64\jre\21.0.8-win32-x86_64\bin\verify.dll
0x00007ffbedde0000 - 0x00007ffbede24000 	C:\Users\Technyx\AppData\Roaming\Code\User\globalStorage\redhat.java\1.45.0\config_win\org.eclipse.equinox.launcher\org.eclipse.equinox.launcher.win32.win32.x86_64_1.2.1400.v20250801-0854\eclipse_11916.dll
0x00007ffc13510000 - 0x00007ffc136a8000 	C:\WINDOWS\System32\ole32.dll
0x00007ffc111a0000 - 0x00007ffc111bb000 	C:\WINDOWS\SYSTEM32\CRYPTSP.dll
0x00007ffc108e0000 - 0x00007ffc1091b000 	C:\WINDOWS\system32\rsaenh.dll
0x00007ffc10f90000 - 0x00007ffc10fbb000 	C:\WINDOWS\SYSTEM32\USERENV.dll
0x00007ffc11aa0000 - 0x00007ffc11ac6000 	C:\WINDOWS\SYSTEM32\bcrypt.dll
0x00007ffc111c0000 - 0x00007ffc111cc000 	C:\WINDOWS\SYSTEM32\CRYPTBASE.dll
0x00007ffc103a0000 - 0x00007ffc103d4000 	C:\WINDOWS\SYSTEM32\IPHLPAPI.DLL
0x00007ffc14540000 - 0x00007ffc1454a000 	C:\WINDOWS\System32\NSI.dll
0x00007ffbe88e0000 - 0x00007ffbe8929000 	C:\Users\Technyx\AppData\Local\Temp\jna-227078551\jna14872858676183190177.dll
0x00007ffc14230000 - 0x00007ffc14238000 	C:\WINDOWS\System32\PSAPI.DLL
0x00007ffc0e4b0000 - 0x00007ffc0e4ce000 	C:\WINDOWS\SYSTEM32\dhcpcsvc6.DLL
0x00007ffc0e350000 - 0x00007ffc0e373000 	C:\WINDOWS\SYSTEM32\dhcpcsvc.DLL
0x00007ffbdbee0000 - 0x00007ffbdbf07000 	C:\Users\Technyx\.gradle\native\c067742578af261105cb4f569cf0c3c89f3d7b1fecec35dd04571415982c5e48\windows-amd64\native-platform.dll
0x00007ffc01e60000 - 0x00007ffc01e6a000 	C:\Users\Technyx\.vscode\extensions\redhat.java-1.45.0-win32-x64\jre\21.0.8-win32-x86_64\bin\management.dll
0x00007ffc01530000 - 0x00007ffc0153b000 	C:\Users\Technyx\.vscode\extensions\redhat.java-1.45.0-win32-x64\jre\21.0.8-win32-x86_64\bin\management_ext.dll
0x00007ffbf2030000 - 0x00007ffbf2039000 	C:\Users\Technyx\.vscode\extensions\redhat.java-1.45.0-win32-x64\jre\21.0.8-win32-x86_64\bin\extnet.dll
0x00007ffbf2e60000 - 0x00007ffbf2e6e000 	C:\Users\Technyx\.vscode\extensions\redhat.java-1.45.0-win32-x64\jre\21.0.8-win32-x86_64\bin\sunmscapi.dll
0x00007ffc11db0000 - 0x00007ffc11f27000 	C:\WINDOWS\System32\CRYPT32.dll
0x00007ffc113c0000 - 0x00007ffc113f0000 	C:\WINDOWS\SYSTEM32\ncrypt.dll
0x00007ffc11370000 - 0x00007ffc113af000 	C:\WINDOWS\SYSTEM32\NTASN1.dll
0x00007ffbe2cf0000 - 0x00007ffbe2cf8000 	C:\WINDOWS\system32\wshunix.dll

JVMTI agents:
c:\Users\Technyx\.vscode\extensions\redhat.java-1.45.0-win32-x64\lombok\lombok-1.18.39-4050.jar path:c:\Users\Technyx\.vscode\extensions\redhat.java-1.45.0-win32-x64\jre\21.0.8-win32-x86_64\bin\instrument.dll, loaded, initialized, instrumentlib options:none

dbghelp: loaded successfully - version: 4.0.5 - missing functions: none
symbol engine: initialized successfully - sym options: 0x614 - pdb path: .;c:\Users\Technyx\.vscode\extensions\redhat.java-1.45.0-win32-x64\jre\21.0.8-win32-x86_64\bin;C:\WINDOWS\SYSTEM32;C:\WINDOWS\WinSxS\amd64_microsoft.windows.common-controls_6595b64144ccf1df_6.0.26100.6725_none_3e085828e334708b;c:\Users\Technyx\.vscode\extensions\redhat.java-1.45.0-win32-x64\jre\21.0.8-win32-x86_64\bin\server;C:\Users\Technyx\AppData\Roaming\Code\User\globalStorage\redhat.java\1.45.0\config_win\org.eclipse.equinox.launcher\org.eclipse.equinox.launcher.win32.win32.x86_64_1.2.1400.v20250801-0854;C:\Users\Technyx\AppData\Local\Temp\jna-227078551;C:\Users\Technyx\.gradle\native\c067742578af261105cb4f569cf0c3c89f3d7b1fecec35dd04571415982c5e48\windows-amd64

VM Arguments:
jvm_args: --add-modules=ALL-SYSTEM --add-opens=java.base/java.util=ALL-UNNAMED --add-opens=java.base/java.lang=ALL-UNNAMED --add-opens=java.base/sun.nio.fs=ALL-UNNAMED -Declipse.application=org.eclipse.jdt.ls.core.id1 -Dosgi.bundles.defaultStartLevel=4 -Declipse.product=org.eclipse.jdt.ls.core.product -Djava.import.generatesMetadataFilesAtProjectRoot=false -DDetectVMInstallationsJob.disabled=true -Dfile.encoding=utf8 -XX:+UseParallelGC -XX:GCTimeRatio=4 -XX:AdaptiveSizePolicyWeight=90 -Dsun.zip.disableMemoryMapping=true -Xmx2G -Xms100m -Xlog:disable -javaagent:c:\Users\Technyx\.vscode\extensions\redhat.java-1.45.0-win32-x64\lombok\lombok-1.18.39-4050.jar -XX:+HeapDumpOnOutOfMemoryError -XX:HeapDumpPath=c:\Users\Technyx\AppData\Roaming\Code\User\workspaceStorage\b6574fec2badbdb96867a97d384b210d\redhat.java -Daether.dependencyCollector.impl=bf 
java_command: c:\Users\Technyx\.vscode\extensions\redhat.java-1.45.0-win32-x64\server\plugins\org.eclipse.equinox.launcher_1.7.0.v20250519-0528.jar -configuration c:\Users\Technyx\AppData\Roaming\Code\User\globalStorage\redhat.java\1.45.0\config_win -data c:\Users\Technyx\AppData\Roaming\Code\User\workspaceStorage\b6574fec2badbdb96867a97d384b210d\redhat.java\jdt_ws --pipe=\\.\pipe\lsp-cad91cac019182690842b8a7f1d38754-sock
java_class_path (initial): c:\Users\Technyx\.vscode\extensions\redhat.java-1.45.0-win32-x64\server\plugins\org.eclipse.equinox.launcher_1.7.0.v20250519-0528.jar
Launcher Type: SUN_STANDARD

[Global flags]
    uintx AdaptiveSizePolicyWeight                 = 90                                        {product} {command line}
     intx CICompilerCount                          = 4                                         {product} {ergonomic}
    uintx GCTimeRatio                              = 4                                         {product} {command line}
     bool HeapDumpOnOutOfMemoryError               = true                                   {manageable} {command line}
    ccstr HeapDumpPath                             = c:\Users\Technyx\AppData\Roaming\Code\User\workspaceStorage\b6574fec2badbdb96867a97d384b210d\redhat.java         {manageable} {command line}
   size_t InitialHeapSize                          = 104857600                                 {product} {command line}
   size_t MaxHeapSize                              = 2147483648                                {product} {command line}
   size_t MaxNewSize                               = 715653120                                 {product} {ergonomic}
   size_t MinHeapDeltaBytes                        = 524288                                    {product} {ergonomic}
   size_t MinHeapSize                              = 104857600                                 {product} {command line}
   size_t NewSize                                  = 34603008                                  {product} {ergonomic}
    uintx NonNMethodCodeHeapSize                   = 5839372                                {pd product} {ergonomic}
    uintx NonProfiledCodeHeapSize                  = 122909434                              {pd product} {ergonomic}
   size_t OldSize                                  = 70254592                                  {product} {ergonomic}
    uintx ProfiledCodeHeapSize                     = 122909434                              {pd product} {ergonomic}
    uintx ReservedCodeCacheSize                    = 251658240                              {pd product} {ergonomic}
     bool SegmentedCodeCache                       = true                                      {product} {ergonomic}
   size_t SoftMaxHeapSize                          = 2147483648                             {manageable} {ergonomic}
     bool UseCompressedOops                        = true                           {product lp64_product} {ergonomic}
     bool UseLargePagesIndividualAllocation        = false                                  {pd product} {ergonomic}
     bool UseParallelGC                            = true                                      {product} {command line}

Logging:
Log output configuration:
 #0: stdout all=off uptime,level,tags foldmultilines=false
 #1: stderr all=off uptime,level,tags foldmultilines=false

Environment Variables:
JAVA_HOME=C:\Program Files\Microsoft\jdk-17.0.14.7-hotspot
PATH=c:\Users\Technyx\AppData\Local\Programs\cursor\resources\app\bin;C:\Program Files\Microsoft\jdk-17.0.14.7-hotspot\bin;C:\WINDOWS\system32;C:\WINDOWS;C:\WINDOWS\System32\Wbem;C:\WINDOWS\System32\WindowsPowerShell\v1.0\;C:\WINDOWS\System32\OpenSSH\;C:\Program Files\Git\cmd;C:\Program Files\Java\jdk-19\bin;C:\Users\Technyx\AppData\Local\Android\Sdk;C:\Users\Technyx\AppData\Local\Android\Sdk\build-tools;C:\Users\Technyx\AppData\Local\Android\Sdk\platform-tools;C:\Users\Technyx\AppData\Local\Android\Sdk\platforms;C:\Users\Technyx\AppData\Local\Android\Sdk\emulator;C:\ProgramData\chocolatey\bin;C:\Users\Technyx\AppData\Roaming\nvm;C:\Program Files\nodejs;C:\Program Files\Git LFS;C:\Users\Technyx\AppData\Local\Microsoft\WindowsApps;C:\Users\Technyx\AppData\Local\GitHubDesktop\bin;C:\Users\Technyx\AppData\Local\Android\Sdk;C:\Users\Technyx\AppData\Local\Android\Sdk\platform-tools;C:\Users\Technyx\AppData\Local\Android\Sdk\platforms;C:\Users\Technyx\AppData\Local\Android\Sdk\emulator;C:\Users\Technyx\AppData\Local\And;C:\Program Files\Microsoft VS Code\bin;C:\Python27;C:\Python27\Scripts;C:\Program Files\Microsoft SQL Server\150\Tools\Binn\;C:\Program Files\Microsoft SQL Server\Client SDK\ODBC\170\Tools\Binn\;C:\Program Files\dotnet\;C:\Users\Technyx\AppData\Local\Android\Sdk\tools;C:\Users\Technyx\AppData\Local\Android\Sdk\tools;C:\Users\Technyx\AppData\Local\Microsoft\WindowsApps;C:\Users\Technyx\AppData\Local\GitHubDesktop\bin;C:\Users\Technyx\AppData\Local\Android\Sdk;C:\Users\Technyx\AppData\Local\Android\Sdk\platform-tools;C:\Users\Technyx\AppData\Local\Android\Sdk\platforms;C:\Users\Technyx\AppData\Local\Android\Sdk\emulator;C:\Users\Technyx\AppData\Local\Android\Sdk\build-tools;C:\Program Files\Microsoft\jdk-17.0.14.7-hotspot\bin;C:\Users\Technyx\AppData\Roaming\npm;C:\Users\Technyx\AppData\Roaming\nvm;C:\Program Files\nodejs;C:\Program Files\JetBrains\IntelliJ IDEA Community Edition 2025.1\bin;;C:\Users\Technyx\AppData\Local\Programs\cursor\resources\app\bin;C:\Python27;C:\Python27\Scripts;C:\Users\Technyx\.dotnet\tools
USERNAME=Technyx
OS=Windows_NT
PROCESSOR_IDENTIFIER=AMD64 Family 23 Model 104 Stepping 1, AuthenticAMD
TMP=C:\Users\Technyx\AppData\Local\Temp
TEMP=C:\Users\Technyx\AppData\Local\Temp




Periodic native trim disabled

---------------  S Y S T E M  ---------------

OS:
 Windows 11 , 64 bit Build 26100 (10.0.26100.6725)
OS uptime: 1 days 2:31 hours

CPU: total 12 (initial active 12) (12 cores per cpu, 2 threads per core) family 23 model 104 stepping 1 microcode 0x8608109, cx8, cmov, fxsr, ht, mmx, 3dnowpref, sse, sse2, sse3, ssse3, sse4a, sse4.1, sse4.2, popcnt, lzcnt, tsc, tscinvbit, avx, avx2, aes, clmul, bmi1, bmi2, adx, sha, fma, vzeroupper, clflush, clflushopt, rdtscp, rdpid, f16c
Processor Information for the first 12 processors :
  Max Mhz: 2100, Current Mhz: 2100, Mhz Limit: 2100

Memory: 4k page, system-wide physical 15693M (1516M free)
TotalPageFile size 46218M (AvailPageFile size 4M)
current process WorkingSet (physical memory assigned to process): 783M, peak: 848M
current process commit charge ("private bytes"): 729M, peak: 805M

vm_info: OpenJDK 64-Bit Server VM (21.0.8+9-LTS) for windows-amd64 JRE (21.0.8+9-LTS), built on 2025-07-15T00:00:00Z by "admin" with MS VC++ 17.7 (VS2022)

END.
