#
# There is insufficient memory for the Java Runtime Environment to continue.
# Native memory allocation (malloc) failed to allocate 2300688 bytes. Error detail: Chunk::new
# Possible reasons:
#   The system is out of physical RAM or swap space
#   This process is running with CompressedOops enabled, and the Java Heap may be blocking the growth of the native heap
# Possible solutions:
#   Reduce memory load on the system
#   Increase physical memory or swap space
#   Check if swap backing store is full
#   Decrease Java heap size (-Xmx/-Xms)
#   Decrease number of Java threads
#   Decrease Java thread stack sizes (-Xss)
#   Set larger code cache with -XX:ReservedCodeCacheSize=
#   JVM is running with Unscaled Compressed Oops mode in which the Java heap is
#     placed in the first 4GB address space. The Java Heap base address is the
#     maximum limit for the native heap growth. Please use -XX:HeapBaseMinAddress
#     to set the Java Heap base and to place the Java Heap above 4GB virtual address.
# This output file may be truncated or incomplete.
#
#  Out of Memory Error (arena.cpp:191), pid=27972, tid=13088
#
# JRE version: OpenJDK Runtime Environment Microsoft-10800295 (17.0.14+7) (build 17.0.14+7-LTS)
# Java VM: OpenJDK 64-Bit Server VM Microsoft-10800295 (17.0.14+7-LTS, mixed mode, sharing, tiered, compressed oops, compressed class ptrs, g1 gc, windows-amd64)
# No core dump will be written. Minidumps are not enabled by default on client versions of Windows
#

---------------  S U M M A R Y ------------

Command Line: -XX:MaxMetaspaceSize=512m --add-opens=java.base/java.util=ALL-UNNAMED --add-opens=java.base/java.lang=ALL-UNNAMED --add-opens=java.base/java.lang.invoke=ALL-UNNAMED --add-opens=java.prefs/java.util.prefs=ALL-UNNAMED --add-exports=jdk.compiler/com.sun.tools.javac.api=ALL-UNNAMED --add-exports=jdk.compiler/com.sun.tools.javac.util=ALL-UNNAMED --add-opens=java.base/java.nio.charset=ALL-UNNAMED --add-opens=java.base/java.net=ALL-UNNAMED --add-opens=java.base/java.util.concurrent.atomic=ALL-UNNAMED -Xmx2048m -Dfile.encoding=utf8 -Duser.country=US -Duser.language=en -Duser.variant -javaagent:C:\Users\Technyx\.gradle\wrapper\dists\gradle-8.10.2-all\7iv73wktx1xtkvlq19urqw1wm\gradle-8.10.2\lib\agents\gradle-instrumentation-agent-8.10.2.jar org.gradle.launcher.daemon.bootstrap.GradleDaemon 8.10.2

Host: AMD Ryzen 5 5500U with Radeon Graphics         , 12 cores, 15G,  Windows 11 , 64 bit Build 26100 (10.0.26100.6725)
Time: Wed Oct  1 17:51:13 2025 Pakistan Standard Time elapsed time: 3.324791 seconds (0d 0h 0m 3s)

---------------  T H R E A D  ---------------

Current thread (0x000001d6a770fb00):  JavaThread "C2 CompilerThread1" daemon [_thread_in_native, id=13088, stack(0x00000040a5200000,0x00000040a5300000)]


Current CompileTask:
C2:   3324 2479   !   4       java.net.URLClassLoader::findClass (47 bytes)

Stack: [0x00000040a5200000,0x00000040a5300000]
Native frames: (J=compiled Java code, j=interpreted, Vv=VM code, C=native code)
V  [jvm.dll+0x6886b9]
V  [jvm.dll+0x83f6f8]
V  [jvm.dll+0x8411a3]
V  [jvm.dll+0x841813]
V  [jvm.dll+0x2495cf]
V  [jvm.dll+0xad0d4]
V  [jvm.dll+0xad76c]
V  [jvm.dll+0x36ae0e]
V  [jvm.dll+0x335403]
V  [jvm.dll+0x33489a]
V  [jvm.dll+0x21a7e8]
V  [jvm.dll+0x219c1f]
V  [jvm.dll+0x1a5596]
V  [jvm.dll+0x22a27a]
V  [jvm.dll+0x2283bb]
V  [jvm.dll+0x7f4f48]
V  [jvm.dll+0x7ef2ac]
V  [jvm.dll+0x687597]
C  [ucrtbase.dll+0x37b0]
C  [KERNEL32.DLL+0x2e8d7]
C  [ntdll.dll+0x8c53c]


---------------  P R O C E S S  ---------------

Threads class SMR info:
_java_thread_list=0x000001d6a8851260, length=26, elements={
0x000001d6e85a0d80, 0x000001d6845a5530, 0x000001d6845a6000, 0x000001d6845bb940,
0x000001d6845bc210, 0x000001d6845bdaf0, 0x000001d6845c03d0, 0x000001d6845c4fe0,
0x000001d6845e79c0, 0x000001d6845f02e0, 0x000001d6a20808b0, 0x000001d6a21f1a00,
0x000001d6a770fb00, 0x000001d6a7cc6000, 0x000001d6a84658e0, 0x000001d6a84f4530,
0x000001d6a8635df0, 0x000001d6a87c0eb0, 0x000001d6a868c830, 0x000001d6a868c320,
0x000001d6a8689080, 0x000001d6a8689aa0, 0x000001d6a868aee0, 0x000001d6a868be10,
0x000001d6a868b900, 0x000001d6a8689fb0
}

Java Threads: ( => current thread )
  0x000001d6e85a0d80 JavaThread "main" [_thread_blocked, id=26560, stack(0x00000040a3f00000,0x00000040a4000000)]
  0x000001d6845a5530 JavaThread "Reference Handler" daemon [_thread_blocked, id=3420, stack(0x00000040a4600000,0x00000040a4700000)]
  0x000001d6845a6000 JavaThread "Finalizer" daemon [_thread_blocked, id=25424, stack(0x00000040a4700000,0x00000040a4800000)]
  0x000001d6845bb940 JavaThread "Signal Dispatcher" daemon [_thread_blocked, id=24548, stack(0x00000040a4800000,0x00000040a4900000)]
  0x000001d6845bc210 JavaThread "Attach Listener" daemon [_thread_blocked, id=7652, stack(0x00000040a4900000,0x00000040a4a00000)]
  0x000001d6845bdaf0 JavaThread "Service Thread" daemon [_thread_blocked, id=26456, stack(0x00000040a4a00000,0x00000040a4b00000)]
  0x000001d6845c03d0 JavaThread "Monitor Deflation Thread" daemon [_thread_blocked, id=26052, stack(0x00000040a4b00000,0x00000040a4c00000)]
  0x000001d6845c4fe0 JavaThread "C2 CompilerThread0" daemon [_thread_in_native, id=25284, stack(0x00000040a4c00000,0x00000040a4d00000)]
  0x000001d6845e79c0 JavaThread "C1 CompilerThread0" daemon [_thread_blocked, id=19540, stack(0x00000040a4d00000,0x00000040a4e00000)]
  0x000001d6845f02e0 JavaThread "Sweeper thread" daemon [_thread_blocked, id=7688, stack(0x00000040a4e00000,0x00000040a4f00000)]
  0x000001d6a20808b0 JavaThread "Common-Cleaner" daemon [_thread_blocked, id=2704, stack(0x00000040a4f00000,0x00000040a5000000)]
  0x000001d6a21f1a00 JavaThread "Notification Thread" daemon [_thread_blocked, id=19524, stack(0x00000040a5000000,0x00000040a5100000)]
=>0x000001d6a770fb00 JavaThread "C2 CompilerThread1" daemon [_thread_in_native, id=13088, stack(0x00000040a5200000,0x00000040a5300000)]
  0x000001d6a7cc6000 JavaThread "Daemon health stats" [_thread_blocked, id=13952, stack(0x00000040a5300000,0x00000040a5400000)]
  0x000001d6a84658e0 JavaThread "Incoming local TCP Connector on port 60789" [_thread_in_native, id=10112, stack(0x00000040a5800000,0x00000040a5900000)]
  0x000001d6a84f4530 JavaThread "Daemon periodic checks" [_thread_blocked, id=23228, stack(0x00000040a5900000,0x00000040a5a00000)]
  0x000001d6a8635df0 JavaThread "Daemon" [_thread_blocked, id=10968, stack(0x00000040a5a00000,0x00000040a5b00000)]
  0x000001d6a87c0eb0 JavaThread "Handler for socket connection from /127.0.0.1:60789 to /127.0.0.1:60790" [_thread_in_native, id=10836, stack(0x00000040a5b00000,0x00000040a5c00000)]
  0x000001d6a868c830 JavaThread "Cancel handler" [_thread_blocked, id=20600, stack(0x00000040a5c00000,0x00000040a5d00000)]
  0x000001d6a868c320 JavaThread "Daemon worker" [_thread_in_vm, id=20084, stack(0x00000040a5d00000,0x00000040a5e00000)]
  0x000001d6a8689080 JavaThread "Asynchronous log dispatcher for DefaultDaemonConnection: socket connection from /127.0.0.1:60789 to /127.0.0.1:60790" [_thread_blocked, id=8612, stack(0x00000040a5e00000,0x00000040a5f00000)]
  0x000001d6a8689aa0 JavaThread "Stdin handler" [_thread_blocked, id=27248, stack(0x00000040a5f00000,0x00000040a6000000)]
  0x000001d6a868aee0 JavaThread "Daemon client event forwarder" [_thread_blocked, id=19052, stack(0x00000040a6000000,0x00000040a6100000)]
  0x000001d6a868be10 JavaThread "Cache worker for journal cache (C:\Users\Technyx\.gradle\caches\journal-1)" [_thread_blocked, id=27580, stack(0x00000040a6100000,0x00000040a6200000)]
  0x000001d6a868b900 JavaThread "File lock request listener" [_thread_in_native, id=28288, stack(0x00000040a6200000,0x00000040a6300000)]
  0x000001d6a8689fb0 JavaThread "Cache worker for file hash cache (C:\Users\Technyx\.gradle\caches\8.10.2\fileHashes)" [_thread_blocked, id=22836, stack(0x00000040a6300000,0x00000040a6400000)]

Other Threads:
  0x000001d6845a1440 VMThread "VM Thread" [stack: 0x00000040a4500000,0x00000040a4600000] [id=14504]
  0x000001d6e85a18b0 WatcherThread [stack: 0x00000040a5100000,0x00000040a5200000] [id=17624]
  0x000001d6e85f9dc0 GCTaskThread "GC Thread#0" [stack: 0x00000040a4000000,0x00000040a4100000] [id=5904]
  0x000001d6a280eb20 GCTaskThread "GC Thread#1" [stack: 0x00000040a5400000,0x00000040a5500000] [id=28336]
  0x000001d6a2609810 GCTaskThread "GC Thread#2" [stack: 0x00000040a5500000,0x00000040a5600000] [id=6856]
  0x000001d6a70abcf0 GCTaskThread "GC Thread#3" [stack: 0x00000040a5600000,0x00000040a5700000] [id=10868]
  0x000001d6a70abfb0 GCTaskThread "GC Thread#4" [stack: 0x00000040a5700000,0x00000040a5800000] [id=384]
  0x000001d684442010 ConcurrentGCThread "G1 Main Marker" [stack: 0x00000040a4100000,0x00000040a4200000] [id=22120]
  0x000001d6844430e0 ConcurrentGCThread "G1 Conc#0" [stack: 0x00000040a4200000,0x00000040a4300000] [id=21244]
  0x000001d6e863e570 ConcurrentGCThread "G1 Refine#0" [stack: 0x00000040a4300000,0x00000040a4400000] [id=21272]
  0x000001d6844ce080 ConcurrentGCThread "G1 Service" [stack: 0x00000040a4400000,0x00000040a4500000] [id=8348]

Threads with active compile tasks:
C2 CompilerThread0     4354 2414   !   4       java.lang.ClassLoader::loadClass (121 bytes)
C2 CompilerThread1     4354 2479   !   4       java.net.URLClassLoader::findClass (47 bytes)

VM state: not at safepoint (normal execution)

VM Mutex/Monitor currently owned by a thread: None

Heap address: 0x0000000080000000, size: 2048 MB, Compressed Oops mode: 32-bit

CDS archive(s) mapped at: [0x000001d687000000-0x000001d687bb0000-0x000001d687bb0000), size 12255232, SharedBaseAddress: 0x000001d687000000, ArchiveRelocationMode: 1.
Compressed class space mapped at: 0x000001d688000000-0x000001d6a2000000, reserved size: 436207616
Narrow klass base: 0x000001d687000000, Narrow klass shift: 0, Narrow klass range: 0x100000000

GC Precious Log:
 CPUs: 12 total, 12 available
 Memory: 15693M
 Large Page Support: Disabled
 NUMA Support: Disabled
 Compressed Oops: Enabled (32-bit)
 Heap Region Size: 1M
 Heap Min Capacity: 8M
 Heap Initial Capacity: 246M
 Heap Max Capacity: 2G
 Pre-touch: Disabled
 Parallel Workers: 10
 Concurrent Workers: 3
 Concurrent Refinement Workers: 10
 Periodic GC: Disabled

Heap:
 garbage-first heap   total 251904K, used 91295K [0x0000000080000000, 0x0000000100000000)
  region size 1024K, 78 young (79872K), 5 survivors (5120K)
 Metaspace       used 17694K, committed 17984K, reserved 491520K
  class space    used 2534K, committed 2688K, reserved 425984K

Heap Regions: E=young(eden), S=young(survivor), O=old, HS=humongous(starts), HC=humongous(continues), CS=collection set, F=free, OA=open archive, CA=closed archive, TAMS=top-at-mark-start (previous, next)
|   0|0x0000000080000000, 0x0000000080100000, 0x0000000080100000|100%| O|  |TAMS 0x0000000080000000, 0x0000000080000000| Untracked 
|   1|0x0000000080100000, 0x0000000080200000, 0x0000000080200000|100%| O|  |TAMS 0x0000000080100000, 0x0000000080100000| Untracked 
|   2|0x0000000080200000, 0x0000000080300000, 0x0000000080300000|100%|HS|  |TAMS 0x0000000080200000, 0x0000000080200000| Complete 
|   3|0x0000000080300000, 0x0000000080400000, 0x0000000080400000|100%|HC|  |TAMS 0x0000000080300000, 0x0000000080300000| Complete 
|   4|0x0000000080400000, 0x0000000080500000, 0x0000000080500000|100%|HC|  |TAMS 0x0000000080400000, 0x0000000080400000| Complete 
|   5|0x0000000080500000, 0x0000000080600000, 0x0000000080600000|100%|HC|  |TAMS 0x0000000080500000, 0x0000000080500000| Complete 
|   6|0x0000000080600000, 0x0000000080700000, 0x0000000080700000|100%| O|  |TAMS 0x0000000080600000, 0x0000000080600000| Untracked 
|   7|0x0000000080700000, 0x0000000080800000, 0x0000000080800000|100%| O|  |TAMS 0x0000000080700000, 0x0000000080700000| Untracked 
|   8|0x0000000080800000, 0x0000000080900000, 0x0000000080900000|100%| O|  |TAMS 0x0000000080800000, 0x0000000080800000| Untracked 
|   9|0x0000000080900000, 0x0000000080a00000, 0x0000000080a00000|100%|HS|  |TAMS 0x0000000080900000, 0x0000000080900000| Complete 
|  10|0x0000000080a00000, 0x0000000080a00000, 0x0000000080b00000|  0%| F|  |TAMS 0x0000000080a00000, 0x0000000080a00000| Untracked 
|  11|0x0000000080b00000, 0x0000000080c00000, 0x0000000080c00000|100%| O|  |TAMS 0x0000000080b00000, 0x0000000080b00000| Untracked 
|  12|0x0000000080c00000, 0x0000000080d00000, 0x0000000080d00000|100%| O|  |TAMS 0x0000000080c00000, 0x0000000080c00000| Untracked 
|  13|0x0000000080d00000, 0x0000000080dafc00, 0x0000000080e00000| 68%| O|  |TAMS 0x0000000080d00000, 0x0000000080d00000| Untracked 
|  14|0x0000000080e00000, 0x0000000080e00000, 0x0000000080f00000|  0%| F|  |TAMS 0x0000000080e00000, 0x0000000080e00000| Untracked 
|  15|0x0000000080f00000, 0x0000000080f00000, 0x0000000081000000|  0%| F|  |TAMS 0x0000000080f00000, 0x0000000080f00000| Untracked 
|  16|0x0000000081000000, 0x0000000081000000, 0x0000000081100000|  0%| F|  |TAMS 0x0000000081000000, 0x0000000081000000| Untracked 
|  17|0x0000000081100000, 0x0000000081100000, 0x0000000081200000|  0%| F|  |TAMS 0x0000000081100000, 0x0000000081100000| Untracked 
|  18|0x0000000081200000, 0x0000000081200000, 0x0000000081300000|  0%| F|  |TAMS 0x0000000081200000, 0x0000000081200000| Untracked 
|  19|0x0000000081300000, 0x0000000081300000, 0x0000000081400000|  0%| F|  |TAMS 0x0000000081300000, 0x0000000081300000| Untracked 
|  20|0x0000000081400000, 0x0000000081400000, 0x0000000081500000|  0%| F|  |TAMS 0x0000000081400000, 0x0000000081400000| Untracked 
|  21|0x0000000081500000, 0x0000000081500000, 0x0000000081600000|  0%| F|  |TAMS 0x0000000081500000, 0x0000000081500000| Untracked 
|  22|0x0000000081600000, 0x0000000081600000, 0x0000000081700000|  0%| F|  |TAMS 0x0000000081600000, 0x0000000081600000| Untracked 
|  23|0x0000000081700000, 0x0000000081700000, 0x0000000081800000|  0%| F|  |TAMS 0x0000000081700000, 0x0000000081700000| Untracked 
|  24|0x0000000081800000, 0x0000000081800000, 0x0000000081900000|  0%| F|  |TAMS 0x0000000081800000, 0x0000000081800000| Untracked 
|  25|0x0000000081900000, 0x0000000081900000, 0x0000000081a00000|  0%| F|  |TAMS 0x0000000081900000, 0x0000000081900000| Untracked 
|  26|0x0000000081a00000, 0x0000000081a00000, 0x0000000081b00000|  0%| F|  |TAMS 0x0000000081a00000, 0x0000000081a00000| Untracked 
|  27|0x0000000081b00000, 0x0000000081b00000, 0x0000000081c00000|  0%| F|  |TAMS 0x0000000081b00000, 0x0000000081b00000| Untracked 
|  28|0x0000000081c00000, 0x0000000081c00000, 0x0000000081d00000|  0%| F|  |TAMS 0x0000000081c00000, 0x0000000081c00000| Untracked 
|  29|0x0000000081d00000, 0x0000000081d00000, 0x0000000081e00000|  0%| F|  |TAMS 0x0000000081d00000, 0x0000000081d00000| Untracked 
|  30|0x0000000081e00000, 0x0000000081e00000, 0x0000000081f00000|  0%| F|  |TAMS 0x0000000081e00000, 0x0000000081e00000| Untracked 
|  31|0x0000000081f00000, 0x0000000081f00000, 0x0000000082000000|  0%| F|  |TAMS 0x0000000081f00000, 0x0000000081f00000| Untracked 
|  32|0x0000000082000000, 0x0000000082000000, 0x0000000082100000|  0%| F|  |TAMS 0x0000000082000000, 0x0000000082000000| Untracked 
|  33|0x0000000082100000, 0x0000000082100000, 0x0000000082200000|  0%| F|  |TAMS 0x0000000082100000, 0x0000000082100000| Untracked 
|  34|0x0000000082200000, 0x0000000082200000, 0x0000000082300000|  0%| F|  |TAMS 0x0000000082200000, 0x0000000082200000| Untracked 
|  35|0x0000000082300000, 0x0000000082300000, 0x0000000082400000|  0%| F|  |TAMS 0x0000000082300000, 0x0000000082300000| Untracked 
|  36|0x0000000082400000, 0x0000000082400000, 0x0000000082500000|  0%| F|  |TAMS 0x0000000082400000, 0x0000000082400000| Untracked 
|  37|0x0000000082500000, 0x0000000082500000, 0x0000000082600000|  0%| F|  |TAMS 0x0000000082500000, 0x0000000082500000| Untracked 
|  38|0x0000000082600000, 0x0000000082600000, 0x0000000082700000|  0%| F|  |TAMS 0x0000000082600000, 0x0000000082600000| Untracked 
|  39|0x0000000082700000, 0x0000000082700000, 0x0000000082800000|  0%| F|  |TAMS 0x0000000082700000, 0x0000000082700000| Untracked 
|  40|0x0000000082800000, 0x0000000082800000, 0x0000000082900000|  0%| F|  |TAMS 0x0000000082800000, 0x0000000082800000| Untracked 
|  41|0x0000000082900000, 0x0000000082900000, 0x0000000082a00000|  0%| F|  |TAMS 0x0000000082900000, 0x0000000082900000| Untracked 
|  42|0x0000000082a00000, 0x0000000082a00000, 0x0000000082b00000|  0%| F|  |TAMS 0x0000000082a00000, 0x0000000082a00000| Untracked 
|  43|0x0000000082b00000, 0x0000000082b00000, 0x0000000082c00000|  0%| F|  |TAMS 0x0000000082b00000, 0x0000000082b00000| Untracked 
|  44|0x0000000082c00000, 0x0000000082c00000, 0x0000000082d00000|  0%| F|  |TAMS 0x0000000082c00000, 0x0000000082c00000| Untracked 
|  45|0x0000000082d00000, 0x0000000082d00000, 0x0000000082e00000|  0%| F|  |TAMS 0x0000000082d00000, 0x0000000082d00000| Untracked 
|  46|0x0000000082e00000, 0x0000000082e00000, 0x0000000082f00000|  0%| F|  |TAMS 0x0000000082e00000, 0x0000000082e00000| Untracked 
|  47|0x0000000082f00000, 0x0000000082f00000, 0x0000000083000000|  0%| F|  |TAMS 0x0000000082f00000, 0x0000000082f00000| Untracked 
|  48|0x0000000083000000, 0x0000000083000000, 0x0000000083100000|  0%| F|  |TAMS 0x0000000083000000, 0x0000000083000000| Untracked 
|  49|0x0000000083100000, 0x0000000083100000, 0x0000000083200000|  0%| F|  |TAMS 0x0000000083100000, 0x0000000083100000| Untracked 
|  50|0x0000000083200000, 0x0000000083200000, 0x0000000083300000|  0%| F|  |TAMS 0x0000000083200000, 0x0000000083200000| Untracked 
|  51|0x0000000083300000, 0x0000000083300000, 0x0000000083400000|  0%| F|  |TAMS 0x0000000083300000, 0x0000000083300000| Untracked 
|  52|0x0000000083400000, 0x0000000083400000, 0x0000000083500000|  0%| F|  |TAMS 0x0000000083400000, 0x0000000083400000| Untracked 
|  53|0x0000000083500000, 0x0000000083500000, 0x0000000083600000|  0%| F|  |TAMS 0x0000000083500000, 0x0000000083500000| Untracked 
|  54|0x0000000083600000, 0x0000000083600000, 0x0000000083700000|  0%| F|  |TAMS 0x0000000083600000, 0x0000000083600000| Untracked 
|  55|0x0000000083700000, 0x0000000083700000, 0x0000000083800000|  0%| F|  |TAMS 0x0000000083700000, 0x0000000083700000| Untracked 
|  56|0x0000000083800000, 0x0000000083800000, 0x0000000083900000|  0%| F|  |TAMS 0x0000000083800000, 0x0000000083800000| Untracked 
|  57|0x0000000083900000, 0x0000000083900000, 0x0000000083a00000|  0%| F|  |TAMS 0x0000000083900000, 0x0000000083900000| Untracked 
|  58|0x0000000083a00000, 0x0000000083a00000, 0x0000000083b00000|  0%| F|  |TAMS 0x0000000083a00000, 0x0000000083a00000| Untracked 
|  59|0x0000000083b00000, 0x0000000083b00000, 0x0000000083c00000|  0%| F|  |TAMS 0x0000000083b00000, 0x0000000083b00000| Untracked 
|  60|0x0000000083c00000, 0x0000000083c00000, 0x0000000083d00000|  0%| F|  |TAMS 0x0000000083c00000, 0x0000000083c00000| Untracked 
|  61|0x0000000083d00000, 0x0000000083d00000, 0x0000000083e00000|  0%| F|  |TAMS 0x0000000083d00000, 0x0000000083d00000| Untracked 
|  62|0x0000000083e00000, 0x0000000083e00000, 0x0000000083f00000|  0%| F|  |TAMS 0x0000000083e00000, 0x0000000083e00000| Untracked 
|  63|0x0000000083f00000, 0x0000000083f00000, 0x0000000084000000|  0%| F|  |TAMS 0x0000000083f00000, 0x0000000083f00000| Untracked 
|  64|0x0000000084000000, 0x0000000084000000, 0x0000000084100000|  0%| F|  |TAMS 0x0000000084000000, 0x0000000084000000| Untracked 
|  65|0x0000000084100000, 0x0000000084100000, 0x0000000084200000|  0%| F|  |TAMS 0x0000000084100000, 0x0000000084100000| Untracked 
|  66|0x0000000084200000, 0x0000000084200000, 0x0000000084300000|  0%| F|  |TAMS 0x0000000084200000, 0x0000000084200000| Untracked 
|  67|0x0000000084300000, 0x0000000084300000, 0x0000000084400000|  0%| F|  |TAMS 0x0000000084300000, 0x0000000084300000| Untracked 
|  68|0x0000000084400000, 0x0000000084400000, 0x0000000084500000|  0%| F|  |TAMS 0x0000000084400000, 0x0000000084400000| Untracked 
|  69|0x0000000084500000, 0x0000000084500000, 0x0000000084600000|  0%| F|  |TAMS 0x0000000084500000, 0x0000000084500000| Untracked 
|  70|0x0000000084600000, 0x0000000084600000, 0x0000000084700000|  0%| F|  |TAMS 0x0000000084600000, 0x0000000084600000| Untracked 
|  71|0x0000000084700000, 0x0000000084700000, 0x0000000084800000|  0%| F|  |TAMS 0x0000000084700000, 0x0000000084700000| Untracked 
|  72|0x0000000084800000, 0x0000000084800000, 0x0000000084900000|  0%| F|  |TAMS 0x0000000084800000, 0x0000000084800000| Untracked 
|  73|0x0000000084900000, 0x0000000084900000, 0x0000000084a00000|  0%| F|  |TAMS 0x0000000084900000, 0x0000000084900000| Untracked 
|  74|0x0000000084a00000, 0x0000000084a00000, 0x0000000084b00000|  0%| F|  |TAMS 0x0000000084a00000, 0x0000000084a00000| Untracked 
|  75|0x0000000084b00000, 0x0000000084b00000, 0x0000000084c00000|  0%| F|  |TAMS 0x0000000084b00000, 0x0000000084b00000| Untracked 
|  76|0x0000000084c00000, 0x0000000084c00000, 0x0000000084d00000|  0%| F|  |TAMS 0x0000000084c00000, 0x0000000084c00000| Untracked 
|  77|0x0000000084d00000, 0x0000000084d00000, 0x0000000084e00000|  0%| F|  |TAMS 0x0000000084d00000, 0x0000000084d00000| Untracked 
|  78|0x0000000084e00000, 0x0000000084e00000, 0x0000000084f00000|  0%| F|  |TAMS 0x0000000084e00000, 0x0000000084e00000| Untracked 
|  79|0x0000000084f00000, 0x0000000084f00000, 0x0000000085000000|  0%| F|  |TAMS 0x0000000084f00000, 0x0000000084f00000| Untracked 
|  80|0x0000000085000000, 0x0000000085000000, 0x0000000085100000|  0%| F|  |TAMS 0x0000000085000000, 0x0000000085000000| Untracked 
|  81|0x0000000085100000, 0x0000000085100000, 0x0000000085200000|  0%| F|  |TAMS 0x0000000085100000, 0x0000000085100000| Untracked 
|  82|0x0000000085200000, 0x0000000085200000, 0x0000000085300000|  0%| F|  |TAMS 0x0000000085200000, 0x0000000085200000| Untracked 
|  83|0x0000000085300000, 0x0000000085300000, 0x0000000085400000|  0%| F|  |TAMS 0x0000000085300000, 0x0000000085300000| Untracked 
|  84|0x0000000085400000, 0x0000000085400000, 0x0000000085500000|  0%| F|  |TAMS 0x0000000085400000, 0x0000000085400000| Untracked 
|  85|0x0000000085500000, 0x0000000085500000, 0x0000000085600000|  0%| F|  |TAMS 0x0000000085500000, 0x0000000085500000| Untracked 
|  86|0x0000000085600000, 0x0000000085600000, 0x0000000085700000|  0%| F|  |TAMS 0x0000000085600000, 0x0000000085600000| Untracked 
|  87|0x0000000085700000, 0x0000000085700000, 0x0000000085800000|  0%| F|  |TAMS 0x0000000085700000, 0x0000000085700000| Untracked 
|  88|0x0000000085800000, 0x0000000085800000, 0x0000000085900000|  0%| F|  |TAMS 0x0000000085800000, 0x0000000085800000| Untracked 
|  89|0x0000000085900000, 0x0000000085900000, 0x0000000085a00000|  0%| F|  |TAMS 0x0000000085900000, 0x0000000085900000| Untracked 
|  90|0x0000000085a00000, 0x0000000085a00000, 0x0000000085b00000|  0%| F|  |TAMS 0x0000000085a00000, 0x0000000085a00000| Untracked 
|  91|0x0000000085b00000, 0x0000000085b00000, 0x0000000085c00000|  0%| F|  |TAMS 0x0000000085b00000, 0x0000000085b00000| Untracked 
|  92|0x0000000085c00000, 0x0000000085c00000, 0x0000000085d00000|  0%| F|  |TAMS 0x0000000085c00000, 0x0000000085c00000| Untracked 
|  93|0x0000000085d00000, 0x0000000085d00000, 0x0000000085e00000|  0%| F|  |TAMS 0x0000000085d00000, 0x0000000085d00000| Untracked 
|  94|0x0000000085e00000, 0x0000000085e00000, 0x0000000085f00000|  0%| F|  |TAMS 0x0000000085e00000, 0x0000000085e00000| Untracked 
|  95|0x0000000085f00000, 0x0000000085f00000, 0x0000000086000000|  0%| F|  |TAMS 0x0000000085f00000, 0x0000000085f00000| Untracked 
|  96|0x0000000086000000, 0x0000000086000000, 0x0000000086100000|  0%| F|  |TAMS 0x0000000086000000, 0x0000000086000000| Untracked 
|  97|0x0000000086100000, 0x0000000086100000, 0x0000000086200000|  0%| F|  |TAMS 0x0000000086100000, 0x0000000086100000| Untracked 
|  98|0x0000000086200000, 0x0000000086200000, 0x0000000086300000|  0%| F|  |TAMS 0x0000000086200000, 0x0000000086200000| Untracked 
|  99|0x0000000086300000, 0x0000000086300000, 0x0000000086400000|  0%| F|  |TAMS 0x0000000086300000, 0x0000000086300000| Untracked 
| 100|0x0000000086400000, 0x0000000086400000, 0x0000000086500000|  0%| F|  |TAMS 0x0000000086400000, 0x0000000086400000| Untracked 
| 101|0x0000000086500000, 0x0000000086500000, 0x0000000086600000|  0%| F|  |TAMS 0x0000000086500000, 0x0000000086500000| Untracked 
| 102|0x0000000086600000, 0x0000000086600000, 0x0000000086700000|  0%| F|  |TAMS 0x0000000086600000, 0x0000000086600000| Untracked 
| 103|0x0000000086700000, 0x0000000086700000, 0x0000000086800000|  0%| F|  |TAMS 0x0000000086700000, 0x0000000086700000| Untracked 
| 104|0x0000000086800000, 0x0000000086800000, 0x0000000086900000|  0%| F|  |TAMS 0x0000000086800000, 0x0000000086800000| Untracked 
| 105|0x0000000086900000, 0x0000000086900000, 0x0000000086a00000|  0%| F|  |TAMS 0x0000000086900000, 0x0000000086900000| Untracked 
| 106|0x0000000086a00000, 0x0000000086a00000, 0x0000000086b00000|  0%| F|  |TAMS 0x0000000086a00000, 0x0000000086a00000| Untracked 
| 107|0x0000000086b00000, 0x0000000086b00000, 0x0000000086c00000|  0%| F|  |TAMS 0x0000000086b00000, 0x0000000086b00000| Untracked 
| 108|0x0000000086c00000, 0x0000000086c00000, 0x0000000086d00000|  0%| F|  |TAMS 0x0000000086c00000, 0x0000000086c00000| Untracked 
| 109|0x0000000086d00000, 0x0000000086d00000, 0x0000000086e00000|  0%| F|  |TAMS 0x0000000086d00000, 0x0000000086d00000| Untracked 
| 110|0x0000000086e00000, 0x0000000086e00000, 0x0000000086f00000|  0%| F|  |TAMS 0x0000000086e00000, 0x0000000086e00000| Untracked 
| 111|0x0000000086f00000, 0x0000000086f00000, 0x0000000087000000|  0%| F|  |TAMS 0x0000000086f00000, 0x0000000086f00000| Untracked 
| 112|0x0000000087000000, 0x0000000087000000, 0x0000000087100000|  0%| F|  |TAMS 0x0000000087000000, 0x0000000087000000| Untracked 
| 113|0x0000000087100000, 0x0000000087100000, 0x0000000087200000|  0%| F|  |TAMS 0x0000000087100000, 0x0000000087100000| Untracked 
| 114|0x0000000087200000, 0x0000000087200000, 0x0000000087300000|  0%| F|  |TAMS 0x0000000087200000, 0x0000000087200000| Untracked 
| 115|0x0000000087300000, 0x0000000087300000, 0x0000000087400000|  0%| F|  |TAMS 0x0000000087300000, 0x0000000087300000| Untracked 
| 116|0x0000000087400000, 0x0000000087400000, 0x0000000087500000|  0%| F|  |TAMS 0x0000000087400000, 0x0000000087400000| Untracked 
| 117|0x0000000087500000, 0x0000000087500000, 0x0000000087600000|  0%| F|  |TAMS 0x0000000087500000, 0x0000000087500000| Untracked 
| 118|0x0000000087600000, 0x0000000087600000, 0x0000000087700000|  0%| F|  |TAMS 0x0000000087600000, 0x0000000087600000| Untracked 
| 119|0x0000000087700000, 0x0000000087700000, 0x0000000087800000|  0%| F|  |TAMS 0x0000000087700000, 0x0000000087700000| Untracked 
| 120|0x0000000087800000, 0x0000000087800000, 0x0000000087900000|  0%| F|  |TAMS 0x0000000087800000, 0x0000000087800000| Untracked 
| 121|0x0000000087900000, 0x0000000087900000, 0x0000000087a00000|  0%| F|  |TAMS 0x0000000087900000, 0x0000000087900000| Untracked 
| 122|0x0000000087a00000, 0x0000000087a00000, 0x0000000087b00000|  0%| F|  |TAMS 0x0000000087a00000, 0x0000000087a00000| Untracked 
| 123|0x0000000087b00000, 0x0000000087b00000, 0x0000000087c00000|  0%| F|  |TAMS 0x0000000087b00000, 0x0000000087b00000| Untracked 
| 124|0x0000000087c00000, 0x0000000087c00000, 0x0000000087d00000|  0%| F|  |TAMS 0x0000000087c00000, 0x0000000087c00000| Untracked 
| 125|0x0000000087d00000, 0x0000000087d00000, 0x0000000087e00000|  0%| F|  |TAMS 0x0000000087d00000, 0x0000000087d00000| Untracked 
| 126|0x0000000087e00000, 0x0000000087e00000, 0x0000000087f00000|  0%| F|  |TAMS 0x0000000087e00000, 0x0000000087e00000| Untracked 
| 127|0x0000000087f00000, 0x0000000087f00000, 0x0000000088000000|  0%| F|  |TAMS 0x0000000087f00000, 0x0000000087f00000| Untracked 
| 128|0x0000000088000000, 0x0000000088000000, 0x0000000088100000|  0%| F|  |TAMS 0x0000000088000000, 0x0000000088000000| Untracked 
| 129|0x0000000088100000, 0x0000000088100000, 0x0000000088200000|  0%| F|  |TAMS 0x0000000088100000, 0x0000000088100000| Untracked 
| 130|0x0000000088200000, 0x0000000088200000, 0x0000000088300000|  0%| F|  |TAMS 0x0000000088200000, 0x0000000088200000| Untracked 
| 131|0x0000000088300000, 0x0000000088300000, 0x0000000088400000|  0%| F|  |TAMS 0x0000000088300000, 0x0000000088300000| Untracked 
| 132|0x0000000088400000, 0x0000000088400000, 0x0000000088500000|  0%| F|  |TAMS 0x0000000088400000, 0x0000000088400000| Untracked 
| 133|0x0000000088500000, 0x0000000088500000, 0x0000000088600000|  0%| F|  |TAMS 0x0000000088500000, 0x0000000088500000| Untracked 
| 134|0x0000000088600000, 0x0000000088600000, 0x0000000088700000|  0%| F|  |TAMS 0x0000000088600000, 0x0000000088600000| Untracked 
| 135|0x0000000088700000, 0x0000000088700000, 0x0000000088800000|  0%| F|  |TAMS 0x0000000088700000, 0x0000000088700000| Untracked 
| 136|0x0000000088800000, 0x0000000088800000, 0x0000000088900000|  0%| F|  |TAMS 0x0000000088800000, 0x0000000088800000| Untracked 
| 137|0x0000000088900000, 0x0000000088900000, 0x0000000088a00000|  0%| F|  |TAMS 0x0000000088900000, 0x0000000088900000| Untracked 
| 138|0x0000000088a00000, 0x0000000088a00000, 0x0000000088b00000|  0%| F|  |TAMS 0x0000000088a00000, 0x0000000088a00000| Untracked 
| 139|0x0000000088b00000, 0x0000000088b00000, 0x0000000088c00000|  0%| F|  |TAMS 0x0000000088b00000, 0x0000000088b00000| Untracked 
| 140|0x0000000088c00000, 0x0000000088c00000, 0x0000000088d00000|  0%| F|  |TAMS 0x0000000088c00000, 0x0000000088c00000| Untracked 
| 141|0x0000000088d00000, 0x0000000088d00000, 0x0000000088e00000|  0%| F|  |TAMS 0x0000000088d00000, 0x0000000088d00000| Untracked 
| 142|0x0000000088e00000, 0x0000000088e00000, 0x0000000088f00000|  0%| F|  |TAMS 0x0000000088e00000, 0x0000000088e00000| Untracked 
| 143|0x0000000088f00000, 0x0000000088f00000, 0x0000000089000000|  0%| F|  |TAMS 0x0000000088f00000, 0x0000000088f00000| Untracked 
| 144|0x0000000089000000, 0x0000000089000000, 0x0000000089100000|  0%| F|  |TAMS 0x0000000089000000, 0x0000000089000000| Untracked 
| 145|0x0000000089100000, 0x0000000089100000, 0x0000000089200000|  0%| F|  |TAMS 0x0000000089100000, 0x0000000089100000| Untracked 
| 146|0x0000000089200000, 0x0000000089200000, 0x0000000089300000|  0%| F|  |TAMS 0x0000000089200000, 0x0000000089200000| Untracked 
| 147|0x0000000089300000, 0x0000000089300000, 0x0000000089400000|  0%| F|  |TAMS 0x0000000089300000, 0x0000000089300000| Untracked 
| 148|0x0000000089400000, 0x0000000089400000, 0x0000000089500000|  0%| F|  |TAMS 0x0000000089400000, 0x0000000089400000| Untracked 
| 149|0x0000000089500000, 0x0000000089500000, 0x0000000089600000|  0%| F|  |TAMS 0x0000000089500000, 0x0000000089500000| Untracked 
| 150|0x0000000089600000, 0x0000000089600000, 0x0000000089700000|  0%| F|  |TAMS 0x0000000089600000, 0x0000000089600000| Untracked 
| 151|0x0000000089700000, 0x0000000089700000, 0x0000000089800000|  0%| F|  |TAMS 0x0000000089700000, 0x0000000089700000| Untracked 
| 152|0x0000000089800000, 0x0000000089800000, 0x0000000089900000|  0%| F|  |TAMS 0x0000000089800000, 0x0000000089800000| Untracked 
| 153|0x0000000089900000, 0x0000000089900000, 0x0000000089a00000|  0%| F|  |TAMS 0x0000000089900000, 0x0000000089900000| Untracked 
| 154|0x0000000089a00000, 0x0000000089a00000, 0x0000000089b00000|  0%| F|  |TAMS 0x0000000089a00000, 0x0000000089a00000| Untracked 
| 155|0x0000000089b00000, 0x0000000089b00000, 0x0000000089c00000|  0%| F|  |TAMS 0x0000000089b00000, 0x0000000089b00000| Untracked 
| 156|0x0000000089c00000, 0x0000000089c00000, 0x0000000089d00000|  0%| F|  |TAMS 0x0000000089c00000, 0x0000000089c00000| Untracked 
| 157|0x0000000089d00000, 0x0000000089d00000, 0x0000000089e00000|  0%| F|  |TAMS 0x0000000089d00000, 0x0000000089d00000| Untracked 
| 158|0x0000000089e00000, 0x0000000089e00000, 0x0000000089f00000|  0%| F|  |TAMS 0x0000000089e00000, 0x0000000089e00000| Untracked 
| 159|0x0000000089f00000, 0x0000000089f00000, 0x000000008a000000|  0%| F|  |TAMS 0x0000000089f00000, 0x0000000089f00000| Untracked 
| 160|0x000000008a000000, 0x000000008a000000, 0x000000008a100000|  0%| F|  |TAMS 0x000000008a000000, 0x000000008a000000| Untracked 
| 161|0x000000008a100000, 0x000000008a100000, 0x000000008a200000|  0%| F|  |TAMS 0x000000008a100000, 0x000000008a100000| Untracked 
| 162|0x000000008a200000, 0x000000008a200000, 0x000000008a300000|  0%| F|  |TAMS 0x000000008a200000, 0x000000008a200000| Untracked 
| 163|0x000000008a300000, 0x000000008a300000, 0x000000008a400000|  0%| F|  |TAMS 0x000000008a300000, 0x000000008a300000| Untracked 
| 164|0x000000008a400000, 0x000000008a400000, 0x000000008a500000|  0%| F|  |TAMS 0x000000008a400000, 0x000000008a400000| Untracked 
| 165|0x000000008a500000, 0x000000008a500000, 0x000000008a600000|  0%| F|  |TAMS 0x000000008a500000, 0x000000008a500000| Untracked 
| 166|0x000000008a600000, 0x000000008a600000, 0x000000008a700000|  0%| F|  |TAMS 0x000000008a600000, 0x000000008a600000| Untracked 
| 167|0x000000008a700000, 0x000000008a700000, 0x000000008a800000|  0%| F|  |TAMS 0x000000008a700000, 0x000000008a700000| Untracked 
| 168|0x000000008a800000, 0x000000008a900000, 0x000000008a900000|100%| E|  |TAMS 0x000000008a800000, 0x000000008a800000| Complete 
| 169|0x000000008a900000, 0x000000008aa00000, 0x000000008aa00000|100%| E|CS|TAMS 0x000000008a900000, 0x000000008a900000| Complete 
| 170|0x000000008aa00000, 0x000000008ab00000, 0x000000008ab00000|100%| E|CS|TAMS 0x000000008aa00000, 0x000000008aa00000| Complete 
| 171|0x000000008ab00000, 0x000000008ac00000, 0x000000008ac00000|100%| E|CS|TAMS 0x000000008ab00000, 0x000000008ab00000| Complete 
| 172|0x000000008ac00000, 0x000000008ad00000, 0x000000008ad00000|100%| E|CS|TAMS 0x000000008ac00000, 0x000000008ac00000| Complete 
| 173|0x000000008ad00000, 0x000000008ae00000, 0x000000008ae00000|100%| E|CS|TAMS 0x000000008ad00000, 0x000000008ad00000| Complete 
| 174|0x000000008ae00000, 0x000000008af00000, 0x000000008af00000|100%| E|CS|TAMS 0x000000008ae00000, 0x000000008ae00000| Complete 
| 175|0x000000008af00000, 0x000000008b000000, 0x000000008b000000|100%| E|CS|TAMS 0x000000008af00000, 0x000000008af00000| Complete 
| 176|0x000000008b000000, 0x000000008b100000, 0x000000008b100000|100%| E|CS|TAMS 0x000000008b000000, 0x000000008b000000| Complete 
| 177|0x000000008b100000, 0x000000008b200000, 0x000000008b200000|100%| E|CS|TAMS 0x000000008b100000, 0x000000008b100000| Complete 
| 178|0x000000008b200000, 0x000000008b300000, 0x000000008b300000|100%| E|CS|TAMS 0x000000008b200000, 0x000000008b200000| Complete 
| 179|0x000000008b300000, 0x000000008b400000, 0x000000008b400000|100%| E|CS|TAMS 0x000000008b300000, 0x000000008b300000| Complete 
| 180|0x000000008b400000, 0x000000008b500000, 0x000000008b500000|100%| E|CS|TAMS 0x000000008b400000, 0x000000008b400000| Complete 
| 181|0x000000008b500000, 0x000000008b600000, 0x000000008b600000|100%| E|CS|TAMS 0x000000008b500000, 0x000000008b500000| Complete 
| 182|0x000000008b600000, 0x000000008b700000, 0x000000008b700000|100%| E|CS|TAMS 0x000000008b600000, 0x000000008b600000| Complete 
| 183|0x000000008b700000, 0x000000008b800000, 0x000000008b800000|100%| E|CS|TAMS 0x000000008b700000, 0x000000008b700000| Complete 
| 184|0x000000008b800000, 0x000000008b900000, 0x000000008b900000|100%| E|CS|TAMS 0x000000008b800000, 0x000000008b800000| Complete 
| 185|0x000000008b900000, 0x000000008ba00000, 0x000000008ba00000|100%| E|CS|TAMS 0x000000008b900000, 0x000000008b900000| Complete 
| 186|0x000000008ba00000, 0x000000008bb00000, 0x000000008bb00000|100%| E|CS|TAMS 0x000000008ba00000, 0x000000008ba00000| Complete 
| 187|0x000000008bb00000, 0x000000008bc00000, 0x000000008bc00000|100%| E|CS|TAMS 0x000000008bb00000, 0x000000008bb00000| Complete 
| 188|0x000000008bc00000, 0x000000008bd00000, 0x000000008bd00000|100%| E|CS|TAMS 0x000000008bc00000, 0x000000008bc00000| Complete 
| 189|0x000000008bd00000, 0x000000008be00000, 0x000000008be00000|100%| E|CS|TAMS 0x000000008bd00000, 0x000000008bd00000| Complete 
| 190|0x000000008be00000, 0x000000008bf00000, 0x000000008bf00000|100%| E|CS|TAMS 0x000000008be00000, 0x000000008be00000| Complete 
| 191|0x000000008bf00000, 0x000000008c000000, 0x000000008c000000|100%| E|CS|TAMS 0x000000008bf00000, 0x000000008bf00000| Complete 
| 192|0x000000008c000000, 0x000000008c100000, 0x000000008c100000|100%| E|CS|TAMS 0x000000008c000000, 0x000000008c000000| Complete 
| 193|0x000000008c100000, 0x000000008c1783e8, 0x000000008c200000| 46%| S|CS|TAMS 0x000000008c100000, 0x000000008c100000| Complete 
| 194|0x000000008c200000, 0x000000008c300000, 0x000000008c300000|100%| S|CS|TAMS 0x000000008c200000, 0x000000008c200000| Complete 
| 195|0x000000008c300000, 0x000000008c400000, 0x000000008c400000|100%| S|CS|TAMS 0x000000008c300000, 0x000000008c300000| Complete 
| 196|0x000000008c400000, 0x000000008c500000, 0x000000008c500000|100%| S|CS|TAMS 0x000000008c400000, 0x000000008c400000| Complete 
| 197|0x000000008c500000, 0x000000008c600000, 0x000000008c600000|100%| S|CS|TAMS 0x000000008c500000, 0x000000008c500000| Complete 
| 198|0x000000008c600000, 0x000000008c700000, 0x000000008c700000|100%| E|CS|TAMS 0x000000008c600000, 0x000000008c600000| Complete 
| 199|0x000000008c700000, 0x000000008c800000, 0x000000008c800000|100%| E|CS|TAMS 0x000000008c700000, 0x000000008c700000| Complete 
| 200|0x000000008c800000, 0x000000008c900000, 0x000000008c900000|100%| E|CS|TAMS 0x000000008c800000, 0x000000008c800000| Complete 
| 201|0x000000008c900000, 0x000000008ca00000, 0x000000008ca00000|100%| E|CS|TAMS 0x000000008c900000, 0x000000008c900000| Complete 
| 202|0x000000008ca00000, 0x000000008cb00000, 0x000000008cb00000|100%| E|CS|TAMS 0x000000008ca00000, 0x000000008ca00000| Complete 
| 203|0x000000008cb00000, 0x000000008cc00000, 0x000000008cc00000|100%| E|CS|TAMS 0x000000008cb00000, 0x000000008cb00000| Complete 
| 204|0x000000008cc00000, 0x000000008cd00000, 0x000000008cd00000|100%| E|CS|TAMS 0x000000008cc00000, 0x000000008cc00000| Complete 
| 205|0x000000008cd00000, 0x000000008ce00000, 0x000000008ce00000|100%| E|CS|TAMS 0x000000008cd00000, 0x000000008cd00000| Complete 
| 206|0x000000008ce00000, 0x000000008cf00000, 0x000000008cf00000|100%| E|CS|TAMS 0x000000008ce00000, 0x000000008ce00000| Complete 
| 207|0x000000008cf00000, 0x000000008d000000, 0x000000008d000000|100%| E|CS|TAMS 0x000000008cf00000, 0x000000008cf00000| Complete 
| 208|0x000000008d000000, 0x000000008d100000, 0x000000008d100000|100%| E|CS|TAMS 0x000000008d000000, 0x000000008d000000| Complete 
| 209|0x000000008d100000, 0x000000008d200000, 0x000000008d200000|100%| E|CS|TAMS 0x000000008d100000, 0x000000008d100000| Complete 
| 210|0x000000008d200000, 0x000000008d300000, 0x000000008d300000|100%| E|CS|TAMS 0x000000008d200000, 0x000000008d200000| Complete 
| 211|0x000000008d300000, 0x000000008d400000, 0x000000008d400000|100%| E|CS|TAMS 0x000000008d300000, 0x000000008d300000| Complete 
| 212|0x000000008d400000, 0x000000008d500000, 0x000000008d500000|100%| E|CS|TAMS 0x000000008d400000, 0x000000008d400000| Complete 
| 213|0x000000008d500000, 0x000000008d600000, 0x000000008d600000|100%| E|CS|TAMS 0x000000008d500000, 0x000000008d500000| Complete 
| 214|0x000000008d600000, 0x000000008d700000, 0x000000008d700000|100%| E|CS|TAMS 0x000000008d600000, 0x000000008d600000| Complete 
| 215|0x000000008d700000, 0x000000008d800000, 0x000000008d800000|100%| E|CS|TAMS 0x000000008d700000, 0x000000008d700000| Complete 
| 216|0x000000008d800000, 0x000000008d900000, 0x000000008d900000|100%| E|CS|TAMS 0x000000008d800000, 0x000000008d800000| Complete 
| 217|0x000000008d900000, 0x000000008da00000, 0x000000008da00000|100%| E|CS|TAMS 0x000000008d900000, 0x000000008d900000| Complete 
| 218|0x000000008da00000, 0x000000008db00000, 0x000000008db00000|100%| E|CS|TAMS 0x000000008da00000, 0x000000008da00000| Complete 
| 219|0x000000008db00000, 0x000000008dc00000, 0x000000008dc00000|100%| E|CS|TAMS 0x000000008db00000, 0x000000008db00000| Complete 
| 220|0x000000008dc00000, 0x000000008dd00000, 0x000000008dd00000|100%| E|CS|TAMS 0x000000008dc00000, 0x000000008dc00000| Complete 
| 221|0x000000008dd00000, 0x000000008de00000, 0x000000008de00000|100%| E|CS|TAMS 0x000000008dd00000, 0x000000008dd00000| Complete 
| 222|0x000000008de00000, 0x000000008df00000, 0x000000008df00000|100%| E|CS|TAMS 0x000000008de00000, 0x000000008de00000| Complete 
| 223|0x000000008df00000, 0x000000008e000000, 0x000000008e000000|100%| E|CS|TAMS 0x000000008df00000, 0x000000008df00000| Complete 
| 224|0x000000008e000000, 0x000000008e100000, 0x000000008e100000|100%| E|CS|TAMS 0x000000008e000000, 0x000000008e000000| Complete 
| 225|0x000000008e100000, 0x000000008e200000, 0x000000008e200000|100%| E|CS|TAMS 0x000000008e100000, 0x000000008e100000| Complete 
| 226|0x000000008e200000, 0x000000008e300000, 0x000000008e300000|100%| E|CS|TAMS 0x000000008e200000, 0x000000008e200000| Complete 
| 227|0x000000008e300000, 0x000000008e400000, 0x000000008e400000|100%| E|CS|TAMS 0x000000008e300000, 0x000000008e300000| Complete 
| 228|0x000000008e400000, 0x000000008e500000, 0x000000008e500000|100%| E|CS|TAMS 0x000000008e400000, 0x000000008e400000| Complete 
| 229|0x000000008e500000, 0x000000008e600000, 0x000000008e600000|100%| E|CS|TAMS 0x000000008e500000, 0x000000008e500000| Complete 
| 230|0x000000008e600000, 0x000000008e700000, 0x000000008e700000|100%| E|CS|TAMS 0x000000008e600000, 0x000000008e600000| Complete 
| 231|0x000000008e700000, 0x000000008e800000, 0x000000008e800000|100%| E|CS|TAMS 0x000000008e700000, 0x000000008e700000| Complete 
| 232|0x000000008e800000, 0x000000008e900000, 0x000000008e900000|100%| E|CS|TAMS 0x000000008e800000, 0x000000008e800000| Complete 
| 233|0x000000008e900000, 0x000000008ea00000, 0x000000008ea00000|100%| E|CS|TAMS 0x000000008e900000, 0x000000008e900000| Complete 
| 234|0x000000008ea00000, 0x000000008eb00000, 0x000000008eb00000|100%| E|CS|TAMS 0x000000008ea00000, 0x000000008ea00000| Complete 
| 235|0x000000008eb00000, 0x000000008ec00000, 0x000000008ec00000|100%| E|CS|TAMS 0x000000008eb00000, 0x000000008eb00000| Complete 
| 236|0x000000008ec00000, 0x000000008ed00000, 0x000000008ed00000|100%| E|CS|TAMS 0x000000008ec00000, 0x000000008ec00000| Complete 
| 237|0x000000008ed00000, 0x000000008ee00000, 0x000000008ee00000|100%| E|CS|TAMS 0x000000008ed00000, 0x000000008ed00000| Complete 
| 238|0x000000008ee00000, 0x000000008ef00000, 0x000000008ef00000|100%| E|CS|TAMS 0x000000008ee00000, 0x000000008ee00000| Complete 
| 239|0x000000008ef00000, 0x000000008f000000, 0x000000008f000000|100%| E|CS|TAMS 0x000000008ef00000, 0x000000008ef00000| Complete 
| 240|0x000000008f000000, 0x000000008f100000, 0x000000008f100000|100%| E|CS|TAMS 0x000000008f000000, 0x000000008f000000| Complete 
| 241|0x000000008f100000, 0x000000008f200000, 0x000000008f200000|100%| E|CS|TAMS 0x000000008f100000, 0x000000008f100000| Complete 
| 242|0x000000008f200000, 0x000000008f300000, 0x000000008f300000|100%| E|CS|TAMS 0x000000008f200000, 0x000000008f200000| Complete 
| 243|0x000000008f300000, 0x000000008f400000, 0x000000008f400000|100%| E|CS|TAMS 0x000000008f300000, 0x000000008f300000| Complete 
| 244|0x000000008f400000, 0x000000008f500000, 0x000000008f500000|100%| E|CS|TAMS 0x000000008f400000, 0x000000008f400000| Complete 
| 245|0x000000008f500000, 0x000000008f600000, 0x000000008f600000|100%| E|CS|TAMS 0x000000008f500000, 0x000000008f500000| Complete 

Card table byte_map: [0x000001d6ffa10000,0x000001d6ffe10000] _byte_map_base: 0x000001d6ff610000

Marking Bits (Prev, Next): (CMBitMap*) 0x000001d6e85fa2f0, (CMBitMap*) 0x000001d6e85fa330
 Prev Bits: [0x000001d680400000, 0x000001d682400000)
 Next Bits: [0x000001d682400000, 0x000001d684400000)

Polling page: 0x000001d6e6300000

Metaspace:

Usage:
  Non-class:     14.87 MB used.
      Class:      2.48 MB used.
       Both:     17.35 MB used.

Virtual space:
  Non-class space:       64.00 MB reserved,      15.00 MB ( 23%) committed,  1 nodes.
      Class space:      416.00 MB reserved,       2.62 MB ( <1%) committed,  1 nodes.
             Both:      480.00 MB reserved,      17.62 MB (  4%) committed. 

Chunk freelists:
   Non-Class:  640.00 KB
       Class:  13.19 MB
        Both:  13.82 MB

MaxMetaspaceSize: 512.00 MB
CompressedClassSpaceSize: 416.00 MB
Initial GC threshold: 21.00 MB
Current GC threshold: 21.00 MB
CDS: on
MetaspaceReclaimPolicy: balanced
 - commit_granule_bytes: 65536.
 - commit_granule_words: 8192.
 - virtual_space_node_default_size: 8388608.
 - enlarge_chunks_in_place: 1.
 - new_chunks_are_fully_committed: 0.
 - uncommit_free_chunks: 1.
 - use_allocation_guard: 0.
 - handle_deallocations: 1.


Internal statistics:

num_allocs_failed_limit: 0.
num_arena_births: 230.
num_arena_deaths: 0.
num_vsnodes_births: 2.
num_vsnodes_deaths: 0.
num_space_committed: 282.
num_space_uncommitted: 0.
num_chunks_returned_to_freelist: 0.
num_chunks_taken_from_freelist: 846.
num_chunk_merges: 0.
num_chunk_splits: 541.
num_chunks_enlarged: 385.
num_inconsistent_stats: 0.

CodeHeap 'non-profiled nmethods': size=120000Kb used=1294Kb max_used=1294Kb free=118705Kb
 bounds [0x000001d6f7b90000, 0x000001d6f7e00000, 0x000001d6ff0c0000]
CodeHeap 'profiled nmethods': size=120000Kb used=5069Kb max_used=5069Kb free=114931Kb
 bounds [0x000001d6f00c0000, 0x000001d6f05c0000, 0x000001d6f75f0000]
CodeHeap 'non-nmethods': size=5760Kb used=1233Kb max_used=1266Kb free=4526Kb
 bounds [0x000001d6f75f0000, 0x000001d6f7860000, 0x000001d6f7b90000]
 total_blobs=3080 nmethods=2540 adapters=452
 compilation: enabled
              stopped_count=0, restarted_count=0
 full_count=0

Compilation events (20 events):
Event: 3.261 Thread 0x000001d6845e79c0 2531       3       org.gradle.internal.service.DefaultServiceRegistry$ManagedObjectServiceProvider::fromSameRegistry (27 bytes)
Event: 3.261 Thread 0x000001d6845e79c0 nmethod 2531 0x000001d6f05acb90 code [0x000001d6f05acd40, 0x000001d6f05ad0d8]
Event: 3.262 Thread 0x000001d6845e79c0 2533       3       org.gradle.internal.service.DefaultServiceRegistry::isEqualToAnyType (41 bytes)
Event: 3.263 Thread 0x000001d6845e79c0 nmethod 2533 0x000001d6f05ad190 code [0x000001d6f05ad380, 0x000001d6f05ad9b8]
Event: 3.263 Thread 0x000001d6845e79c0 2532       3       org.gradle.internal.service.DefaultServiceRegistry::access$2100 (6 bytes)
Event: 3.263 Thread 0x000001d6845e79c0 nmethod 2532 0x000001d6f05adb90 code [0x000001d6f05add20, 0x000001d6f05ade28]
Event: 3.265 Thread 0x000001d6845e79c0 2534       3       java.util.regex.Pattern$TreeInfo::reset (21 bytes)
Event: 3.266 Thread 0x000001d6845e79c0 nmethod 2534 0x000001d6f05adf10 code [0x000001d6f05ae0a0, 0x000001d6f05ae1b8]
Event: 3.266 Thread 0x000001d6845e79c0 2535       3       java.util.TreeMap$Entry::<init> (25 bytes)
Event: 3.266 Thread 0x000001d6845e79c0 nmethod 2535 0x000001d6f05ae290 code [0x000001d6f05ae440, 0x000001d6f05ae6b8]
Event: 3.270 Thread 0x000001d6845e79c0 2536       3       java.lang.invoke.Invokers::checkExactType (17 bytes)
Event: 3.271 Thread 0x000001d6845e79c0 nmethod 2536 0x000001d6f05ae790 code [0x000001d6f05ae940, 0x000001d6f05aeb48]
Event: 3.271 Thread 0x000001d6845e79c0 2537       3       java.lang.Module::isExported (18 bytes)
Event: 3.271 Thread 0x000001d6845e79c0 nmethod 2537 0x000001d6f05aec90 code [0x000001d6f05aee60, 0x000001d6f05af268]
Event: 3.272 Thread 0x000001d6845e79c0 2538       3       java.util.concurrent.locks.AbstractQueuedSynchronizer::<init> (5 bytes)
Event: 3.273 Thread 0x000001d6845e79c0 nmethod 2538 0x000001d6f05af410 code [0x000001d6f05af5c0, 0x000001d6f05af778]
Event: 3.273 Thread 0x000001d6845e79c0 2539       3       java.util.concurrent.locks.AbstractOwnableSynchronizer::<init> (5 bytes)
Event: 3.273 Thread 0x000001d6845e79c0 nmethod 2539 0x000001d6f05af890 code [0x000001d6f05afa20, 0x000001d6f05afb78]
Event: 3.273 Thread 0x000001d6845e79c0 2540       3       org.gradle.internal.service.DefaultServiceRegistry$FactoryMethodService::getMethod (46 bytes)
Event: 3.274 Thread 0x000001d6845e79c0 nmethod 2540 0x000001d6f05afc10 code [0x000001d6f05afe60, 0x000001d6f05b0568]

GC Heap History (6 events):
Event: 0.458 GC heap before
{Heap before GC invocations=0 (full 0):
 garbage-first heap   total 251904K, used 22528K [0x0000000080000000, 0x0000000100000000)
  region size 1024K, 23 young (23552K), 0 survivors (0K)
 Metaspace       used 1095K, committed 1216K, reserved 491520K
  class space    used 73K, committed 128K, reserved 425984K
}
Event: 0.461 GC heap after
{Heap after GC invocations=1 (full 0):
 garbage-first heap   total 251904K, used 4520K [0x0000000080000000, 0x0000000100000000)
  region size 1024K, 3 young (3072K), 3 survivors (3072K)
 Metaspace       used 1095K, committed 1216K, reserved 491520K
  class space    used 73K, committed 128K, reserved 425984K
}
Event: 1.088 GC heap before
{Heap before GC invocations=1 (full 0):
 garbage-first heap   total 251904K, used 39336K [0x0000000080000000, 0x0000000100000000)
  region size 1024K, 34 young (34816K), 3 survivors (3072K)
 Metaspace       used 4342K, committed 4544K, reserved 491520K
  class space    used 541K, committed 640K, reserved 425984K
}
Event: 1.093 GC heap after
{Heap after GC invocations=2 (full 0):
 garbage-first heap   total 251904K, used 11932K [0x0000000080000000, 0x0000000100000000)
  region size 1024K, 4 young (4096K), 4 survivors (4096K)
 Metaspace       used 4342K, committed 4544K, reserved 491520K
  class space    used 541K, committed 640K, reserved 425984K
}
Event: 1.673 GC heap before
{Heap before GC invocations=2 (full 0):
 garbage-first heap   total 251904K, used 59036K [0x0000000080000000, 0x0000000100000000)
  region size 1024K, 48 young (49152K), 4 survivors (4096K)
 Metaspace       used 4783K, committed 4928K, reserved 491520K
  class space    used 617K, committed 704K, reserved 425984K
}
Event: 1.677 GC heap after
{Heap after GC invocations=3 (full 0):
 garbage-first heap   total 251904K, used 17567K [0x0000000080000000, 0x0000000100000000)
  region size 1024K, 5 young (5120K), 5 survivors (5120K)
 Metaspace       used 4783K, committed 4928K, reserved 491520K
  class space    used 617K, committed 704K, reserved 425984K
}

Dll operation events (15 events):
Event: 0.009 Loaded shared library C:\Program Files\Microsoft\jdk-17.0.14.7-hotspot\bin\java.dll
Event: 0.032 Loaded shared library C:\Program Files\Microsoft\jdk-17.0.14.7-hotspot\bin\jsvml.dll
Event: 0.080 Loaded shared library C:\Program Files\Microsoft\jdk-17.0.14.7-hotspot\bin\zip.dll
Event: 0.083 Loaded shared library C:\Program Files\Microsoft\jdk-17.0.14.7-hotspot\bin\instrument.dll
Event: 0.088 Loaded shared library C:\Program Files\Microsoft\jdk-17.0.14.7-hotspot\bin\net.dll
Event: 0.090 Loaded shared library C:\Program Files\Microsoft\jdk-17.0.14.7-hotspot\bin\nio.dll
Event: 0.092 Loaded shared library C:\Program Files\Microsoft\jdk-17.0.14.7-hotspot\bin\zip.dll
Event: 0.331 Loaded shared library C:\Program Files\Microsoft\jdk-17.0.14.7-hotspot\bin\jimage.dll
Event: 0.517 Loaded shared library C:\Program Files\Microsoft\jdk-17.0.14.7-hotspot\bin\verify.dll
Event: 0.694 Loaded shared library C:\Users\Technyx\.gradle\native\c067742578af261105cb4f569cf0c3c89f3d7b1fecec35dd04571415982c5e48\windows-amd64\native-platform.dll
Event: 0.699 Loaded shared library C:\Users\Technyx\.gradle\native\100fb08df4bc3b14c8652ba06237920a3bd2aa13389f12d3474272988ae205f9\windows-amd64\native-platform-file-events.dll
Event: 1.858 Loaded shared library C:\Program Files\Microsoft\jdk-17.0.14.7-hotspot\bin\management.dll
Event: 1.860 Loaded shared library C:\Program Files\Microsoft\jdk-17.0.14.7-hotspot\bin\management_ext.dll
Event: 2.044 Loaded shared library C:\Program Files\Microsoft\jdk-17.0.14.7-hotspot\bin\extnet.dll
Event: 2.290 Loaded shared library C:\Program Files\Microsoft\jdk-17.0.14.7-hotspot\bin\sunmscapi.dll

Deoptimization events (20 events):
Event: 2.864 Thread 0x000001d6a868c320 DEOPT PACKING pc=0x000001d6f7c82ff4 sp=0x00000040a5dfafc0
Event: 2.864 Thread 0x000001d6a868c320 DEOPT UNPACKING pc=0x000001d6f76469a3 sp=0x00000040a5dfaec8 mode 2
Event: 2.886 Thread 0x000001d6a868c320 Uncommon trap: trap_request=0xffffff45 fr.pc=0x000001d6f7bb718c relative=0x0000000000000a8c
Event: 2.886 Thread 0x000001d6a868c320 Uncommon trap: reason=unstable_if action=reinterpret pc=0x000001d6f7bb718c method=java.io.WinNTFileSystem.resolve(Ljava/lang/String;Ljava/lang/String;)Ljava/lang/String; @ 19 c2
Event: 2.886 Thread 0x000001d6a868c320 DEOPT PACKING pc=0x000001d6f7bb718c sp=0x00000040a5dfb450
Event: 2.886 Thread 0x000001d6a868c320 DEOPT UNPACKING pc=0x000001d6f76469a3 sp=0x00000040a5dfb3f8 mode 2
Event: 2.887 Thread 0x000001d6a868c320 Uncommon trap: trap_request=0xffffff45 fr.pc=0x000001d6f7c2d018 relative=0x00000000000005d8
Event: 2.887 Thread 0x000001d6a868c320 Uncommon trap: reason=unstable_if action=reinterpret pc=0x000001d6f7c2d018 method=java.io.File.getName()Ljava/lang/String; @ 16 c2
Event: 2.887 Thread 0x000001d6a868c320 DEOPT PACKING pc=0x000001d6f7c2d018 sp=0x00000040a5dfb400
Event: 2.887 Thread 0x000001d6a868c320 DEOPT UNPACKING pc=0x000001d6f76469a3 sp=0x00000040a5dfb3d0 mode 2
Event: 2.953 Thread 0x000001d6a868c320 Uncommon trap: trap_request=0xffffff45 fr.pc=0x000001d6f7c7a378 relative=0x00000000000000d8
Event: 2.953 Thread 0x000001d6a868c320 Uncommon trap: reason=unstable_if action=reinterpret pc=0x000001d6f7c7a378 method=java.util.HashMap.hash(Ljava/lang/Object;)I @ 1 c2
Event: 2.953 Thread 0x000001d6a868c320 DEOPT PACKING pc=0x000001d6f7c7a378 sp=0x00000040a5dfc410
Event: 2.953 Thread 0x000001d6a868c320 DEOPT UNPACKING pc=0x000001d6f76469a3 sp=0x00000040a5dfc350 mode 2
Event: 3.140 Thread 0x000001d6a868c320 DEOPT PACKING pc=0x000001d6f04a09a9 sp=0x00000040a5dfb200
Event: 3.141 Thread 0x000001d6a868c320 DEOPT UNPACKING pc=0x000001d6f7647143 sp=0x00000040a5dfa710 mode 0
Event: 3.169 Thread 0x000001d6a868c320 DEOPT PACKING pc=0x000001d6f04a09ca sp=0x00000040a5dfbff0
Event: 3.169 Thread 0x000001d6a868c320 DEOPT UNPACKING pc=0x000001d6f7647143 sp=0x00000040a5dfb500 mode 0
Event: 3.181 Thread 0x000001d6a868c320 DEOPT PACKING pc=0x000001d6f04a09ca sp=0x00000040a5df8b30
Event: 3.181 Thread 0x000001d6a868c320 DEOPT UNPACKING pc=0x000001d6f7647143 sp=0x00000040a5df8040 mode 0

Classes loaded (20 events):
Event: 2.928 Loading class java/util/stream/ReduceOps$1ReducingSink
Event: 2.928 Loading class java/util/stream/ReduceOps$1ReducingSink done
Event: 3.041 Loading class java/util/Collections$2
Event: 3.042 Loading class java/util/Collections$2 done
Event: 3.075 Loading class java/io/ObjectOutputStream$BlockDataOutputStream
Event: 3.075 Loading class java/io/ObjectOutputStream$BlockDataOutputStream done
Event: 3.075 Loading class java/io/ObjectOutputStream$HandleTable
Event: 3.075 Loading class java/io/ObjectOutputStream$HandleTable done
Event: 3.075 Loading class java/io/ObjectOutputStream$ReplaceTable
Event: 3.075 Loading class java/io/ObjectOutputStream$ReplaceTable done
Event: 3.078 Loading class java/io/UnsupportedEncodingException
Event: 3.078 Loading class java/io/UnsupportedEncodingException done
Event: 3.078 Loading class java/nio/charset/CharacterCodingException
Event: 3.078 Loading class java/nio/charset/CharacterCodingException done
Event: 3.150 Loading class java/util/function/LongFunction
Event: 3.150 Loading class java/util/function/LongFunction done
Event: 3.219 Loading class java/security/InvalidKeyException
Event: 3.219 Loading class java/security/KeyException
Event: 3.219 Loading class java/security/KeyException done
Event: 3.219 Loading class java/security/InvalidKeyException done

Classes unloaded (0 events):
No events

Classes redefined (0 events):
No events

Internal exceptions (20 events):
Event: 2.560 Thread 0x000001d6a868c320 Exception <a 'java/lang/NoSuchMethodError'{0x000000008d3eec68}: 'int java.lang.invoke.DirectMethodHandle$Holder.invokeVirtual(java.lang.Object, java.lang.Object, java.lang.Object)'> (0x000000008d3eec68) 
thrown [s\src\hotspot\share\interpreter\linkResolver.cpp, line 759]
Event: 2.603 Thread 0x000001d6a868c320 Exception <a 'java/lang/NoSuchMethodError'{0x000000008d082608}: 'java.lang.Object java.lang.invoke.DirectMethodHandle$Holder.newInvokeSpecial(java.lang.Object, java.lang.Object, java.lang.Object, java.lang.Object, java.lang.Object, java.lang.Object)'> (0x000000008d082608) 
thrown [s\src\hotspot\share\interpreter\linkResolver.cpp, line 759]
Event: 2.605 Thread 0x000001d6a868c320 Exception <a 'java/lang/NoSuchMethodError'{0x000000008d09ab20}: 'void java.lang.invoke.DirectMethodHandle$Holder.invokeSpecial(java.lang.Object, java.lang.Object, java.lang.Object, java.lang.Object, java.lang.Object)'> (0x000000008d09ab20) 
thrown [s\src\hotspot\share\interpreter\linkResolver.cpp, line 759]
Event: 2.607 Thread 0x000001d6a868c320 Exception <a 'java/lang/NoSuchMethodError'{0x000000008d0ae568}: 'void java.lang.invoke.DirectMethodHandle$Holder.invokeStaticInit(java.lang.Object, java.lang.Object)'> (0x000000008d0ae568) 
thrown [s\src\hotspot\share\interpreter\linkResolver.cpp, line 759]
Event: 2.662 Thread 0x000001d6a868c320 Exception <a 'java/lang/NoSuchMethodError'{0x000000008cd841f0}: 'void java.lang.invoke.DelegatingMethodHandle$Holder.reinvoke_L(java.lang.Object, java.lang.Object, java.lang.Object, java.lang.Object, java.lang.Object, java.lang.Object, java.lang.Object, java.lang.Object, java.lang.Object, java.lang.Object)'> (0x000000008cd841f0) 
thrown [s\src\hotspot\share\interpreter\linkResolver.cpp, line 759]
Event: 2.662 Thread 0x000001d6a868c320 Exception <a 'java/lang/NoSuchMethodError'{0x000000008cd8c660}: 'java.lang.Object java.lang.invoke.DirectMethodHandle$Holder.invokeSpecial(java.lang.Object, java.lang.Object, java.lang.Object, java.lang.Object, java.lang.Object, java.lang.Object, java.lang.Object, java.lang.Object, java.lang.Object, java.lang.Object)'> (0x000000008cd8c660) 
thrown [s\src\hotspot\share\interpreter\linkResolver.cpp, line 759]
Event: 2.663 Thread 0x000001d6a868c320 Exception <a 'java/lang/NoSuchMethodError'{0x000000008cd90f30}: 'java.lang.Object java.lang.invoke.Invokers$Holder.invoker(java.lang.Object, java.lang.Object, java.lang.Object, java.lang.Object, java.lang.Object, java.lang.Object, java.lang.Object, java.lang.Object, java.lang.Object, java.lang.Object)'> (0x000000008cd90f30) 
thrown [s\src\hotspot\share\interpreter\linkResolver.cpp, line 759]
Event: 2.663 Thread 0x000001d6a868c320 Exception <a 'java/lang/NoSuchMethodError'{0x000000008cd96b38}: 'java.lang.Object java.lang.invoke.DirectMethodHandle$Holder.invokeSpecial(java.lang.Object, java.lang.Object, java.lang.Object, java.lang.Object, java.lang.Object, java.lang.Object, java.lang.Object, java.lang.Object, java.lang.Object, java.lang.Object, java.lang.Object)'> (0x000000008cd96b38) 
thrown [s\src\hotspot\share\interpreter\linkResolver.cpp, line 759]
Event: 2.815 Thread 0x000001d6a868c320 Exception <a 'java/lang/NoSuchMethodError'{0x000000008c6d98b8}: 'java.lang.Object java.lang.invoke.DirectMethodHandle$Holder.newInvokeSpecial(java.lang.Object, java.lang.Object, int)'> (0x000000008c6d98b8) 
thrown [s\src\hotspot\share\interpreter\linkResolver.cpp, line 759]
Event: 2.925 Thread 0x000001d6a868c320 Exception <a 'java/lang/NoSuchMethodError'{0x000000008ba592e0}: 'int java.lang.invoke.DirectMethodHandle$Holder.invokeSpecialIFC(java.lang.Object, java.lang.Object, java.lang.Object, java.lang.Object)'> (0x000000008ba592e0) 
thrown [s\src\hotspot\share\interpreter\linkResolver.cpp, line 759]
Event: 2.927 Thread 0x000001d6a868c320 Exception <a 'java/lang/NoSuchMethodError'{0x000000008ba683c8}: 'java.lang.Object java.lang.invoke.DirectMethodHandle$Holder.invokeInterface(java.lang.Object, java.lang.Object, java.lang.Object)'> (0x000000008ba683c8) 
thrown [s\src\hotspot\share\interpreter\linkResolver.cpp, line 759]
Event: 2.928 Thread 0x000001d6a868c320 Exception <a 'java/lang/IncompatibleClassChangeError'{0x000000008ba6c288}: Found class java.lang.Object, but interface was expected> (0x000000008ba6c288) 
thrown [s\src\hotspot\share\interpreter\linkResolver.cpp, line 826]
Event: 2.953 Thread 0x000001d6a868c320 Implicit null exception at 0x000001d6f7c7a2d8 to 0x000001d6f7c7a36e
Event: 2.968 Thread 0x000001d6a868c320 Exception <a 'java/lang/NoSuchMethodError'{0x000000008b85d298}: 'int java.lang.invoke.DirectMethodHandle$Holder.invokeStatic(java.lang.Object, java.lang.Object, java.lang.Object, java.lang.Object)'> (0x000000008b85d298) 
thrown [s\src\hotspot\share\interpreter\linkResolver.cpp, line 759]
Event: 2.969 Thread 0x000001d6a868c320 Exception <a 'java/lang/NoSuchMethodError'{0x000000008b861168}: 'java.lang.Object java.lang.invoke.Invokers$Holder.invokeExact_MT(java.lang.Object, java.lang.Object, java.lang.Object, java.lang.Object, java.lang.Object, java.lang.Object)'> (0x000000008b861168) 
thrown [s\src\hotspot\share\interpreter\linkResolver.cpp, line 759]
Event: 3.027 Thread 0x000001d6a868c320 Exception <a 'java/lang/IncompatibleClassChangeError'{0x000000008b580f28}: Found class java.lang.Object, but interface was expected> (0x000000008b580f28) 
thrown [s\src\hotspot\share\interpreter\linkResolver.cpp, line 826]
Event: 3.076 Thread 0x000001d6a868aee0 Exception <a 'java/lang/NoSuchMethodError'{0x000000008db12b28}: static Lorg/gradle/internal/build/event/types/DefaultOperationStartedProgressEvent;.<clinit>()V> (0x000000008db12b28) 
thrown [s\src\hotspot\share\prims\jni.cpp, line 1112]
Event: 3.076 Thread 0x000001d6a868aee0 Exception <a 'java/lang/NoSuchMethodError'{0x000000008db140b0}: static Lorg/gradle/internal/build/event/types/AbstractProgressEvent;.<clinit>()V> (0x000000008db140b0) 
thrown [s\src\hotspot\share\prims\jni.cpp, line 1112]
Event: 3.077 Thread 0x000001d6a868aee0 Exception <a 'java/lang/NoSuchMethodError'{0x000000008db1cd68}: static Lorg/gradle/internal/build/event/types/DefaultOperationDescriptor;.<clinit>()V> (0x000000008db1cd68) 
thrown [s\src\hotspot\share\prims\jni.cpp, line 1112]
Event: 3.079 Thread 0x000001d6a868aee0 Exception <a 'java/lang/NoSuchMethodError'{0x000000008db32500}: static Lorg/gradle/internal/operations/OperationIdentifier;.<clinit>()V> (0x000000008db32500) 
thrown [s\src\hotspot\share\prims\jni.cpp, line 1112]

VM Operations (20 events):
Event: 1.828 Executing VM operation: HandshakeAllThreads
Event: 1.829 Executing VM operation: HandshakeAllThreads done
Event: 1.874 Executing VM operation: HandshakeAllThreads
Event: 1.874 Executing VM operation: HandshakeAllThreads done
Event: 1.904 Executing VM operation: HandshakeAllThreads
Event: 1.904 Executing VM operation: HandshakeAllThreads done
Event: 1.955 Executing VM operation: HandshakeAllThreads
Event: 1.955 Executing VM operation: HandshakeAllThreads done
Event: 2.025 Executing VM operation: HandshakeAllThreads
Event: 2.025 Executing VM operation: HandshakeAllThreads done
Event: 2.215 Executing VM operation: HandshakeAllThreads
Event: 2.215 Executing VM operation: HandshakeAllThreads done
Event: 2.295 Executing VM operation: HandshakeAllThreads
Event: 2.295 Executing VM operation: HandshakeAllThreads done
Event: 2.586 Executing VM operation: ICBufferFull
Event: 2.586 Executing VM operation: ICBufferFull done
Event: 3.012 Executing VM operation: HandshakeAllThreads
Event: 3.012 Executing VM operation: HandshakeAllThreads done
Event: 3.012 Executing VM operation: HandshakeAllThreads
Event: 3.012 Executing VM operation: HandshakeAllThreads done

Memory protections (0 events):
No events

Nmethod flushes (0 events):
No events

Events (20 events):
Event: 0.059 Thread 0x000001d6e85a0d80 Thread added: 0x000001d6a20808b0
Event: 0.102 Thread 0x000001d6e85a0d80 Thread added: 0x000001d6a21f1a00
Event: 0.183 Thread 0x000001d6845c4fe0 Thread added: 0x000001d6a2265030
Event: 0.333 Thread 0x000001d6845e79c0 Thread added: 0x000001d6a2332230
Event: 1.200 Thread 0x000001d6a2332230 Thread exited: 0x000001d6a2332230
Event: 1.205 Thread 0x000001d6a2265030 Thread exited: 0x000001d6a2265030
Event: 1.257 Thread 0x000001d6845e79c0 Thread added: 0x000001d6a770fb00
Event: 1.889 Thread 0x000001d6e85a0d80 Thread added: 0x000001d6a7cc6000
Event: 2.194 Thread 0x000001d6e85a0d80 Thread added: 0x000001d6a84658e0
Event: 2.262 Thread 0x000001d6e85a0d80 Thread added: 0x000001d6a84f4530
Event: 2.332 Thread 0x000001d6a84658e0 Thread added: 0x000001d6a8635df0
Event: 2.334 Thread 0x000001d6a8635df0 Thread added: 0x000001d6a87c0eb0
Event: 2.388 Thread 0x000001d6a8635df0 Thread added: 0x000001d6a868c830
Event: 2.395 Thread 0x000001d6a8635df0 Thread added: 0x000001d6a868c320
Event: 2.403 Thread 0x000001d6a868c320 Thread added: 0x000001d6a8689080
Event: 2.406 Thread 0x000001d6a868c320 Thread added: 0x000001d6a8689aa0
Event: 2.408 Thread 0x000001d6a868c320 Thread added: 0x000001d6a868aee0
Event: 2.814 Thread 0x000001d6a868c320 Thread added: 0x000001d6a868be10
Event: 2.824 Thread 0x000001d6a868c320 Thread added: 0x000001d6a868b900
Event: 2.850 Thread 0x000001d6a868c320 Thread added: 0x000001d6a8689fb0


Dynamic libraries:
0x00007ff62d340000 - 0x00007ff62d34e000 	C:\Program Files\Microsoft\jdk-17.0.14.7-hotspot\bin\java.exe
0x00007ffc14a20000 - 0x00007ffc14c88000 	C:\WINDOWS\SYSTEM32\ntdll.dll
0x00007ffc140f0000 - 0x00007ffc141b9000 	C:\WINDOWS\System32\KERNEL32.DLL
0x00007ffc123f0000 - 0x00007ffc127e2000 	C:\WINDOWS\System32\KERNELBASE.dll
0x00007ffc0c910000 - 0x00007ffc0c9af000 	C:\WINDOWS\SYSTEM32\apphelp.dll
0x00007ffc120a0000 - 0x00007ffc121eb000 	C:\WINDOWS\System32\ucrtbase.dll
0x00007ffbf1b40000 - 0x00007ffbf1b57000 	C:\Program Files\Microsoft\jdk-17.0.14.7-hotspot\bin\jli.dll
0x00007ffbedcc0000 - 0x00007ffbedcdd000 	C:\Program Files\Microsoft\jdk-17.0.14.7-hotspot\bin\VCRUNTIME140.dll
0x00007ffc13710000 - 0x00007ffc138d5000 	C:\WINDOWS\System32\USER32.dll
0x00007ffc11c50000 - 0x00007ffc11c77000 	C:\WINDOWS\System32\win32u.dll
0x00007ffc00370000 - 0x00007ffc00603000 	C:\WINDOWS\WinSxS\amd64_microsoft.windows.common-controls_6595b64144ccf1df_6.0.26100.6725_none_3e085828e334708b\COMCTL32.dll
0x00007ffc14630000 - 0x00007ffc1465b000 	C:\WINDOWS\System32\GDI32.dll
0x00007ffc12e70000 - 0x00007ffc12f19000 	C:\WINDOWS\System32\msvcrt.dll
0x00007ffc11c80000 - 0x00007ffc11dad000 	C:\WINDOWS\System32\gdi32full.dll
0x00007ffc11ff0000 - 0x00007ffc12093000 	C:\WINDOWS\System32\msvcp_win.dll
0x00007ffc14300000 - 0x00007ffc1432f000 	C:\WINDOWS\System32\IMM32.DLL
0x00007ffbf2070000 - 0x00007ffbf207c000 	C:\Program Files\Microsoft\jdk-17.0.14.7-hotspot\bin\vcruntime140_1.dll
0x00007ffbedc30000 - 0x00007ffbedcbd000 	C:\Program Files\Microsoft\jdk-17.0.14.7-hotspot\bin\msvcp140.dll
0x00007ffb5ce30000 - 0x00007ffb5daa2000 	C:\Program Files\Microsoft\jdk-17.0.14.7-hotspot\bin\server\jvm.dll
0x00007ffc14350000 - 0x00007ffc14404000 	C:\WINDOWS\System32\ADVAPI32.dll
0x00007ffc14410000 - 0x00007ffc144b6000 	C:\WINDOWS\System32\sechost.dll
0x00007ffc127f0000 - 0x00007ffc12908000 	C:\WINDOWS\System32\RPCRT4.dll
0x00007ffc12dc0000 - 0x00007ffc12e34000 	C:\WINDOWS\System32\WS2_32.dll
0x00007ffc11870000 - 0x00007ffc118ce000 	C:\WINDOWS\SYSTEM32\POWRPROF.dll
0x00007ffc08ee0000 - 0x00007ffc08eeb000 	C:\WINDOWS\SYSTEM32\VERSION.dll
0x00007ffc007d0000 - 0x00007ffc00805000 	C:\WINDOWS\SYSTEM32\WINMM.dll
0x00007ffc11850000 - 0x00007ffc11864000 	C:\WINDOWS\SYSTEM32\UMPDC.dll
0x00007ffc10980000 - 0x00007ffc1099b000 	C:\WINDOWS\SYSTEM32\kernel.appcore.dll
0x00007ffbf0270000 - 0x00007ffbf027a000 	C:\Program Files\Microsoft\jdk-17.0.14.7-hotspot\bin\jimage.dll
0x00007ffc09db0000 - 0x00007ffc09ff2000 	C:\WINDOWS\SYSTEM32\DBGHELP.DLL
0x00007ffc14660000 - 0x00007ffc149db000 	C:\WINDOWS\System32\combase.dll
0x00007ffc14550000 - 0x00007ffc14627000 	C:\WINDOWS\System32\OLEAUT32.dll
0x00007ffc00da0000 - 0x00007ffc00ddc000 	C:\WINDOWS\SYSTEM32\dbgcore.DLL
0x00007ffc11bb0000 - 0x00007ffc11c48000 	C:\WINDOWS\System32\bcryptPrimitives.dll
0x00007ffbf01b0000 - 0x00007ffbf01be000 	C:\Program Files\Microsoft\jdk-17.0.14.7-hotspot\bin\instrument.dll
0x00007ffbe80b0000 - 0x00007ffbe80d5000 	C:\Program Files\Microsoft\jdk-17.0.14.7-hotspot\bin\java.dll
0x00007ffbe7fd0000 - 0x00007ffbe80a7000 	C:\Program Files\Microsoft\jdk-17.0.14.7-hotspot\bin\jsvml.dll
0x00007ffc13970000 - 0x00007ffc140bc000 	C:\WINDOWS\System32\SHELL32.dll
0x00007ffc12280000 - 0x00007ffc123eb000 	C:\WINDOWS\System32\wintypes.dll
0x00007ffc0f820000 - 0x00007ffc1007d000 	C:\WINDOWS\SYSTEM32\windows.storage.dll
0x00007ffc12ae0000 - 0x00007ffc12bd2000 	C:\WINDOWS\System32\SHCORE.dll
0x00007ffc141c0000 - 0x00007ffc14222000 	C:\WINDOWS\System32\shlwapi.dll
0x00007ffc11ad0000 - 0x00007ffc11af9000 	C:\WINDOWS\SYSTEM32\profapi.dll
0x00007ffbedc10000 - 0x00007ffbedc28000 	C:\Program Files\Microsoft\jdk-17.0.14.7-hotspot\bin\zip.dll
0x00007ffbe7fb0000 - 0x00007ffbe7fca000 	C:\Program Files\Microsoft\jdk-17.0.14.7-hotspot\bin\net.dll
0x00007ffc0db50000 - 0x00007ffc0dc6f000 	C:\WINDOWS\SYSTEM32\WINHTTP.dll
0x00007ffc10ef0000 - 0x00007ffc10f5b000 	C:\WINDOWS\system32\mswsock.dll
0x00007ffbe7f90000 - 0x00007ffbe7fa6000 	C:\Program Files\Microsoft\jdk-17.0.14.7-hotspot\bin\nio.dll
0x00007ffbf0010000 - 0x00007ffbf0020000 	C:\Program Files\Microsoft\jdk-17.0.14.7-hotspot\bin\verify.dll
0x00007ffbdbee0000 - 0x00007ffbdbf07000 	C:\Users\Technyx\.gradle\native\c067742578af261105cb4f569cf0c3c89f3d7b1fecec35dd04571415982c5e48\windows-amd64\native-platform.dll
0x00007ffbc7f60000 - 0x00007ffbc80a4000 	C:\Users\Technyx\.gradle\native\100fb08df4bc3b14c8652ba06237920a3bd2aa13389f12d3474272988ae205f9\windows-amd64\native-platform-file-events.dll
0x00007ffbef290000 - 0x00007ffbef29a000 	C:\Program Files\Microsoft\jdk-17.0.14.7-hotspot\bin\management.dll
0x00007ffbeefa0000 - 0x00007ffbeefab000 	C:\Program Files\Microsoft\jdk-17.0.14.7-hotspot\bin\management_ext.dll
0x00007ffc14230000 - 0x00007ffc14238000 	C:\WINDOWS\System32\PSAPI.DLL
0x00007ffc111a0000 - 0x00007ffc111bb000 	C:\WINDOWS\SYSTEM32\CRYPTSP.dll
0x00007ffc108e0000 - 0x00007ffc1091b000 	C:\WINDOWS\system32\rsaenh.dll
0x00007ffc10f90000 - 0x00007ffc10fbb000 	C:\WINDOWS\SYSTEM32\USERENV.dll
0x00007ffc11aa0000 - 0x00007ffc11ac6000 	C:\WINDOWS\SYSTEM32\bcrypt.dll
0x00007ffc111c0000 - 0x00007ffc111cc000 	C:\WINDOWS\SYSTEM32\CRYPTBASE.dll
0x00007ffc103a0000 - 0x00007ffc103d4000 	C:\WINDOWS\SYSTEM32\IPHLPAPI.DLL
0x00007ffc14540000 - 0x00007ffc1454a000 	C:\WINDOWS\System32\NSI.dll
0x00007ffc0e4b0000 - 0x00007ffc0e4ce000 	C:\WINDOWS\SYSTEM32\dhcpcsvc6.DLL
0x00007ffc0e350000 - 0x00007ffc0e373000 	C:\WINDOWS\SYSTEM32\dhcpcsvc.DLL
0x00007ffc10430000 - 0x00007ffc10556000 	C:\WINDOWS\SYSTEM32\DNSAPI.dll
0x00007ffbee9e0000 - 0x00007ffbee9e9000 	C:\Program Files\Microsoft\jdk-17.0.14.7-hotspot\bin\extnet.dll
0x00007ffbed620000 - 0x00007ffbed62e000 	C:\Program Files\Microsoft\jdk-17.0.14.7-hotspot\bin\sunmscapi.dll
0x00007ffc11db0000 - 0x00007ffc11f27000 	C:\WINDOWS\System32\CRYPT32.dll
0x00007ffc113c0000 - 0x00007ffc113f0000 	C:\WINDOWS\SYSTEM32\ncrypt.dll
0x00007ffc11370000 - 0x00007ffc113af000 	C:\WINDOWS\SYSTEM32\NTASN1.dll
0x00007ffbe2cf0000 - 0x00007ffbe2cf8000 	C:\WINDOWS\system32\wshunix.dll

dbghelp: loaded successfully - version: 4.0.5 - missing functions: none
symbol engine: initialized successfully - sym options: 0x614 - pdb path: .;C:\Program Files\Microsoft\jdk-17.0.14.7-hotspot\bin;C:\WINDOWS\SYSTEM32;C:\WINDOWS\WinSxS\amd64_microsoft.windows.common-controls_6595b64144ccf1df_6.0.26100.6725_none_3e085828e334708b;C:\Program Files\Microsoft\jdk-17.0.14.7-hotspot\bin\server;C:\Users\Technyx\.gradle\native\c067742578af261105cb4f569cf0c3c89f3d7b1fecec35dd04571415982c5e48\windows-amd64;C:\Users\Technyx\.gradle\native\100fb08df4bc3b14c8652ba06237920a3bd2aa13389f12d3474272988ae205f9\windows-amd64

VM Arguments:
jvm_args: -XX:MaxMetaspaceSize=512m --add-opens=java.base/java.util=ALL-UNNAMED --add-opens=java.base/java.lang=ALL-UNNAMED --add-opens=java.base/java.lang.invoke=ALL-UNNAMED --add-opens=java.prefs/java.util.prefs=ALL-UNNAMED --add-exports=jdk.compiler/com.sun.tools.javac.api=ALL-UNNAMED --add-exports=jdk.compiler/com.sun.tools.javac.util=ALL-UNNAMED --add-opens=java.base/java.nio.charset=ALL-UNNAMED --add-opens=java.base/java.net=ALL-UNNAMED --add-opens=java.base/java.util.concurrent.atomic=ALL-UNNAMED -Xmx2048m -Dfile.encoding=utf8 -Duser.country=US -Duser.language=en -Duser.variant -javaagent:C:\Users\Technyx\.gradle\wrapper\dists\gradle-8.10.2-all\7iv73wktx1xtkvlq19urqw1wm\gradle-8.10.2\lib\agents\gradle-instrumentation-agent-8.10.2.jar 
java_command: org.gradle.launcher.daemon.bootstrap.GradleDaemon 8.10.2
java_class_path (initial): C:\Users\Technyx\.gradle\wrapper\dists\gradle-8.10.2-all\7iv73wktx1xtkvlq19urqw1wm\gradle-8.10.2\lib\gradle-daemon-main-8.10.2.jar
Launcher Type: SUN_STANDARD

[Global flags]
     intx CICompilerCount                          = 4                                         {product} {ergonomic}
   size_t CompressedClassSpaceSize                 = 436207616                                 {product} {ergonomic}
     uint ConcGCThreads                            = 3                                         {product} {ergonomic}
     uint G1ConcRefinementThreads                  = 10                                        {product} {ergonomic}
   size_t G1HeapRegionSize                         = 1048576                                   {product} {ergonomic}
    uintx GCDrainStackTargetSize                   = 64                                        {product} {ergonomic}
   size_t InitialHeapSize                          = 257949696                                 {product} {ergonomic}
   size_t MarkStackSize                            = 4194304                                   {product} {ergonomic}
   size_t MaxHeapSize                              = 2147483648                                {product} {command line}
   size_t MaxMetaspaceSize                         = 536870912                                 {product} {command line}
   size_t MaxNewSize                               = 1287651328                                {product} {ergonomic}
   size_t MinHeapDeltaBytes                        = 1048576                                   {product} {ergonomic}
   size_t MinHeapSize                              = 8388608                                   {product} {ergonomic}
    uintx NonNMethodCodeHeapSize                   = 5839372                                {pd product} {ergonomic}
    uintx NonProfiledCodeHeapSize                  = 122909434                              {pd product} {ergonomic}
    uintx ProfiledCodeHeapSize                     = 122909434                              {pd product} {ergonomic}
    uintx ReservedCodeCacheSize                    = 251658240                              {pd product} {ergonomic}
     bool SegmentedCodeCache                       = true                                      {product} {ergonomic}
   size_t SoftMaxHeapSize                          = 2147483648                             {manageable} {ergonomic}
     bool UseCompressedClassPointers               = true                           {product lp64_product} {ergonomic}
     bool UseCompressedOops                        = true                           {product lp64_product} {ergonomic}
     bool UseG1GC                                  = true                                      {product} {ergonomic}
     bool UseLargePagesIndividualAllocation        = false                                  {pd product} {ergonomic}

Logging:
Log output configuration:
 #0: stdout all=warning uptime,level,tags
 #1: stderr all=off uptime,level,tags

Environment Variables:
JAVA_HOME=C:\Program Files\Microsoft\jdk-17.0.14.7-hotspot
PATH=c:\Users\Technyx\AppData\Local\Programs\cursor\resources\app\bin;C:\Program Files\Microsoft\jdk-17.0.14.7-hotspot\bin;C:\WINDOWS\system32;C:\WINDOWS;C:\WINDOWS\System32\Wbem;C:\WINDOWS\System32\WindowsPowerShell\v1.0\;C:\WINDOWS\System32\OpenSSH\;C:\Program Files\Git\cmd;C:\Program Files\Java\jdk-19\bin;C:\Users\Technyx\AppData\Local\Android\Sdk;C:\Users\Technyx\AppData\Local\Android\Sdk\build-tools;C:\Users\Technyx\AppData\Local\Android\Sdk\platform-tools;C:\Users\Technyx\AppData\Local\Android\Sdk\platforms;C:\Users\Technyx\AppData\Local\Android\Sdk\emulator;C:\ProgramData\chocolatey\bin;C:\Users\Technyx\AppData\Roaming\nvm;C:\Program Files\nodejs;C:\Program Files\Git LFS;C:\Users\Technyx\AppData\Local\Microsoft\WindowsApps;C:\Users\Technyx\AppData\Local\GitHubDesktop\bin;C:\Users\Technyx\AppData\Local\Android\Sdk;C:\Users\Technyx\AppData\Local\Android\Sdk\platform-tools;C:\Users\Technyx\AppData\Local\Android\Sdk\platforms;C:\Users\Technyx\AppData\Local\Android\Sdk\emulator;C:\Users\Technyx\AppData\Local\And;C:\Program Files\Microsoft VS Code\bin;C:\Python27;C:\Python27\Scripts;C:\Program Files\Microsoft SQL Server\150\Tools\Binn\;C:\Program Files\Microsoft SQL Server\Client SDK\ODBC\170\Tools\Binn\;C:\Program Files\dotnet\;C:\Users\Technyx\AppData\Local\Android\Sdk\tools;C:\Users\Technyx\AppData\Local\Android\Sdk\tools;C:\Users\Technyx\AppData\Local\Microsoft\WindowsApps;C:\Users\Technyx\AppData\Local\GitHubDesktop\bin;C:\Users\Technyx\AppData\Local\Android\Sdk;C:\Users\Technyx\AppData\Local\Android\Sdk\platform-tools;C:\Users\Technyx\AppData\Local\Android\Sdk\platforms;C:\Users\Technyx\AppData\Local\Android\Sdk\emulator;C:\Users\Technyx\AppData\Local\Android\Sdk\build-tools;C:\Program Files\Microsoft\jdk-17.0.14.7-hotspot\bin;C:\Users\Technyx\AppData\Roaming\npm;C:\Users\Technyx\AppData\Roaming\nvm;C:\Program Files\nodejs;C:\Program Files\JetBrains\IntelliJ IDEA Community Edition 2025.1\bin;;C:\Users\Technyx\AppData\Local\Programs\cursor\resources\app\bin;C:\Python27;C:\Python27\Scripts;C:\Users\Technyx\.dotnet\tools
USERNAME=Technyx
OS=Windows_NT
PROCESSOR_IDENTIFIER=AMD64 Family 23 Model 104 Stepping 1, AuthenticAMD
TMP=C:\Users\Technyx\AppData\Local\Temp
TEMP=C:\Users\Technyx\AppData\Local\Temp



Periodic native trim disabled


---------------  S Y S T E M  ---------------

OS:
 Windows 11 , 64 bit Build 26100 (10.0.26100.6725)
OS uptime: 1 days 2:29 hours

CPU: total 12 (initial active 12) (12 cores per cpu, 2 threads per core) family 23 model 104 stepping 1 microcode 0x8608109, cx8, cmov, fxsr, ht, mmx, 3dnowpref, sse, sse2, sse3, ssse3, sse4a, sse4.1, sse4.2, popcnt, lzcnt, tsc, tscinvbit, avx, avx2, aes, clmul, bmi1, bmi2, adx, sha, fma, vzeroupper, clflush, clflushopt
Processor Information for the first 12 processors :
  Max Mhz: 2100, Current Mhz: 2100, Mhz Limit: 2100

Memory: 4k page, system-wide physical 15693M (1915M free)
TotalPageFile size 46218M (AvailPageFile size 50M)
current process WorkingSet (physical memory assigned to process): 219M, peak: 222M
current process commit charge ("private bytes"): 432M, peak: 436M

vm_info: OpenJDK 64-Bit Server VM (17.0.14+7-LTS) for windows-amd64 JRE (17.0.14+7-LTS), built on Jan  8 2025 23:39:28 by "MicrosoftCorporation" with unknown MS VC++:1939

END.
