#
# There is insufficient memory for the Java Runtime Environment to continue.
# Native memory allocation (malloc) failed to allocate 1048576 bytes. Error detail: AllocateHeap
# Possible reasons:
#   The system is out of physical RAM or swap space
#   This process is running with CompressedOops enabled, and the Java Heap may be blocking the growth of the native heap
# Possible solutions:
#   Reduce memory load on the system
#   Increase physical memory or swap space
#   Check if swap backing store is full
#   Decrease Java heap size (-Xmx/-Xms)
#   Decrease number of Java threads
#   Decrease Java thread stack sizes (-Xss)
#   Set larger code cache with -XX:ReservedCodeCacheSize=
#   JVM is running with Unscaled Compressed Oops mode in which the Java heap is
#     placed in the first 4GB address space. The Java Heap base address is the
#     maximum limit for the native heap growth. Please use -XX:HeapBaseMinAddress
#     to set the Java Heap base and to place the Java Heap above 4GB virtual address.
# This output file may be truncated or incomplete.
#
#  Out of Memory Error (allocation.cpp:44), pid=21952, tid=19664
#
# JRE version: OpenJDK Runtime Environment Temurin-21.0.8+9 (21.0.8+9) (build 21.0.8+9-LTS)
# Java VM: OpenJDK 64-Bit Server VM Temurin-21.0.8+9 (21.0.8+9-LTS, mixed mode, sharing, tiered, compressed oops, compressed class ptrs, parallel gc, windows-amd64)
# No core dump will be written. Minidumps are not enabled by default on client versions of Windows
#

---------------  S U M M A R Y ------------

Command Line: --add-modules=ALL-SYSTEM --add-opens=java.base/java.util=ALL-UNNAMED --add-opens=java.base/java.lang=ALL-UNNAMED --add-opens=java.base/sun.nio.fs=ALL-UNNAMED -Declipse.application=org.eclipse.jdt.ls.core.id1 -Dosgi.bundles.defaultStartLevel=4 -Declipse.product=org.eclipse.jdt.ls.core.product -Djava.import.generatesMetadataFilesAtProjectRoot=false -DDetectVMInstallationsJob.disabled=true -Dfile.encoding=utf8 -XX:+UseParallelGC -XX:GCTimeRatio=4 -XX:AdaptiveSizePolicyWeight=90 -Dsun.zip.disableMemoryMapping=true -Xmx2G -Xms100m -Xlog:disable -javaagent:c:\Users\Technyx\.vscode\extensions\redhat.java-1.45.0-win32-x64\lombok\lombok-1.18.39-4050.jar -XX:+HeapDumpOnOutOfMemoryError -XX:HeapDumpPath=c:\Users\Technyx\AppData\Roaming\Code\User\workspaceStorage\b6574fec2badbdb96867a97d384b210d\redhat.java -Daether.dependencyCollector.impl=bf c:\Users\Technyx\.vscode\extensions\redhat.java-1.45.0-win32-x64\server\plugins\org.eclipse.equinox.launcher_1.7.0.v20250519-0528.jar -configuration c:\Users\Technyx\AppData\Roaming\Code\User\globalStorage\redhat.java\1.45.0\config_win -data c:\Users\Technyx\AppData\Roaming\Code\User\workspaceStorage\b6574fec2badbdb96867a97d384b210d\redhat.java\jdt_ws --pipe=\\.\pipe\lsp-dc3d9c7aa4cf0ae5ec24290fcacd0088-sock

Host: AMD Ryzen 5 5500U with Radeon Graphics         , 12 cores, 15G,  Windows 11 , 64 bit Build 26100 (10.0.26100.6725)
Time: Wed Oct  1 17:49:32 2025 Pakistan Standard Time elapsed time: 6406.404762 seconds (0d 1h 46m 46s)

---------------  T H R E A D  ---------------

Current thread (0x0000027a5d4360c0):  JavaThread "Attach Listener" daemon [_thread_in_vm, id=19664, stack(0x000000ad57400000,0x000000ad57500000) (1024K)]

Stack: [0x000000ad57400000,0x000000ad57500000]
Native frames: (J=compiled Java code, j=interpreted, Vv=VM code, C=native code)
V  [jvm.dll+0x6d2449]
V  [jvm.dll+0x8ae341]
V  [jvm.dll+0x8b08be]
V  [jvm.dll+0x8b0fa3]
V  [jvm.dll+0x280c96]
V  [jvm.dll+0xc0347]
V  [jvm.dll+0x6d2cf9]
V  [jvm.dll+0x131116]
V  [jvm.dll+0x3f2d16]
V  [jvm.dll+0x857e6b]
V  [jvm.dll+0x6d0b0d]
C  [ucrtbase.dll+0x37b0]
C  [KERNEL32.DLL+0x2e8d7]
C  [ntdll.dll+0x8c53c]


---------------  P R O C E S S  ---------------

Threads class SMR info:
_java_thread_list=0x0000027a7267ba10, length=46, elements={
0x0000027a45731580, 0x0000027a456c7e60, 0x0000027a456c9cd0, 0x0000027a5d433560,
0x0000027a5d4360c0, 0x0000027a5d436b10, 0x0000027a5d437560, 0x0000027a5d43a2f0,
0x0000027a5d43b520, 0x0000027a5d5653b0, 0x0000027a5d755ef0, 0x0000027a5e8fe440,
0x0000027a5e7578e0, 0x0000027a5d611420, 0x0000027a5d5f3c20, 0x0000027a636e4010,
0x0000027a630fe760, 0x0000027a630a1d00, 0x0000027a630a2a20, 0x0000027a630a4460,
0x0000027a65c4a320, 0x0000027a65c4b040, 0x0000027a65c488e0, 0x0000027a65c4a9b0,
0x0000027a65c4bd60, 0x0000027a65c4b6d0, 0x0000027a65c4c3f0, 0x0000027a65c48f70,
0x0000027a65c4ca80, 0x0000027a65c49600, 0x0000027a65c49c90, 0x0000027a65c4de30,
0x0000027a65c4e4c0, 0x0000027a65c4d110, 0x0000027a65c4eb50, 0x0000027a65c4f1e0,
0x0000027a66b09b80, 0x0000027a66b06d90, 0x0000027a66b087d0, 0x0000027a66b0a8a0,
0x0000027a66b07420, 0x0000027a66b08140, 0x0000027a66b059e0, 0x0000027a66b0bc50,
0x0000027a66b0c970, 0x0000027a689a2710
}

Java Threads: ( => current thread )
  0x0000027a45731580 JavaThread "main"                              [_thread_blocked, id=10380, stack(0x000000ad56d00000,0x000000ad56e00000) (1024K)]
  0x0000027a456c7e60 JavaThread "Reference Handler"          daemon [_thread_blocked, id=6256, stack(0x000000ad57100000,0x000000ad57200000) (1024K)]
  0x0000027a456c9cd0 JavaThread "Finalizer"                  daemon [_thread_blocked, id=10072, stack(0x000000ad57200000,0x000000ad57300000) (1024K)]
  0x0000027a5d433560 JavaThread "Signal Dispatcher"          daemon [_thread_blocked, id=14984, stack(0x000000ad57300000,0x000000ad57400000) (1024K)]
=>0x0000027a5d4360c0 JavaThread "Attach Listener"            daemon [_thread_in_vm, id=19664, stack(0x000000ad57400000,0x000000ad57500000) (1024K)]
  0x0000027a5d436b10 JavaThread "Service Thread"             daemon [_thread_blocked, id=6564, stack(0x000000ad57500000,0x000000ad57600000) (1024K)]
  0x0000027a5d437560 JavaThread "Monitor Deflation Thread"   daemon [_thread_blocked, id=20644, stack(0x000000ad57600000,0x000000ad57700000) (1024K)]
  0x0000027a5d43a2f0 JavaThread "C2 CompilerThread0"         daemon [_thread_blocked, id=26196, stack(0x000000ad57700000,0x000000ad57800000) (1024K)]
  0x0000027a5d43b520 JavaThread "C1 CompilerThread0"         daemon [_thread_blocked, id=22320, stack(0x000000ad57800000,0x000000ad57900000) (1024K)]
  0x0000027a5d5653b0 JavaThread "Common-Cleaner"             daemon [_thread_blocked, id=3272, stack(0x000000ad57900000,0x000000ad57a00000) (1024K)]
  0x0000027a5d755ef0 JavaThread "Notification Thread"        daemon [_thread_blocked, id=26864, stack(0x000000ad57a00000,0x000000ad57b00000) (1024K)]
  0x0000027a5e8fe440 JavaThread "Active Thread: Equinox Container: 0bd92eaa-7d52-49c5-bf6b-69ed65355bfd"        [_thread_blocked, id=21476, stack(0x000000ad58300000,0x000000ad58400000) (1024K)]
  0x0000027a5e7578e0 JavaThread "Refresh Thread: Equinox Container: 0bd92eaa-7d52-49c5-bf6b-69ed65355bfd" daemon [_thread_blocked, id=20200, stack(0x000000ad57b00000,0x000000ad57c00000) (1024K)]
  0x0000027a5d611420 JavaThread "Framework Event Dispatcher: Equinox Container: 0bd92eaa-7d52-49c5-bf6b-69ed65355bfd" daemon [_thread_blocked, id=3884, stack(0x000000ad58400000,0x000000ad58500000) (1024K)]
  0x0000027a5d5f3c20 JavaThread "Start Level: Equinox Container: 0bd92eaa-7d52-49c5-bf6b-69ed65355bfd" daemon [_thread_blocked, id=27904, stack(0x000000ad58500000,0x000000ad58600000) (1024K)]
  0x0000027a636e4010 JavaThread "Bundle File Closer"         daemon [_thread_blocked, id=12352, stack(0x000000ad58900000,0x000000ad58a00000) (1024K)]
  0x0000027a630fe760 JavaThread "SCR Component Actor"        daemon [_thread_blocked, id=18648, stack(0x000000ad58600000,0x000000ad58700000) (1024K)]
  0x0000027a630a1d00 JavaThread "Worker-JM"                         [_thread_blocked, id=20656, stack(0x000000ad58c00000,0x000000ad58d00000) (1024K)]
  0x0000027a630a2a20 JavaThread "Java indexing"              daemon [_thread_blocked, id=28276, stack(0x000000ad59100000,0x000000ad59200000) (1024K)]
  0x0000027a630a4460 JavaThread "JNA Cleaner"                daemon [_thread_blocked, id=23480, stack(0x000000ad59200000,0x000000ad59300000) (1024K)]
  0x0000027a65c4a320 JavaThread "Thread-2"                   daemon [_thread_in_native, id=23720, stack(0x000000ad59600000,0x000000ad59700000) (1024K)]
  0x0000027a65c4b040 JavaThread "Thread-3"                   daemon [_thread_in_native, id=4324, stack(0x000000ad59700000,0x000000ad59800000) (1024K)]
  0x0000027a65c488e0 JavaThread "Thread-4"                   daemon [_thread_in_native, id=25044, stack(0x000000ad59800000,0x000000ad59900000) (1024K)]
  0x0000027a65c4a9b0 JavaThread "Thread-5"                   daemon [_thread_in_native, id=10132, stack(0x000000ad59900000,0x000000ad59a00000) (1024K)]
  0x0000027a65c4bd60 JavaThread "Thread-6"                   daemon [_thread_in_native, id=19656, stack(0x000000ad59a00000,0x000000ad59b00000) (1024K)]
  0x0000027a65c4b6d0 JavaThread "Thread-7"                   daemon [_thread_in_native, id=8488, stack(0x000000ad59b00000,0x000000ad59c00000) (1024K)]
  0x0000027a65c4c3f0 JavaThread "Thread-8"                   daemon [_thread_in_native, id=25356, stack(0x000000ad59c00000,0x000000ad59d00000) (1024K)]
  0x0000027a65c48f70 JavaThread "Thread-9"                   daemon [_thread_in_native, id=15896, stack(0x000000ad59d00000,0x000000ad59e00000) (1024K)]
  0x0000027a65c4ca80 JavaThread "Thread-10"                  daemon [_thread_in_native, id=25508, stack(0x000000ad59e00000,0x000000ad59f00000) (1024K)]
  0x0000027a65c49600 JavaThread "Thread-11"                  daemon [_thread_in_native, id=25076, stack(0x000000ad59f00000,0x000000ad5a000000) (1024K)]
  0x0000027a65c49c90 JavaThread "Thread-12"                  daemon [_thread_in_native, id=23040, stack(0x000000ad5a000000,0x000000ad5a100000) (1024K)]
  0x0000027a65c4de30 JavaThread "Thread-13"                  daemon [_thread_in_native, id=10852, stack(0x000000ad5a100000,0x000000ad5a200000) (1024K)]
  0x0000027a65c4e4c0 JavaThread "Thread-14"                  daemon [_thread_in_native, id=24004, stack(0x000000ad5a200000,0x000000ad5a300000) (1024K)]
  0x0000027a65c4d110 JavaThread "pool-2-thread-1"                   [_thread_blocked, id=28096, stack(0x000000ad5a300000,0x000000ad5a400000) (1024K)]
  0x0000027a65c4eb50 JavaThread "WorkspaceEventsHandler"            [_thread_blocked, id=10384, stack(0x000000ad5a500000,0x000000ad5a600000) (1024K)]
  0x0000027a65c4f1e0 JavaThread "pool-1-thread-1"                   [_thread_blocked, id=27540, stack(0x000000ad5a600000,0x000000ad5a700000) (1024K)]
  0x0000027a66b09b80 JavaThread "Timer-0"                           [_thread_blocked, id=28456, stack(0x000000ad5aa00000,0x000000ad5ab00000) (1024K)]
  0x0000027a66b06d90 JavaThread "Timer-1"                           [_thread_blocked, id=25928, stack(0x000000ad56a00000,0x000000ad56b00000) (1024K)]
  0x0000027a66b087d0 JavaThread "Timer-2"                           [_thread_blocked, id=18440, stack(0x000000ad5a900000,0x000000ad5aa00000) (1024K)]
  0x0000027a66b0a8a0 JavaThread "Timer-3"                           [_thread_blocked, id=15748, stack(0x000000ad5ac00000,0x000000ad5ad00000) (1024K)]
  0x0000027a66b07420 JavaThread "Timer-4"                           [_thread_blocked, id=28440, stack(0x000000ad5ad00000,0x000000ad5ae00000) (1024K)]
  0x0000027a66b08140 JavaThread "Timer-5"                           [_thread_blocked, id=21068, stack(0x000000ad58a00000,0x000000ad58b00000) (1024K)]
  0x0000027a66b059e0 JavaThread "Timer-6"                           [_thread_blocked, id=16768, stack(0x000000ad58b00000,0x000000ad58c00000) (1024K)]
  0x0000027a66b0bc50 JavaThread "Timer-7"                           [_thread_blocked, id=27284, stack(0x000000ad59500000,0x000000ad59600000) (1024K)]
  0x0000027a66b0c970 JavaThread "Worker-11"                         [_thread_blocked, id=10664, stack(0x000000ad5af00000,0x000000ad5b000000) (1024K)]
  0x0000027a689a2710 JavaThread "Worker-15"                         [_thread_blocked, id=10568, stack(0x000000ad5b300000,0x000000ad5b400000) (1024K)]
Total: 46

Other Threads:
  0x0000027a456b4960 VMThread "VM Thread"                           [id=24568, stack(0x000000ad57000000,0x000000ad57100000) (1024K)]
  0x0000027a455aca00 WatcherThread "VM Periodic Task Thread"        [id=28056, stack(0x000000ad56f00000,0x000000ad57000000) (1024K)]
  0x0000027a45750790 WorkerThread "GC Thread#0"                     [id=22404, stack(0x000000ad56e00000,0x000000ad56f00000) (1024K)]
  0x0000027a5d731480 WorkerThread "GC Thread#1"                     [id=10524, stack(0x000000ad57d00000,0x000000ad57e00000) (1024K)]
  0x0000027a5e889a20 WorkerThread "GC Thread#2"                     [id=1984, stack(0x000000ad57e00000,0x000000ad57f00000) (1024K)]
  0x0000027a5e561f30 WorkerThread "GC Thread#3"                     [id=3412, stack(0x000000ad57f00000,0x000000ad58000000) (1024K)]
  0x0000027a5e5622d0 WorkerThread "GC Thread#4"                     [id=15128, stack(0x000000ad58000000,0x000000ad58100000) (1024K)]
  0x0000027a5e562670 WorkerThread "GC Thread#5"                     [id=10308, stack(0x000000ad58100000,0x000000ad58200000) (1024K)]
  0x0000027a5e563220 WorkerThread "GC Thread#6"                     [id=16820, stack(0x000000ad58200000,0x000000ad58300000) (1024K)]
  0x0000027a5e757f40 WorkerThread "GC Thread#7"                     [id=4040, stack(0x000000ad57c00000,0x000000ad57d00000) (1024K)]
  0x0000027a5e9f9f70 WorkerThread "GC Thread#8"                     [id=26720, stack(0x000000ad58700000,0x000000ad58800000) (1024K)]
  0x0000027a5e9fa310 WorkerThread "GC Thread#9"                     [id=13640, stack(0x000000ad58800000,0x000000ad58900000) (1024K)]
Total: 12

Threads with active compile tasks:
Total: 0

VM state: not at safepoint (normal execution)

VM Mutex/Monitor currently owned by a thread: None

Heap address: 0x0000000080000000, size: 2048 MB, Compressed Oops mode: 32-bit

CDS archive(s) mapped at: [0x0000027a00000000-0x0000027a00ba0000-0x0000027a00ba0000), size 12189696, SharedBaseAddress: 0x0000027a00000000, ArchiveRelocationMode: 1.
Compressed class space mapped at: 0x0000027a01000000-0x0000027a41000000, reserved size: 1073741824
Narrow klass base: 0x0000027a00000000, Narrow klass shift: 0, Narrow klass range: 0x100000000

GC Precious Log:
 CardTable entry size: 512
 CPUs: 12 total, 12 available
 Memory: 15693M
 Large Page Support: Disabled
 NUMA Support: Disabled
 Compressed Oops: Enabled (32-bit)
 Alignments: Space 512K, Generation 512K, Heap 2M
 Heap Min Capacity: 100M
 Heap Initial Capacity: 100M
 Heap Max Capacity: 2G
 Pre-touch: Disabled
 Parallel Workers: 10

Heap:
 PSYoungGen      total 3072K, used 493K [0x00000000d5580000, 0x00000000d5c80000, 0x0000000100000000)
  eden space 2560K, 9% used [0x00000000d5580000,0x00000000d55bb670,0x00000000d5800000)
  from space 512K, 50% used [0x00000000d5c00000,0x00000000d5c40000,0x00000000d5c80000)
  to   space 512K, 0% used [0x00000000d5b80000,0x00000000d5b80000,0x00000000d5c00000)
 ParOldGen       total 968704K, used 968659K [0x0000000080000000, 0x00000000bb200000, 0x00000000d5580000)
  object space 968704K, 99% used [0x0000000080000000,0x00000000bb1f4f08,0x00000000bb200000)
 Metaspace       used 85878K, committed 87488K, reserved 1179648K
  class space    used 10210K, committed 10944K, reserved 1048576K

Card table byte_map: [0x0000027a450c0000,0x0000027a454d0000] _byte_map_base: 0x0000027a44cc0000

Marking Bits: (ParMarkBitMap*) 0x00007ffba310a340
 Begin Bits: [0x0000027a57bc0000, 0x0000027a59bc0000)
 End Bits:   [0x0000027a59bc0000, 0x0000027a5bbc0000)

Polling page: 0x0000027a437b0000

Metaspace:

Usage:
  Non-class:     73.90 MB used.
      Class:      9.97 MB used.
       Both:     83.87 MB used.

Virtual space:
  Non-class space:      128.00 MB reserved,      74.75 MB ( 58%) committed,  2 nodes.
      Class space:        1.00 GB reserved,      10.69 MB (  1%) committed,  1 nodes.
             Both:        1.12 GB reserved,      85.44 MB (  7%) committed. 

Chunk freelists:
   Non-Class:  5.17 MB
       Class:  5.22 MB
        Both:  10.39 MB

MaxMetaspaceSize: unlimited
CompressedClassSpaceSize: 1.00 GB
Initial GC threshold: 21.00 MB
Current GC threshold: 128.69 MB
CDS: on
 - commit_granule_bytes: 65536.
 - commit_granule_words: 8192.
 - virtual_space_node_default_size: 8388608.
 - enlarge_chunks_in_place: 1.
 - use_allocation_guard: 0.


Internal statistics:

num_allocs_failed_limit: 9.
num_arena_births: 1556.
num_arena_deaths: 14.
num_vsnodes_births: 3.
num_vsnodes_deaths: 0.
num_space_committed: 1367.
num_space_uncommitted: 0.
num_chunks_returned_to_freelist: 23.
num_chunks_taken_from_freelist: 5280.
num_chunk_merges: 10.
num_chunk_splits: 3352.
num_chunks_enlarged: 2081.
num_inconsistent_stats: 0.

CodeHeap 'non-profiled nmethods': size=120000Kb used=16362Kb max_used=16362Kb free=103637Kb
 bounds [0x0000027a503e0000, 0x0000027a513e0000, 0x0000027a57910000]
CodeHeap 'profiled nmethods': size=120000Kb used=31095Kb max_used=31095Kb free=88904Kb
 bounds [0x0000027a48910000, 0x0000027a4a770000, 0x0000027a4fe40000]
CodeHeap 'non-nmethods': size=5760Kb used=1496Kb max_used=1586Kb free=4263Kb
 bounds [0x0000027a4fe40000, 0x0000027a500b0000, 0x0000027a503e0000]
CodeCache: size=245760Kb, used=48953Kb, max_used=49043Kb, free=196804Kb
 total_blobs=14296, nmethods=13480, adapters=720, full_count=0
Compilation: enabled, stopped_count=0, restarted_count=0

Compilation events (20 events):
Event: 3932.367 Thread 0x0000027a5d43b520 nmethod 14895 0x0000027a4a76a390 code [0x0000027a4a76a6c0, 0x0000027a4a76bb98]
Event: 3932.411 Thread 0x0000027a5d43a2f0 nmethod 14892 0x0000027a513d1390 code [0x0000027a513d1820, 0x0000027a513d4128]
Event: 3932.473 Thread 0x0000027a5d43b520 14896       3       org.eclipse.core.internal.dtree.AbstractDataTree::immutable (16 bytes)
Event: 3932.473 Thread 0x0000027a5d43b520 nmethod 14896 0x0000027a4a76c190 code [0x0000027a4a76c340, 0x0000027a4a76c4c8]
Event: 3932.474 Thread 0x0000027a5d43b520 14897       3       sun.nio.ch.AsynchronousFileChannelImpl::read (9 bytes)
Event: 3932.474 Thread 0x0000027a5d43b520 nmethod 14897 0x0000027a4a76c590 code [0x0000027a4a76c740, 0x0000027a4a76c920]
Event: 4101.585 Thread 0x0000027a5d43b520 14898       3       java.lang.ProcessHandleImpl::get (51 bytes)
Event: 4101.586 Thread 0x0000027a5d43b520 nmethod 14898 0x0000027a4a76ca10 code [0x0000027a4a76cc20, 0x0000027a4a76d228]
Event: 4352.972 Thread 0x0000027a5d43a2f0 14899       4       java.util.concurrent.ThreadPoolExecutor::beforeExecute (1 bytes)
Event: 4352.973 Thread 0x0000027a5d43a2f0 nmethod 14899 0x0000027a513d6490 code [0x0000027a513d6620, 0x0000027a513d66a8]
Event: 4451.670 Thread 0x0000027a5d43a2f0 14900       4       java.util.concurrent.ThreadPoolExecutor::afterExecute (1 bytes)
Event: 4451.670 Thread 0x0000027a5d43a2f0 nmethod 14900 0x0000027a513d6790 code [0x0000027a513d6920, 0x0000027a513d69a8]
Event: 5509.008 Thread 0x0000027a5d43b520 14901   !   3       java.util.logging.LogManager::getUserContext (118 bytes)
Event: 5509.011 Thread 0x0000027a5d43b520 nmethod 14901 0x0000027a4a76d490 code [0x0000027a4a76d640, 0x0000027a4a76d8b0]
Event: 5509.011 Thread 0x0000027a5d43b520 14902       3       jdk.internal.access.SharedSecrets::getJavaAWTAccess (4 bytes)
Event: 5509.011 Thread 0x0000027a5d43b520 nmethod 14902 0x0000027a4a76da10 code [0x0000027a4a76dba0, 0x0000027a4a76dc98]
Event: 5552.954 Thread 0x0000027a5d43a2f0 14903   !   4       java.util.concurrent.locks.AbstractQueuedSynchronizer::acquire (424 bytes)
Event: 5553.000 Thread 0x0000027a5d43a2f0 nmethod 14903 0x0000027a513d6a90 code [0x0000027a513d6d00, 0x0000027a513d7e48]
Event: 5718.760 Thread 0x0000027a5d43a2f0 14904       4       org.eclipse.core.internal.resources.MarkerAttributeMap::shareStrings (92 bytes)
Event: 5718.822 Thread 0x0000027a5d43a2f0 nmethod 14904 0x0000027a513d8910 code [0x0000027a513d8ba0, 0x0000027a513d99d8]

GC Heap History (20 events):
Event: 3798.262 GC heap before
{Heap before GC invocations=2538 (full 4):
 PSYoungGen      total 6144K, used 6144K [0x00000000d5580000, 0x00000000d6680000, 0x0000000100000000)
  eden space 2560K, 100% used [0x00000000d5580000,0x00000000d5800000,0x00000000d5800000)
  from space 3584K, 100% used [0x00000000d5e00000,0x00000000d6180000,0x00000000d6180000)
  to   space 6144K, 0% used [0x00000000d5800000,0x00000000d5800000,0x00000000d5e00000)
 ParOldGen       total 965120K, used 964691K [0x0000000080000000, 0x00000000bae80000, 0x00000000d5580000)
  object space 965120K, 99% used [0x0000000080000000,0x00000000bae14f08,0x00000000bae80000)
 Metaspace       used 85844K, committed 87424K, reserved 1179648K
  class space    used 10210K, committed 10944K, reserved 1048576K
}
Event: 3798.270 GC heap after
{Heap after GC invocations=2538 (full 4):
 PSYoungGen      total 3072K, used 288K [0x00000000d5580000, 0x00000000d5e80000, 0x0000000100000000)
  eden space 2560K, 0% used [0x00000000d5580000,0x00000000d5580000,0x00000000d5800000)
  from space 512K, 56% used [0x00000000d5800000,0x00000000d5848000,0x00000000d5880000)
  to   space 2560K, 0% used [0x00000000d5c00000,0x00000000d5c00000,0x00000000d5e80000)
 ParOldGen       total 968704K, used 968219K [0x0000000080000000, 0x00000000bb200000, 0x00000000d5580000)
  object space 968704K, 99% used [0x0000000080000000,0x00000000bb186f08,0x00000000bb200000)
 Metaspace       used 85844K, committed 87424K, reserved 1179648K
  class space    used 10210K, committed 10944K, reserved 1048576K
}
Event: 3798.296 GC heap before
{Heap before GC invocations=2539 (full 4):
 PSYoungGen      total 3072K, used 2848K [0x00000000d5580000, 0x00000000d5e80000, 0x0000000100000000)
  eden space 2560K, 100% used [0x00000000d5580000,0x00000000d5800000,0x00000000d5800000)
  from space 512K, 56% used [0x00000000d5800000,0x00000000d5848000,0x00000000d5880000)
  to   space 2560K, 0% used [0x00000000d5c00000,0x00000000d5c00000,0x00000000d5e80000)
 ParOldGen       total 968704K, used 968219K [0x0000000080000000, 0x00000000bb200000, 0x00000000d5580000)
  object space 968704K, 99% used [0x0000000080000000,0x00000000bb186f08,0x00000000bb200000)
 Metaspace       used 85844K, committed 87424K, reserved 1179648K
  class space    used 10210K, committed 10944K, reserved 1048576K
}
Event: 3798.299 GC heap after
{Heap after GC invocations=2539 (full 4):
 PSYoungGen      total 3072K, used 224K [0x00000000d5580000, 0x00000000d5c80000, 0x0000000100000000)
  eden space 2560K, 0% used [0x00000000d5580000,0x00000000d5580000,0x00000000d5800000)
  from space 512K, 43% used [0x00000000d5c00000,0x00000000d5c38000,0x00000000d5c80000)
  to   space 1024K, 0% used [0x00000000d5a80000,0x00000000d5a80000,0x00000000d5b80000)
 ParOldGen       total 968704K, used 968283K [0x0000000080000000, 0x00000000bb200000, 0x00000000d5580000)
  object space 968704K, 99% used [0x0000000080000000,0x00000000bb196f08,0x00000000bb200000)
 Metaspace       used 85844K, committed 87424K, reserved 1179648K
  class space    used 10210K, committed 10944K, reserved 1048576K
}
Event: 3828.786 GC heap before
{Heap before GC invocations=2540 (full 4):
 PSYoungGen      total 3072K, used 2784K [0x00000000d5580000, 0x00000000d5c80000, 0x0000000100000000)
  eden space 2560K, 100% used [0x00000000d5580000,0x00000000d5800000,0x00000000d5800000)
  from space 512K, 43% used [0x00000000d5c00000,0x00000000d5c38000,0x00000000d5c80000)
  to   space 1024K, 0% used [0x00000000d5a80000,0x00000000d5a80000,0x00000000d5b80000)
 ParOldGen       total 968704K, used 968283K [0x0000000080000000, 0x00000000bb200000, 0x00000000d5580000)
  object space 968704K, 99% used [0x0000000080000000,0x00000000bb196f08,0x00000000bb200000)
 Metaspace       used 85852K, committed 87424K, reserved 1179648K
  class space    used 10210K, committed 10944K, reserved 1048576K
}
Event: 3828.789 GC heap after
{Heap after GC invocations=2540 (full 4):
 PSYoungGen      total 3584K, used 288K [0x00000000d5580000, 0x00000000d5c80000, 0x0000000100000000)
  eden space 2560K, 0% used [0x00000000d5580000,0x00000000d5580000,0x00000000d5800000)
  from space 1024K, 28% used [0x00000000d5a80000,0x00000000d5ac8000,0x00000000d5b80000)
  to   space 512K, 0% used [0x00000000d5c00000,0x00000000d5c00000,0x00000000d5c80000)
 ParOldGen       total 968704K, used 968299K [0x0000000080000000, 0x00000000bb200000, 0x00000000d5580000)
  object space 968704K, 99% used [0x0000000080000000,0x00000000bb19af08,0x00000000bb200000)
 Metaspace       used 85852K, committed 87424K, reserved 1179648K
  class space    used 10210K, committed 10944K, reserved 1048576K
}
Event: 3828.810 GC heap before
{Heap before GC invocations=2541 (full 4):
 PSYoungGen      total 3584K, used 2848K [0x00000000d5580000, 0x00000000d5c80000, 0x0000000100000000)
  eden space 2560K, 100% used [0x00000000d5580000,0x00000000d5800000,0x00000000d5800000)
  from space 1024K, 28% used [0x00000000d5a80000,0x00000000d5ac8000,0x00000000d5b80000)
  to   space 512K, 0% used [0x00000000d5c00000,0x00000000d5c00000,0x00000000d5c80000)
 ParOldGen       total 968704K, used 968299K [0x0000000080000000, 0x00000000bb200000, 0x00000000d5580000)
  object space 968704K, 99% used [0x0000000080000000,0x00000000bb19af08,0x00000000bb200000)
 Metaspace       used 85852K, committed 87424K, reserved 1179648K
  class space    used 10210K, committed 10944K, reserved 1048576K
}
Event: 3828.812 GC heap after
{Heap after GC invocations=2541 (full 4):
 PSYoungGen      total 3072K, used 256K [0x00000000d5580000, 0x00000000d5c80000, 0x0000000100000000)
  eden space 2560K, 0% used [0x00000000d5580000,0x00000000d5580000,0x00000000d5800000)
  from space 512K, 50% used [0x00000000d5c00000,0x00000000d5c40000,0x00000000d5c80000)
  to   space 512K, 0% used [0x00000000d5b80000,0x00000000d5b80000,0x00000000d5c00000)
 ParOldGen       total 968704K, used 968363K [0x0000000080000000, 0x00000000bb200000, 0x00000000d5580000)
  object space 968704K, 99% used [0x0000000080000000,0x00000000bb1aaf08,0x00000000bb200000)
 Metaspace       used 85852K, committed 87424K, reserved 1179648K
  class space    used 10210K, committed 10944K, reserved 1048576K
}
Event: 3854.448 GC heap before
{Heap before GC invocations=2542 (full 4):
 PSYoungGen      total 3072K, used 2816K [0x00000000d5580000, 0x00000000d5c80000, 0x0000000100000000)
  eden space 2560K, 100% used [0x00000000d5580000,0x00000000d5800000,0x00000000d5800000)
  from space 512K, 50% used [0x00000000d5c00000,0x00000000d5c40000,0x00000000d5c80000)
  to   space 512K, 0% used [0x00000000d5b80000,0x00000000d5b80000,0x00000000d5c00000)
 ParOldGen       total 968704K, used 968363K [0x0000000080000000, 0x00000000bb200000, 0x00000000d5580000)
  object space 968704K, 99% used [0x0000000080000000,0x00000000bb1aaf08,0x00000000bb200000)
 Metaspace       used 85860K, committed 87424K, reserved 1179648K
  class space    used 10210K, committed 10944K, reserved 1048576K
}
Event: 3854.452 GC heap after
{Heap after GC invocations=2542 (full 4):
 PSYoungGen      total 3072K, used 256K [0x00000000d5580000, 0x00000000d5c80000, 0x0000000100000000)
  eden space 2560K, 0% used [0x00000000d5580000,0x00000000d5580000,0x00000000d5800000)
  from space 512K, 50% used [0x00000000d5b80000,0x00000000d5bc0000,0x00000000d5c00000)
  to   space 512K, 0% used [0x00000000d5c00000,0x00000000d5c00000,0x00000000d5c80000)
 ParOldGen       total 968704K, used 968395K [0x0000000080000000, 0x00000000bb200000, 0x00000000d5580000)
  object space 968704K, 99% used [0x0000000080000000,0x00000000bb1b2f08,0x00000000bb200000)
 Metaspace       used 85860K, committed 87424K, reserved 1179648K
  class space    used 10210K, committed 10944K, reserved 1048576K
}
Event: 3854.480 GC heap before
{Heap before GC invocations=2543 (full 4):
 PSYoungGen      total 3072K, used 2816K [0x00000000d5580000, 0x00000000d5c80000, 0x0000000100000000)
  eden space 2560K, 100% used [0x00000000d5580000,0x00000000d5800000,0x00000000d5800000)
  from space 512K, 50% used [0x00000000d5b80000,0x00000000d5bc0000,0x00000000d5c00000)
  to   space 512K, 0% used [0x00000000d5c00000,0x00000000d5c00000,0x00000000d5c80000)
 ParOldGen       total 968704K, used 968395K [0x0000000080000000, 0x00000000bb200000, 0x00000000d5580000)
  object space 968704K, 99% used [0x0000000080000000,0x00000000bb1b2f08,0x00000000bb200000)
 Metaspace       used 85861K, committed 87424K, reserved 1179648K
  class space    used 10210K, committed 10944K, reserved 1048576K
}
Event: 3854.484 GC heap after
{Heap after GC invocations=2543 (full 4):
 PSYoungGen      total 3072K, used 224K [0x00000000d5580000, 0x00000000d5c80000, 0x0000000100000000)
  eden space 2560K, 0% used [0x00000000d5580000,0x00000000d5580000,0x00000000d5800000)
  from space 512K, 43% used [0x00000000d5c00000,0x00000000d5c38000,0x00000000d5c80000)
  to   space 512K, 0% used [0x00000000d5b80000,0x00000000d5b80000,0x00000000d5c00000)
 ParOldGen       total 968704K, used 968459K [0x0000000080000000, 0x00000000bb200000, 0x00000000d5580000)
  object space 968704K, 99% used [0x0000000080000000,0x00000000bb1c2f08,0x00000000bb200000)
 Metaspace       used 85861K, committed 87424K, reserved 1179648K
  class space    used 10210K, committed 10944K, reserved 1048576K
}
Event: 3856.413 GC heap before
{Heap before GC invocations=2544 (full 4):
 PSYoungGen      total 3072K, used 2784K [0x00000000d5580000, 0x00000000d5c80000, 0x0000000100000000)
  eden space 2560K, 100% used [0x00000000d5580000,0x00000000d5800000,0x00000000d5800000)
  from space 512K, 43% used [0x00000000d5c00000,0x00000000d5c38000,0x00000000d5c80000)
  to   space 512K, 0% used [0x00000000d5b80000,0x00000000d5b80000,0x00000000d5c00000)
 ParOldGen       total 968704K, used 968459K [0x0000000080000000, 0x00000000bb200000, 0x00000000d5580000)
  object space 968704K, 99% used [0x0000000080000000,0x00000000bb1c2f08,0x00000000bb200000)
 Metaspace       used 85862K, committed 87424K, reserved 1179648K
  class space    used 10210K, committed 10944K, reserved 1048576K
}
Event: 3856.417 GC heap after
{Heap after GC invocations=2544 (full 4):
 PSYoungGen      total 3072K, used 224K [0x00000000d5580000, 0x00000000d5c80000, 0x0000000100000000)
  eden space 2560K, 0% used [0x00000000d5580000,0x00000000d5580000,0x00000000d5800000)
  from space 512K, 43% used [0x00000000d5b80000,0x00000000d5bb8000,0x00000000d5c00000)
  to   space 512K, 0% used [0x00000000d5c00000,0x00000000d5c00000,0x00000000d5c80000)
 ParOldGen       total 968704K, used 968507K [0x0000000080000000, 0x00000000bb200000, 0x00000000d5580000)
  object space 968704K, 99% used [0x0000000080000000,0x00000000bb1cef08,0x00000000bb200000)
 Metaspace       used 85862K, committed 87424K, reserved 1179648K
  class space    used 10210K, committed 10944K, reserved 1048576K
}
Event: 3873.096 GC heap before
{Heap before GC invocations=2545 (full 4):
 PSYoungGen      total 3072K, used 2783K [0x00000000d5580000, 0x00000000d5c80000, 0x0000000100000000)
  eden space 2560K, 99% used [0x00000000d5580000,0x00000000d57ffff8,0x00000000d5800000)
  from space 512K, 43% used [0x00000000d5b80000,0x00000000d5bb8000,0x00000000d5c00000)
  to   space 512K, 0% used [0x00000000d5c00000,0x00000000d5c00000,0x00000000d5c80000)
 ParOldGen       total 968704K, used 968507K [0x0000000080000000, 0x00000000bb200000, 0x00000000d5580000)
  object space 968704K, 99% used [0x0000000080000000,0x00000000bb1cef08,0x00000000bb200000)
 Metaspace       used 85865K, committed 87488K, reserved 1179648K
  class space    used 10210K, committed 10944K, reserved 1048576K
}
Event: 3873.099 GC heap after
{Heap after GC invocations=2545 (full 4):
 PSYoungGen      total 3072K, used 320K [0x00000000d5580000, 0x00000000d5c80000, 0x0000000100000000)
  eden space 2560K, 0% used [0x00000000d5580000,0x00000000d5580000,0x00000000d5800000)
  from space 512K, 62% used [0x00000000d5c00000,0x00000000d5c50000,0x00000000d5c80000)
  to   space 512K, 0% used [0x00000000d5b80000,0x00000000d5b80000,0x00000000d5c00000)
 ParOldGen       total 968704K, used 968555K [0x0000000080000000, 0x00000000bb200000, 0x00000000d5580000)
  object space 968704K, 99% used [0x0000000080000000,0x00000000bb1daf08,0x00000000bb200000)
 Metaspace       used 85865K, committed 87488K, reserved 1179648K
  class space    used 10210K, committed 10944K, reserved 1048576K
}
Event: 3873.113 GC heap before
{Heap before GC invocations=2546 (full 4):
 PSYoungGen      total 3072K, used 2880K [0x00000000d5580000, 0x00000000d5c80000, 0x0000000100000000)
  eden space 2560K, 100% used [0x00000000d5580000,0x00000000d5800000,0x00000000d5800000)
  from space 512K, 62% used [0x00000000d5c00000,0x00000000d5c50000,0x00000000d5c80000)
  to   space 512K, 0% used [0x00000000d5b80000,0x00000000d5b80000,0x00000000d5c00000)
 ParOldGen       total 968704K, used 968555K [0x0000000080000000, 0x00000000bb200000, 0x00000000d5580000)
  object space 968704K, 99% used [0x0000000080000000,0x00000000bb1daf08,0x00000000bb200000)
 Metaspace       used 85866K, committed 87488K, reserved 1179648K
  class space    used 10210K, committed 10944K, reserved 1048576K
}
Event: 3873.116 GC heap after
{Heap after GC invocations=2546 (full 4):
 PSYoungGen      total 3072K, used 288K [0x00000000d5580000, 0x00000000d5c80000, 0x0000000100000000)
  eden space 2560K, 0% used [0x00000000d5580000,0x00000000d5580000,0x00000000d5800000)
  from space 512K, 56% used [0x00000000d5b80000,0x00000000d5bc8000,0x00000000d5c00000)
  to   space 512K, 0% used [0x00000000d5c00000,0x00000000d5c00000,0x00000000d5c80000)
 ParOldGen       total 968704K, used 968635K [0x0000000080000000, 0x00000000bb200000, 0x00000000d5580000)
  object space 968704K, 99% used [0x0000000080000000,0x00000000bb1eef08,0x00000000bb200000)
 Metaspace       used 85866K, committed 87488K, reserved 1179648K
  class space    used 10210K, committed 10944K, reserved 1048576K
}
Event: 4818.747 GC heap before
{Heap before GC invocations=2547 (full 4):
 PSYoungGen      total 3072K, used 2847K [0x00000000d5580000, 0x00000000d5c80000, 0x0000000100000000)
  eden space 2560K, 99% used [0x00000000d5580000,0x00000000d57ffff0,0x00000000d5800000)
  from space 512K, 56% used [0x00000000d5b80000,0x00000000d5bc8000,0x00000000d5c00000)
  to   space 512K, 0% used [0x00000000d5c00000,0x00000000d5c00000,0x00000000d5c80000)
 ParOldGen       total 968704K, used 968635K [0x0000000080000000, 0x00000000bb200000, 0x00000000d5580000)
  object space 968704K, 99% used [0x0000000080000000,0x00000000bb1eef08,0x00000000bb200000)
 Metaspace       used 85877K, committed 87488K, reserved 1179648K
  class space    used 10210K, committed 10944K, reserved 1048576K
}
Event: 4818.756 GC heap after
{Heap after GC invocations=2547 (full 4):
 PSYoungGen      total 3072K, used 256K [0x00000000d5580000, 0x00000000d5c80000, 0x0000000100000000)
  eden space 2560K, 0% used [0x00000000d5580000,0x00000000d5580000,0x00000000d5800000)
  from space 512K, 50% used [0x00000000d5c00000,0x00000000d5c40000,0x00000000d5c80000)
  to   space 512K, 0% used [0x00000000d5b80000,0x00000000d5b80000,0x00000000d5c00000)
 ParOldGen       total 968704K, used 968659K [0x0000000080000000, 0x00000000bb200000, 0x00000000d5580000)
  object space 968704K, 99% used [0x0000000080000000,0x00000000bb1f4f08,0x00000000bb200000)
 Metaspace       used 85877K, committed 87488K, reserved 1179648K
  class space    used 10210K, committed 10944K, reserved 1048576K
}

Dll operation events (15 events):
Event: 0.025 Loaded shared library c:\Users\Technyx\.vscode\extensions\redhat.java-1.45.0-win32-x64\jre\21.0.8-win32-x86_64\bin\java.dll
Event: 0.173 Loaded shared library c:\Users\Technyx\.vscode\extensions\redhat.java-1.45.0-win32-x64\jre\21.0.8-win32-x86_64\bin\zip.dll
Event: 0.215 Loaded shared library C:\Users\Technyx\.vscode\extensions\redhat.java-1.45.0-win32-x64\jre\21.0.8-win32-x86_64\bin\instrument.dll
Event: 0.225 Loaded shared library C:\Users\Technyx\.vscode\extensions\redhat.java-1.45.0-win32-x64\jre\21.0.8-win32-x86_64\bin\net.dll
Event: 0.230 Loaded shared library C:\Users\Technyx\.vscode\extensions\redhat.java-1.45.0-win32-x64\jre\21.0.8-win32-x86_64\bin\nio.dll
Event: 0.237 Loaded shared library C:\Users\Technyx\.vscode\extensions\redhat.java-1.45.0-win32-x64\jre\21.0.8-win32-x86_64\bin\zip.dll
Event: 0.276 Loaded shared library C:\Users\Technyx\.vscode\extensions\redhat.java-1.45.0-win32-x64\jre\21.0.8-win32-x86_64\bin\jimage.dll
Event: 0.480 Loaded shared library c:\Users\Technyx\.vscode\extensions\redhat.java-1.45.0-win32-x64\jre\21.0.8-win32-x86_64\bin\verify.dll
Event: 8.391 Loaded shared library C:\Users\Technyx\AppData\Roaming\Code\User\globalStorage\redhat.java\1.45.0\config_win\org.eclipse.equinox.launcher\org.eclipse.equinox.launcher.win32.win32.x86_64_1.2.1400.v20250801-0854\eclipse_11916.dll
Event: 18.431 Loaded shared library C:\Users\Technyx\.vscode\extensions\redhat.java-1.45.0-win32-x64\jre\21.0.8-win32-x86_64\bin\management.dll
Event: 18.434 Loaded shared library C:\Users\Technyx\.vscode\extensions\redhat.java-1.45.0-win32-x64\jre\21.0.8-win32-x86_64\bin\management_ext.dll
Event: 19.600 Loaded shared library C:\Users\Technyx\AppData\Local\Temp\jna-227078551\jna2716978610503753287.dll
Event: 19.734 Loaded shared library C:\Users\Technyx\.vscode\extensions\redhat.java-1.45.0-win32-x64\jre\21.0.8-win32-x86_64\bin\sunmscapi.dll
Event: 20.063 Loaded shared library C:\Users\Technyx\.vscode\extensions\redhat.java-1.45.0-win32-x64\jre\21.0.8-win32-x86_64\bin\extnet.dll
Event: 35.782 Loaded shared library C:\Users\Technyx\.gradle\native\c067742578af261105cb4f569cf0c3c89f3d7b1fecec35dd04571415982c5e48\windows-amd64\native-platform.dll

Deoptimization events (20 events):
Event: 3798.254 Thread 0x0000027a65c4eb50 Uncommon trap: trap_request=0xffffffbe fr.pc=0x0000027a513b2234 relative=0x0000000000000194
Event: 3798.254 Thread 0x0000027a65c4eb50 Uncommon trap: reason=profile_predicate action=maybe_recompile pc=0x0000027a513b2234 method=java.util.HashMap.keysToArray([Ljava/lang/Object;)[Ljava/lang/Object; @ 36 c2
Event: 3798.254 Thread 0x0000027a65c4eb50 DEOPT PACKING pc=0x0000027a513b2234 sp=0x000000ad5a5fdb40
Event: 3798.254 Thread 0x0000027a65c4eb50 DEOPT UNPACKING pc=0x0000027a4fe93aa2 sp=0x000000ad5a5fdac0 mode 2
Event: 3798.254 Thread 0x0000027a65c4eb50 Uncommon trap: trap_request=0xffffffbe fr.pc=0x0000027a513b2234 relative=0x0000000000000194
Event: 3798.254 Thread 0x0000027a65c4eb50 Uncommon trap: reason=profile_predicate action=maybe_recompile pc=0x0000027a513b2234 method=java.util.HashMap.keysToArray([Ljava/lang/Object;)[Ljava/lang/Object; @ 36 c2
Event: 3798.254 Thread 0x0000027a65c4eb50 DEOPT PACKING pc=0x0000027a513b2234 sp=0x000000ad5a5fdbc0
Event: 3798.254 Thread 0x0000027a65c4eb50 DEOPT UNPACKING pc=0x0000027a4fe93aa2 sp=0x000000ad5a5fdb40 mode 2
Event: 3856.453 Thread 0x0000027a65c4eb50 Uncommon trap: trap_request=0xffffff76 fr.pc=0x0000027a513c8914 relative=0x0000000000000174
Event: 3856.453 Thread 0x0000027a65c4eb50 Uncommon trap: reason=predicate action=maybe_recompile pc=0x0000027a513c8914 method=java.util.HashMap.keysToArray([Ljava/lang/Object;)[Ljava/lang/Object; @ 48 c2
Event: 3856.453 Thread 0x0000027a65c4eb50 DEOPT PACKING pc=0x0000027a513c8914 sp=0x000000ad5a5fdb40
Event: 3856.453 Thread 0x0000027a65c4eb50 DEOPT UNPACKING pc=0x0000027a4fe93aa2 sp=0x000000ad5a5fdac8 mode 2
Event: 3862.481 Thread 0x0000027a66b087d0 DEOPT PACKING pc=0x0000027a4a6894a3 sp=0x000000ad5a9ff4a0
Event: 3862.481 Thread 0x0000027a66b087d0 DEOPT UNPACKING pc=0x0000027a4fe94242 sp=0x000000ad5a9fe988 mode 0
Event: 3932.349 Thread 0x0000027a689a2710 Uncommon trap: trap_request=0xffffffc6 fr.pc=0x0000027a5112d424 relative=0x00000000000004c4
Event: 3932.349 Thread 0x0000027a689a2710 Uncommon trap: reason=bimorphic_or_optimized_type_check action=maybe_recompile pc=0x0000027a5112d424 method=org.eclipse.core.internal.dtree.AbstractDataTreeNode.simplifyWithParent([Lorg/eclipse/core/internal/dtree/AbstractDataTreeNode;Lorg/eclipse/core/ru
Event: 3932.349 Thread 0x0000027a689a2710 DEOPT PACKING pc=0x0000027a5112d424 sp=0x000000ad5b3fec00
Event: 3932.349 Thread 0x0000027a689a2710 DEOPT UNPACKING pc=0x0000027a4fe93aa2 sp=0x000000ad5b3febb0 mode 2
Event: 5419.466 Thread 0x0000027a66b06d90 DEOPT PACKING pc=0x0000027a4a6894a3 sp=0x000000ad56afef30
Event: 5419.467 Thread 0x0000027a66b06d90 DEOPT UNPACKING pc=0x0000027a4fe94242 sp=0x000000ad56afe418 mode 0

Classes loaded (20 events):
Event: 509.038 Loading class java/util/stream/Nodes$IntArrayNode done
Event: 509.039 Loading class java/util/stream/Nodes$IntFixedNodeBuilder done
Event: 509.039 Loading class java/util/stream/ReferencePipeline$4$1
Event: 509.039 Loading class java/util/stream/ReferencePipeline$4$1 done
Event: 509.541 Loading class sun/nio/cs/ThreadLocalCoders
Event: 509.542 Loading class sun/nio/cs/ThreadLocalCoders done
Event: 509.542 Loading class sun/nio/cs/ThreadLocalCoders$1
Event: 509.543 Loading class sun/nio/cs/ThreadLocalCoders$Cache
Event: 509.543 Loading class sun/nio/cs/ThreadLocalCoders$Cache done
Event: 509.543 Loading class sun/nio/cs/ThreadLocalCoders$1 done
Event: 509.543 Loading class sun/nio/cs/ThreadLocalCoders$2
Event: 509.543 Loading class sun/nio/cs/ThreadLocalCoders$2 done
Event: 511.164 Loading class java/util/stream/ReduceOps$4
Event: 511.164 Loading class java/util/stream/ReduceOps$4 done
Event: 511.165 Loading class java/util/stream/ReduceOps$4ReducingSink
Event: 511.165 Loading class java/util/stream/ReduceOps$4ReducingSink done
Event: 511.171 Loading class java/nio/file/Files$2
Event: 511.171 Loading class java/nio/file/Files$2 done
Event: 511.359 Loading class java/util/Hashtable$ValueCollection
Event: 511.359 Loading class java/util/Hashtable$ValueCollection done

Classes unloaded (7 events):
Event: 19.062 Thread 0x0000027a456b4960 Unloading class 0x0000027a011ad000 'java/lang/invoke/LambdaForm$MH+0x0000027a011ad000'
Event: 19.062 Thread 0x0000027a456b4960 Unloading class 0x0000027a011acc00 'java/lang/invoke/LambdaForm$MH+0x0000027a011acc00'
Event: 19.062 Thread 0x0000027a456b4960 Unloading class 0x0000027a011ac800 'java/lang/invoke/LambdaForm$MH+0x0000027a011ac800'
Event: 19.062 Thread 0x0000027a456b4960 Unloading class 0x0000027a011ac400 'java/lang/invoke/LambdaForm$MH+0x0000027a011ac400'
Event: 19.062 Thread 0x0000027a456b4960 Unloading class 0x0000027a011ac000 'java/lang/invoke/LambdaForm$BMH+0x0000027a011ac000'
Event: 19.062 Thread 0x0000027a456b4960 Unloading class 0x0000027a011abc00 'java/lang/invoke/LambdaForm$DMH+0x0000027a011abc00'
Event: 19.062 Thread 0x0000027a456b4960 Unloading class 0x0000027a011aa800 'java/lang/invoke/LambdaForm$DMH+0x0000027a011aa800'

Classes redefined (0 events):
No events

Internal exceptions (20 events):
Event: 3932.337 Thread 0x0000027a689a2710 Exception <a 'sun/nio/fs/WindowsException'{0x00000000d56ef1f0}> (0x00000000d56ef1f0) 
thrown [s\src\hotspot\share\prims\jni.cpp, line 520]
Event: 3932.337 Thread 0x0000027a689a2710 Exception <a 'sun/nio/fs/WindowsException'{0x00000000d56f10d8}> (0x00000000d56f10d8) 
thrown [s\src\hotspot\share\prims\jni.cpp, line 520]
Event: 3932.337 Thread 0x0000027a689a2710 Exception <a 'sun/nio/fs/WindowsException'{0x00000000d56f1cc0}> (0x00000000d56f1cc0) 
thrown [s\src\hotspot\share\prims\jni.cpp, line 520]
Event: 3932.337 Thread 0x0000027a689a2710 Exception <a 'sun/nio/fs/WindowsException'{0x00000000d56f3b68}> (0x00000000d56f3b68) 
thrown [s\src\hotspot\share\prims\jni.cpp, line 520]
Event: 3932.337 Thread 0x0000027a689a2710 Exception <a 'sun/nio/fs/WindowsException'{0x00000000d56f4758}> (0x00000000d56f4758) 
thrown [s\src\hotspot\share\prims\jni.cpp, line 520]
Event: 3932.337 Thread 0x0000027a689a2710 Exception <a 'sun/nio/fs/WindowsException'{0x00000000d56f63a8}> (0x00000000d56f63a8) 
thrown [s\src\hotspot\share\prims\jni.cpp, line 520]
Event: 3932.337 Thread 0x0000027a689a2710 Exception <a 'sun/nio/fs/WindowsException'{0x00000000d56f71a8}> (0x00000000d56f71a8) 
thrown [s\src\hotspot\share\prims\jni.cpp, line 520]
Event: 3932.338 Thread 0x0000027a689a2710 Exception <a 'sun/nio/fs/WindowsException'{0x00000000d56f8e28}> (0x00000000d56f8e28) 
thrown [s\src\hotspot\share\prims\jni.cpp, line 520]
Event: 3932.338 Thread 0x0000027a689a2710 Exception <a 'sun/nio/fs/WindowsException'{0x00000000d56f9a18}> (0x00000000d56f9a18) 
thrown [s\src\hotspot\share\prims\jni.cpp, line 520]
Event: 3932.338 Thread 0x0000027a689a2710 Exception <a 'sun/nio/fs/WindowsException'{0x00000000d56fb8b0}> (0x00000000d56fb8b0) 
thrown [s\src\hotspot\share\prims\jni.cpp, line 520]
Event: 3932.338 Thread 0x0000027a689a2710 Exception <a 'sun/nio/fs/WindowsException'{0x00000000d56fc498}> (0x00000000d56fc498) 
thrown [s\src\hotspot\share\prims\jni.cpp, line 520]
Event: 3932.339 Thread 0x0000027a689a2710 Exception <a 'sun/nio/fs/WindowsException'{0x00000000d56fe460}> (0x00000000d56fe460) 
thrown [s\src\hotspot\share\prims\jni.cpp, line 520]
Event: 3932.339 Thread 0x0000027a689a2710 Exception <a 'sun/nio/fs/WindowsException'{0x00000000d56ff028}> (0x00000000d56ff028) 
thrown [s\src\hotspot\share\prims\jni.cpp, line 520]
Event: 3932.341 Thread 0x0000027a689a2710 Exception <a 'sun/nio/fs/WindowsException'{0x00000000d57309c8}> (0x00000000d57309c8) 
thrown [s\src\hotspot\share\prims\jni.cpp, line 520]
Event: 3932.341 Thread 0x0000027a689a2710 Exception <a 'sun/nio/fs/WindowsException'{0x00000000d5731578}> (0x00000000d5731578) 
thrown [s\src\hotspot\share\prims\jni.cpp, line 520]
Event: 3932.341 Thread 0x0000027a689a2710 Exception <a 'sun/nio/fs/WindowsException'{0x00000000d5734be0}> (0x00000000d5734be0) 
thrown [s\src\hotspot\share\prims\jni.cpp, line 520]
Event: 3932.341 Thread 0x0000027a689a2710 Exception <a 'sun/nio/fs/WindowsException'{0x00000000d5735790}> (0x00000000d5735790) 
thrown [s\src\hotspot\share\prims\jni.cpp, line 520]
Event: 3932.341 Thread 0x0000027a689a2710 Exception <a 'sun/nio/fs/WindowsException'{0x00000000d5737668}> (0x00000000d5737668) 
thrown [s\src\hotspot\share\prims\jni.cpp, line 520]
Event: 3932.341 Thread 0x0000027a689a2710 Exception <a 'sun/nio/fs/WindowsException'{0x00000000d5738218}> (0x00000000d5738218) 
thrown [s\src\hotspot\share\prims\jni.cpp, line 520]
Event: 4854.610 Thread 0x0000027a65c4f1e0 Exception <a 'java/lang/IncompatibleClassChangeError'{0x00000000d55990b8}: Found class java.lang.Object, but interface was expected> (0x00000000d55990b8) 
thrown [s\src\hotspot\share\interpreter\linkResolver.cpp, line 840]

ZGC Phase Switch (0 events):
No events

VM Operations (20 events):
Event: 5171.626 Executing VM operation: HandshakeAllThreads (HandshakeForDeflation)
Event: 5171.626 Executing VM operation: HandshakeAllThreads (HandshakeForDeflation) done
Event: 5171.626 Executing VM operation: RendezvousGCThreads
Event: 5171.626 Executing VM operation: RendezvousGCThreads done
Event: 5832.989 Executing VM operation: HandshakeAllThreads (HandshakeForDeflation)
Event: 5832.989 Executing VM operation: HandshakeAllThreads (HandshakeForDeflation) done
Event: 5832.989 Executing VM operation: RendezvousGCThreads
Event: 5832.989 Executing VM operation: RendezvousGCThreads done
Event: 5893.110 Executing VM operation: HandshakeAllThreads (HandshakeForDeflation)
Event: 5893.110 Executing VM operation: HandshakeAllThreads (HandshakeForDeflation) done
Event: 5893.110 Executing VM operation: RendezvousGCThreads
Event: 5893.110 Executing VM operation: RendezvousGCThreads done
Event: 5953.240 Executing VM operation: HandshakeAllThreads (HandshakeForDeflation)
Event: 5953.240 Executing VM operation: HandshakeAllThreads (HandshakeForDeflation) done
Event: 5953.240 Executing VM operation: RendezvousGCThreads
Event: 5953.240 Executing VM operation: RendezvousGCThreads done
Event: 6013.368 Executing VM operation: HandshakeAllThreads (HandshakeForDeflation)
Event: 6013.368 Executing VM operation: HandshakeAllThreads (HandshakeForDeflation) done
Event: 6013.368 Executing VM operation: RendezvousGCThreads
Event: 6013.368 Executing VM operation: RendezvousGCThreads done

Memory protections (0 events):
No events

Nmethod flushes (20 events):
Event: 151.945 Thread 0x0000027a456b4960 flushing  nmethod 0x0000027a4957bb90
Event: 151.945 Thread 0x0000027a456b4960 flushing  nmethod 0x0000027a4957d210
Event: 151.945 Thread 0x0000027a456b4960 flushing  nmethod 0x0000027a4957d790
Event: 151.945 Thread 0x0000027a456b4960 flushing  nmethod 0x0000027a49580610
Event: 151.945 Thread 0x0000027a456b4960 flushing  nmethod 0x0000027a49582890
Event: 151.945 Thread 0x0000027a456b4960 flushing  nmethod 0x0000027a49583910
Event: 151.945 Thread 0x0000027a456b4960 flushing  nmethod 0x0000027a49583f10
Event: 151.945 Thread 0x0000027a456b4960 flushing osr nmethod 0x0000027a495b3a90
Event: 151.945 Thread 0x0000027a456b4960 flushing  nmethod 0x0000027a495b8710
Event: 151.945 Thread 0x0000027a456b4960 flushing  nmethod 0x0000027a495bd110
Event: 151.945 Thread 0x0000027a456b4960 flushing  nmethod 0x0000027a495bfe90
Event: 151.945 Thread 0x0000027a456b4960 flushing  nmethod 0x0000027a495c4810
Event: 151.945 Thread 0x0000027a456b4960 flushing  nmethod 0x0000027a495e7310
Event: 151.945 Thread 0x0000027a456b4960 flushing  nmethod 0x0000027a495f9710
Event: 151.945 Thread 0x0000027a456b4960 flushing  nmethod 0x0000027a495f9f90
Event: 151.945 Thread 0x0000027a456b4960 flushing  nmethod 0x0000027a495fad90
Event: 151.945 Thread 0x0000027a456b4960 flushing  nmethod 0x0000027a49609190
Event: 151.945 Thread 0x0000027a456b4960 flushing  nmethod 0x0000027a49609910
Event: 151.945 Thread 0x0000027a456b4960 flushing  nmethod 0x0000027a4960fa10
Event: 151.945 Thread 0x0000027a456b4960 flushing  nmethod 0x0000027a49638910

Events (20 events):
Event: 3692.848 Thread 0x0000027a689a47e0 Thread exited: 0x0000027a689a47e0
Event: 3798.411 Thread 0x0000027a5d43b520 Thread added: 0x0000027a64a238d0
Event: 3803.636 Thread 0x0000027a64a238d0 Thread exited: 0x0000027a64a238d0
Event: 3932.334 Thread 0x0000027a689a2710 Thread added: 0x0000027a689a1360
Event: 3932.335 Thread 0x0000027a689a1360 Thread exited: 0x0000027a689a1360
Event: 3932.342 Thread 0x0000027a689a2710 Thread added: 0x0000027a689a3ac0
Event: 3932.343 Thread 0x0000027a689a3ac0 Thread added: 0x0000027a689a19f0
Event: 3932.343 Thread 0x0000027a689a3ac0 Thread added: 0x0000027a689a2da0
Event: 3932.343 Thread 0x0000027a689a3ac0 Thread added: 0x0000027a689a1360
Event: 3932.343 Thread 0x0000027a689a3ac0 Thread added: 0x0000027a689a5500
Event: 3932.344 Thread 0x0000027a689a19f0 Thread added: 0x0000027a689a2080
Event: 3932.345 Thread 0x0000027a689a2da0 Thread added: 0x0000027a689a4e70
Event: 3932.345 Thread 0x0000027a689a4e70 Thread exited: 0x0000027a689a4e70
Event: 3932.346 Thread 0x0000027a689a3ac0 Thread exited: 0x0000027a689a3ac0
Event: 3932.346 Thread 0x0000027a689a2080 Thread exited: 0x0000027a689a2080
Event: 3932.346 Thread 0x0000027a689a2da0 Thread exited: 0x0000027a689a2da0
Event: 3932.346 Thread 0x0000027a689a5500 Thread exited: 0x0000027a689a5500
Event: 3932.346 Thread 0x0000027a689a1360 Thread exited: 0x0000027a689a1360
Event: 3932.346 Thread 0x0000027a689a19f0 Thread exited: 0x0000027a689a19f0
Event: 3932.550 Thread 0x0000027a689a0cd0 Thread exited: 0x0000027a689a0cd0


Dynamic libraries:
0x00007ff660f60000 - 0x00007ff660f6e000 	c:\Users\Technyx\.vscode\extensions\redhat.java-1.45.0-win32-x64\jre\21.0.8-win32-x86_64\bin\java.exe
0x00007ffc14a20000 - 0x00007ffc14c88000 	C:\WINDOWS\SYSTEM32\ntdll.dll
0x00007ffc140f0000 - 0x00007ffc141b9000 	C:\WINDOWS\System32\KERNEL32.DLL
0x00007ffc123f0000 - 0x00007ffc127e2000 	C:\WINDOWS\System32\KERNELBASE.dll
0x00007ffc0c910000 - 0x00007ffc0c9af000 	C:\WINDOWS\SYSTEM32\apphelp.dll
0x00007ffc120a0000 - 0x00007ffc121eb000 	C:\WINDOWS\System32\ucrtbase.dll
0x00007ffbfa830000 - 0x00007ffbfa848000 	c:\Users\Technyx\.vscode\extensions\redhat.java-1.45.0-win32-x64\jre\21.0.8-win32-x86_64\bin\jli.dll
0x00007ffbfa780000 - 0x00007ffbfa79e000 	c:\Users\Technyx\.vscode\extensions\redhat.java-1.45.0-win32-x64\jre\21.0.8-win32-x86_64\bin\VCRUNTIME140.dll
0x00007ffc13710000 - 0x00007ffc138d5000 	C:\WINDOWS\System32\USER32.dll
0x00007ffc11c50000 - 0x00007ffc11c77000 	C:\WINDOWS\System32\win32u.dll
0x00007ffc00370000 - 0x00007ffc00603000 	C:\WINDOWS\WinSxS\amd64_microsoft.windows.common-controls_6595b64144ccf1df_6.0.26100.6725_none_3e085828e334708b\COMCTL32.dll
0x00007ffc14630000 - 0x00007ffc1465b000 	C:\WINDOWS\System32\GDI32.dll
0x00007ffc11c80000 - 0x00007ffc11dad000 	C:\WINDOWS\System32\gdi32full.dll
0x00007ffc11ff0000 - 0x00007ffc12093000 	C:\WINDOWS\System32\msvcp_win.dll
0x00007ffc12e70000 - 0x00007ffc12f19000 	C:\WINDOWS\System32\msvcrt.dll
0x00007ffc14300000 - 0x00007ffc1432f000 	C:\WINDOWS\System32\IMM32.DLL
0x00007ffc09a50000 - 0x00007ffc09a5c000 	c:\Users\Technyx\.vscode\extensions\redhat.java-1.45.0-win32-x64\jre\21.0.8-win32-x86_64\bin\vcruntime140_1.dll
0x00007ffbc73d0000 - 0x00007ffbc745d000 	c:\Users\Technyx\.vscode\extensions\redhat.java-1.45.0-win32-x64\jre\21.0.8-win32-x86_64\bin\msvcp140.dll
0x00007ffba2450000 - 0x00007ffba31e7000 	c:\Users\Technyx\.vscode\extensions\redhat.java-1.45.0-win32-x64\jre\21.0.8-win32-x86_64\bin\server\jvm.dll
0x00007ffc14350000 - 0x00007ffc14404000 	C:\WINDOWS\System32\ADVAPI32.dll
0x00007ffc14410000 - 0x00007ffc144b6000 	C:\WINDOWS\System32\sechost.dll
0x00007ffc127f0000 - 0x00007ffc12908000 	C:\WINDOWS\System32\RPCRT4.dll
0x00007ffc12dc0000 - 0x00007ffc12e34000 	C:\WINDOWS\System32\WS2_32.dll
0x00007ffc11870000 - 0x00007ffc118ce000 	C:\WINDOWS\SYSTEM32\POWRPROF.dll
0x00007ffc007d0000 - 0x00007ffc00805000 	C:\WINDOWS\SYSTEM32\WINMM.dll
0x00007ffc08ee0000 - 0x00007ffc08eeb000 	C:\WINDOWS\SYSTEM32\VERSION.dll
0x00007ffc11850000 - 0x00007ffc11864000 	C:\WINDOWS\SYSTEM32\UMPDC.dll
0x00007ffc10980000 - 0x00007ffc1099b000 	C:\WINDOWS\SYSTEM32\kernel.appcore.dll
0x00007ffc09930000 - 0x00007ffc0993a000 	c:\Users\Technyx\.vscode\extensions\redhat.java-1.45.0-win32-x64\jre\21.0.8-win32-x86_64\bin\jimage.dll
0x00007ffc09db0000 - 0x00007ffc09ff2000 	C:\WINDOWS\SYSTEM32\DBGHELP.DLL
0x00007ffc14660000 - 0x00007ffc149db000 	C:\WINDOWS\System32\combase.dll
0x00007ffc14550000 - 0x00007ffc14627000 	C:\WINDOWS\System32\OLEAUT32.dll
0x00007ffc00da0000 - 0x00007ffc00ddc000 	C:\WINDOWS\SYSTEM32\dbgcore.DLL
0x00007ffc11bb0000 - 0x00007ffc11c48000 	C:\WINDOWS\System32\bcryptPrimitives.dll
0x00007ffbfd220000 - 0x00007ffbfd22f000 	c:\Users\Technyx\.vscode\extensions\redhat.java-1.45.0-win32-x64\jre\21.0.8-win32-x86_64\bin\instrument.dll
0x00007ffbf1e00000 - 0x00007ffbf1e1f000 	c:\Users\Technyx\.vscode\extensions\redhat.java-1.45.0-win32-x64\jre\21.0.8-win32-x86_64\bin\java.dll
0x00007ffc13970000 - 0x00007ffc140bc000 	C:\WINDOWS\System32\SHELL32.dll
0x00007ffc12280000 - 0x00007ffc123eb000 	C:\WINDOWS\System32\wintypes.dll
0x00007ffc0f820000 - 0x00007ffc1007d000 	C:\WINDOWS\SYSTEM32\windows.storage.dll
0x00007ffc12ae0000 - 0x00007ffc12bd2000 	C:\WINDOWS\System32\SHCORE.dll
0x00007ffc141c0000 - 0x00007ffc14222000 	C:\WINDOWS\System32\shlwapi.dll
0x00007ffc11ad0000 - 0x00007ffc11af9000 	C:\WINDOWS\SYSTEM32\profapi.dll
0x00007ffbf1080000 - 0x00007ffbf1098000 	c:\Users\Technyx\.vscode\extensions\redhat.java-1.45.0-win32-x64\jre\21.0.8-win32-x86_64\bin\zip.dll
0x00007ffc02180000 - 0x00007ffc02190000 	C:\Users\Technyx\.vscode\extensions\redhat.java-1.45.0-win32-x64\jre\21.0.8-win32-x86_64\bin\net.dll
0x00007ffc0db50000 - 0x00007ffc0dc6f000 	C:\WINDOWS\SYSTEM32\WINHTTP.dll
0x00007ffc10ef0000 - 0x00007ffc10f5b000 	C:\WINDOWS\system32\mswsock.dll
0x00007ffbf0120000 - 0x00007ffbf0136000 	C:\Users\Technyx\.vscode\extensions\redhat.java-1.45.0-win32-x64\jre\21.0.8-win32-x86_64\bin\nio.dll
0x00007ffbfa5f0000 - 0x00007ffbfa600000 	c:\Users\Technyx\.vscode\extensions\redhat.java-1.45.0-win32-x64\jre\21.0.8-win32-x86_64\bin\verify.dll
0x00007ffbbe2a0000 - 0x00007ffbbe2e4000 	C:\Users\Technyx\AppData\Roaming\Code\User\globalStorage\redhat.java\1.45.0\config_win\org.eclipse.equinox.launcher\org.eclipse.equinox.launcher.win32.win32.x86_64_1.2.1400.v20250801-0854\eclipse_11916.dll
0x00007ffc13510000 - 0x00007ffc136a8000 	C:\WINDOWS\System32\ole32.dll
0x00007ffc01e60000 - 0x00007ffc01e6a000 	C:\Users\Technyx\.vscode\extensions\redhat.java-1.45.0-win32-x64\jre\21.0.8-win32-x86_64\bin\management.dll
0x00007ffc01530000 - 0x00007ffc0153b000 	C:\Users\Technyx\.vscode\extensions\redhat.java-1.45.0-win32-x64\jre\21.0.8-win32-x86_64\bin\management_ext.dll
0x00007ffc14230000 - 0x00007ffc14238000 	C:\WINDOWS\System32\PSAPI.DLL
0x00007ffc111a0000 - 0x00007ffc111bb000 	C:\WINDOWS\SYSTEM32\CRYPTSP.dll
0x00007ffc108e0000 - 0x00007ffc1091b000 	C:\WINDOWS\system32\rsaenh.dll
0x00007ffc10f90000 - 0x00007ffc10fbb000 	C:\WINDOWS\SYSTEM32\USERENV.dll
0x00007ffc11aa0000 - 0x00007ffc11ac6000 	C:\WINDOWS\SYSTEM32\bcrypt.dll
0x00007ffc111c0000 - 0x00007ffc111cc000 	C:\WINDOWS\SYSTEM32\CRYPTBASE.dll
0x00007ffc103a0000 - 0x00007ffc103d4000 	C:\WINDOWS\SYSTEM32\IPHLPAPI.DLL
0x00007ffc14540000 - 0x00007ffc1454a000 	C:\WINDOWS\System32\NSI.dll
0x00007ffbc91b0000 - 0x00007ffbc91f9000 	C:\Users\Technyx\AppData\Local\Temp\jna-227078551\jna2716978610503753287.dll
0x00007ffc0e4b0000 - 0x00007ffc0e4ce000 	C:\WINDOWS\SYSTEM32\dhcpcsvc6.DLL
0x00007ffc0e350000 - 0x00007ffc0e373000 	C:\WINDOWS\SYSTEM32\dhcpcsvc.DLL
0x00007ffbf2e60000 - 0x00007ffbf2e6e000 	C:\Users\Technyx\.vscode\extensions\redhat.java-1.45.0-win32-x64\jre\21.0.8-win32-x86_64\bin\sunmscapi.dll
0x00007ffc11db0000 - 0x00007ffc11f27000 	C:\WINDOWS\System32\CRYPT32.dll
0x00007ffc113c0000 - 0x00007ffc113f0000 	C:\WINDOWS\SYSTEM32\ncrypt.dll
0x00007ffc11370000 - 0x00007ffc113af000 	C:\WINDOWS\SYSTEM32\NTASN1.dll
0x00007ffc10430000 - 0x00007ffc10556000 	C:\WINDOWS\SYSTEM32\DNSAPI.dll
0x00007ffc0db30000 - 0x00007ffc0db3b000 	C:\Windows\System32\rasadhlp.dll
0x00007ffc0e5e0000 - 0x00007ffc0e666000 	C:\WINDOWS\System32\fwpuclnt.dll
0x00007ffbf2030000 - 0x00007ffbf2039000 	C:\Users\Technyx\.vscode\extensions\redhat.java-1.45.0-win32-x64\jre\21.0.8-win32-x86_64\bin\extnet.dll
0x00007ffbdbee0000 - 0x00007ffbdbf07000 	C:\Users\Technyx\.gradle\native\c067742578af261105cb4f569cf0c3c89f3d7b1fecec35dd04571415982c5e48\windows-amd64\native-platform.dll
0x00007ffbe2cf0000 - 0x00007ffbe2cf8000 	C:\WINDOWS\system32\wshunix.dll

JVMTI agents:
c:\Users\Technyx\.vscode\extensions\redhat.java-1.45.0-win32-x64\lombok\lombok-1.18.39-4050.jar path:c:\Users\Technyx\.vscode\extensions\redhat.java-1.45.0-win32-x64\jre\21.0.8-win32-x86_64\bin\instrument.dll, loaded, initialized, instrumentlib options:none

dbghelp: loaded successfully - version: 4.0.5 - missing functions: none
symbol engine: initialized successfully - sym options: 0x614 - pdb path: .;c:\Users\Technyx\.vscode\extensions\redhat.java-1.45.0-win32-x64\jre\21.0.8-win32-x86_64\bin;C:\WINDOWS\SYSTEM32;C:\WINDOWS\WinSxS\amd64_microsoft.windows.common-controls_6595b64144ccf1df_6.0.26100.6725_none_3e085828e334708b;c:\Users\Technyx\.vscode\extensions\redhat.java-1.45.0-win32-x64\jre\21.0.8-win32-x86_64\bin\server;C:\Users\Technyx\AppData\Roaming\Code\User\globalStorage\redhat.java\1.45.0\config_win\org.eclipse.equinox.launcher\org.eclipse.equinox.launcher.win32.win32.x86_64_1.2.1400.v20250801-0854;C:\Users\Technyx\AppData\Local\Temp\jna-227078551;C:\Users\Technyx\.gradle\native\c067742578af261105cb4f569cf0c3c89f3d7b1fecec35dd04571415982c5e48\windows-amd64

VM Arguments:
jvm_args: --add-modules=ALL-SYSTEM --add-opens=java.base/java.util=ALL-UNNAMED --add-opens=java.base/java.lang=ALL-UNNAMED --add-opens=java.base/sun.nio.fs=ALL-UNNAMED -Declipse.application=org.eclipse.jdt.ls.core.id1 -Dosgi.bundles.defaultStartLevel=4 -Declipse.product=org.eclipse.jdt.ls.core.product -Djava.import.generatesMetadataFilesAtProjectRoot=false -DDetectVMInstallationsJob.disabled=true -Dfile.encoding=utf8 -XX:+UseParallelGC -XX:GCTimeRatio=4 -XX:AdaptiveSizePolicyWeight=90 -Dsun.zip.disableMemoryMapping=true -Xmx2G -Xms100m -Xlog:disable -javaagent:c:\Users\Technyx\.vscode\extensions\redhat.java-1.45.0-win32-x64\lombok\lombok-1.18.39-4050.jar -XX:+HeapDumpOnOutOfMemoryError -XX:HeapDumpPath=c:\Users\Technyx\AppData\Roaming\Code\User\workspaceStorage\b6574fec2badbdb96867a97d384b210d\redhat.java -Daether.dependencyCollector.impl=bf 
java_command: c:\Users\Technyx\.vscode\extensions\redhat.java-1.45.0-win32-x64\server\plugins\org.eclipse.equinox.launcher_1.7.0.v20250519-0528.jar -configuration c:\Users\Technyx\AppData\Roaming\Code\User\globalStorage\redhat.java\1.45.0\config_win -data c:\Users\Technyx\AppData\Roaming\Code\User\workspaceStorage\b6574fec2badbdb96867a97d384b210d\redhat.java\jdt_ws --pipe=\\.\pipe\lsp-dc3d9c7aa4cf0ae5ec24290fcacd0088-sock
java_class_path (initial): c:\Users\Technyx\.vscode\extensions\redhat.java-1.45.0-win32-x64\server\plugins\org.eclipse.equinox.launcher_1.7.0.v20250519-0528.jar
Launcher Type: SUN_STANDARD

[Global flags]
    uintx AdaptiveSizePolicyWeight                 = 90                                        {product} {command line}
     intx CICompilerCount                          = 4                                         {product} {ergonomic}
    uintx GCTimeRatio                              = 4                                         {product} {command line}
     bool HeapDumpOnOutOfMemoryError               = true                                   {manageable} {command line}
    ccstr HeapDumpPath                             = c:\Users\Technyx\AppData\Roaming\Code\User\workspaceStorage\b6574fec2badbdb96867a97d384b210d\redhat.java         {manageable} {command line}
   size_t InitialHeapSize                          = 104857600                                 {product} {command line}
   size_t MaxHeapSize                              = 2147483648                                {product} {command line}
   size_t MaxNewSize                               = 715653120                                 {product} {ergonomic}
   size_t MinHeapDeltaBytes                        = 524288                                    {product} {ergonomic}
   size_t MinHeapSize                              = 104857600                                 {product} {command line}
   size_t NewSize                                  = 34603008                                  {product} {ergonomic}
    uintx NonNMethodCodeHeapSize                   = 5839372                                {pd product} {ergonomic}
    uintx NonProfiledCodeHeapSize                  = 122909434                              {pd product} {ergonomic}
   size_t OldSize                                  = 70254592                                  {product} {ergonomic}
    uintx ProfiledCodeHeapSize                     = 122909434                              {pd product} {ergonomic}
    uintx ReservedCodeCacheSize                    = 251658240                              {pd product} {ergonomic}
     bool SegmentedCodeCache                       = true                                      {product} {ergonomic}
   size_t SoftMaxHeapSize                          = 2147483648                             {manageable} {ergonomic}
     bool UseCompressedOops                        = true                           {product lp64_product} {ergonomic}
     bool UseLargePagesIndividualAllocation        = false                                  {pd product} {ergonomic}
     bool UseParallelGC                            = true                                      {product} {command line}

Logging:
Log output configuration:
 #0: stdout all=off uptime,level,tags foldmultilines=false
 #1: stderr all=off uptime,level,tags foldmultilines=false

Environment Variables:
JAVA_HOME=C:\Program Files\Microsoft\jdk-17.0.14.7-hotspot
PATH=c:\Users\Technyx\AppData\Local\Programs\cursor\resources\app\bin;C:\Program Files\Microsoft\jdk-17.0.14.7-hotspot\bin;C:\WINDOWS\system32;C:\WINDOWS;C:\WINDOWS\System32\Wbem;C:\WINDOWS\System32\WindowsPowerShell\v1.0\;C:\WINDOWS\System32\OpenSSH\;C:\Program Files\Git\cmd;C:\Program Files\Java\jdk-19\bin;C:\Users\Technyx\AppData\Local\Android\Sdk;C:\Users\Technyx\AppData\Local\Android\Sdk\build-tools;C:\Users\Technyx\AppData\Local\Android\Sdk\platform-tools;C:\Users\Technyx\AppData\Local\Android\Sdk\platforms;C:\Users\Technyx\AppData\Local\Android\Sdk\emulator;C:\ProgramData\chocolatey\bin;C:\Users\Technyx\AppData\Roaming\nvm;C:\Program Files\nodejs;C:\Program Files\Git LFS;C:\Users\Technyx\AppData\Local\Microsoft\WindowsApps;C:\Users\Technyx\AppData\Local\GitHubDesktop\bin;C:\Users\Technyx\AppData\Local\Android\Sdk;C:\Users\Technyx\AppData\Local\Android\Sdk\platform-tools;C:\Users\Technyx\AppData\Local\Android\Sdk\platforms;C:\Users\Technyx\AppData\Local\Android\Sdk\emulator;C:\Users\Technyx\AppData\Local\And;C:\Program Files\Microsoft VS Code\bin;C:\Python27;C:\Python27\Scripts;C:\Program Files\Microsoft SQL Server\150\Tools\Binn\;C:\Program Files\Microsoft SQL Server\Client SDK\ODBC\170\Tools\Binn\;C:\Program Files\dotnet\;C:\Users\Technyx\AppData\Local\Android\Sdk\tools;C:\Users\Technyx\AppData\Local\Android\Sdk\tools;C:\Users\Technyx\AppData\Local\Microsoft\WindowsApps;C:\Users\Technyx\AppData\Local\GitHubDesktop\bin;C:\Users\Technyx\AppData\Local\Android\Sdk;C:\Users\Technyx\AppData\Local\Android\Sdk\platform-tools;C:\Users\Technyx\AppData\Local\Android\Sdk\platforms;C:\Users\Technyx\AppData\Local\Android\Sdk\emulator;C:\Users\Technyx\AppData\Local\Android\Sdk\build-tools;C:\Program Files\Microsoft\jdk-17.0.14.7-hotspot\bin;C:\Users\Technyx\AppData\Roaming\npm;C:\Users\Technyx\AppData\Roaming\nvm;C:\Program Files\nodejs;C:\Program Files\JetBrains\IntelliJ IDEA Community Edition 2025.1\bin;;C:\Users\Technyx\AppData\Local\Programs\cursor\resources\app\bin;C:\Python27;C:\Python27\Scripts;C:\Users\Technyx\.dotnet\tools
USERNAME=Technyx
OS=Windows_NT
PROCESSOR_IDENTIFIER=AMD64 Family 23 Model 104 Stepping 1, AuthenticAMD
TMP=C:\Users\Technyx\AppData\Local\Temp
TEMP=C:\Users\Technyx\AppData\Local\Temp




Periodic native trim disabled

---------------  S Y S T E M  ---------------

OS:
 Windows 11 , 64 bit Build 26100 (10.0.26100.6725)
OS uptime: 1 days 2:28 hours

CPU: total 12 (initial active 12) (12 cores per cpu, 2 threads per core) family 23 model 104 stepping 1 microcode 0x8608109, cx8, cmov, fxsr, ht, mmx, 3dnowpref, sse, sse2, sse3, ssse3, sse4a, sse4.1, sse4.2, popcnt, lzcnt, tsc, tscinvbit, avx, avx2, aes, clmul, bmi1, bmi2, adx, sha, fma, vzeroupper, clflush, clflushopt, rdtscp, rdpid, f16c
Processor Information for the first 12 processors :
  Max Mhz: 2100, Current Mhz: 2100, Mhz Limit: 2100

Memory: 4k page, system-wide physical 15693M (709M free)
TotalPageFile size 46218M (AvailPageFile size 2M)
current process WorkingSet (physical memory assigned to process): 28M, peak: 1814M
current process commit charge ("private bytes"): 1330M, peak: 1750M

vm_info: OpenJDK 64-Bit Server VM (21.0.8+9-LTS) for windows-amd64 JRE (21.0.8+9-LTS), built on 2025-07-15T00:00:00Z by "admin" with MS VC++ 17.7 (VS2022)

END.
