#
# There is insufficient memory for the Java Runtime Environment to continue.
# Native memory allocation (malloc) failed to allocate 1226416 bytes. Error detail: Chunk::new
# Possible reasons:
#   The system is out of physical RAM or swap space
#   This process is running with CompressedOops enabled, and the Java Heap may be blocking the growth of the native heap
# Possible solutions:
#   Reduce memory load on the system
#   Increase physical memory or swap space
#   Check if swap backing store is full
#   Decrease Java heap size (-Xmx/-Xms)
#   Decrease number of Java threads
#   Decrease Java thread stack sizes (-Xss)
#   Set larger code cache with -XX:ReservedCodeCacheSize=
#   JVM is running with Unscaled Compressed Oops mode in which the Java heap is
#     placed in the first 4GB address space. The Java Heap base address is the
#     maximum limit for the native heap growth. Please use -XX:HeapBaseMinAddress
#     to set the Java Heap base and to place the Java Heap above 4GB virtual address.
# This output file may be truncated or incomplete.
#
#  Out of Memory Error (arena.cpp:191), pid=3936, tid=28276
#
# JRE version: OpenJDK Runtime Environment Microsoft-10800295 (17.0.14+7) (build 17.0.14+7-LTS)
# Java VM: OpenJDK 64-Bit Server VM Microsoft-10800295 (17.0.14+7-LTS, mixed mode, sharing, tiered, compressed oops, compressed class ptrs, g1 gc, windows-amd64)
# No core dump will be written. Minidumps are not enabled by default on client versions of Windows
#

---------------  S U M M A R Y ------------

Command Line: -XX:MaxMetaspaceSize=512m --add-opens=java.base/java.util=ALL-UNNAMED --add-opens=java.base/java.lang=ALL-UNNAMED --add-opens=java.base/java.lang.invoke=ALL-UNNAMED --add-opens=java.prefs/java.util.prefs=ALL-UNNAMED --add-exports=jdk.compiler/com.sun.tools.javac.api=ALL-UNNAMED --add-exports=jdk.compiler/com.sun.tools.javac.util=ALL-UNNAMED --add-opens=java.base/java.nio.charset=ALL-UNNAMED --add-opens=java.base/java.net=ALL-UNNAMED --add-opens=java.base/java.util.concurrent.atomic=ALL-UNNAMED -Xmx2048m -Dfile.encoding=utf8 -Duser.country=US -Duser.language=en -Duser.variant -javaagent:C:\Users\Technyx\.gradle\wrapper\dists\gradle-8.10.2-all\7iv73wktx1xtkvlq19urqw1wm\gradle-8.10.2\lib\agents\gradle-instrumentation-agent-8.10.2.jar org.gradle.launcher.daemon.bootstrap.GradleDaemon 8.10.2

Host: AMD Ryzen 5 5500U with Radeon Graphics         , 12 cores, 15G,  Windows 11 , 64 bit Build 26100 (10.0.26100.6725)
Time: Wed Oct  1 17:51:08 2025 Pakistan Standard Time elapsed time: 15.346271 seconds (0d 0h 0m 15s)

---------------  T H R E A D  ---------------

Current thread (0x000001c46354f1b0):  JavaThread "C2 CompilerThread0" daemon [_thread_in_native, id=28276, stack(0x0000006a1d900000,0x0000006a1da00000)]


Current CompileTask:
C2:  15346 8868 %     4       org.gradle.internal.instantiation.generator.AbstractClassGenerator::inspectType @ 107 (560 bytes)

Stack: [0x0000006a1d900000,0x0000006a1da00000]
Native frames: (J=compiled Java code, j=interpreted, Vv=VM code, C=native code)
V  [jvm.dll+0x6886b9]
V  [jvm.dll+0x83f6f8]
V  [jvm.dll+0x8411a3]
V  [jvm.dll+0x841813]
V  [jvm.dll+0x2495cf]
V  [jvm.dll+0xad0d4]
V  [jvm.dll+0xad76c]
V  [jvm.dll+0x2b0d0f]
V  [jvm.dll+0x58e669]
V  [jvm.dll+0x223852]
V  [jvm.dll+0x223c4f]
V  [jvm.dll+0x21c9f0]
V  [jvm.dll+0x219b1b]
V  [jvm.dll+0x1a5596]
V  [jvm.dll+0x22a27a]
V  [jvm.dll+0x2283bb]
V  [jvm.dll+0x7f4f48]
V  [jvm.dll+0x7ef2ac]
V  [jvm.dll+0x687597]
C  [ucrtbase.dll+0x37b0]
C  [KERNEL32.DLL+0x2e8d7]
C  [ntdll.dll+0x8c53c]


---------------  P R O C E S S  ---------------

Threads class SMR info:
_java_thread_list=0x000001c407f88850, length=106, elements={
0x000001c444bf77a0, 0x000001c46352d600, 0x000001c46352f0e0, 0x000001c46353fae0,
0x000001c4635403b0, 0x000001c463541c90, 0x000001c46354a5a0, 0x000001c46354f1b0,
0x000001c463579ef0, 0x000001c46358a810, 0x000001c463686390, 0x000001c463684f50,
0x000001c4636872c0, 0x000001c463685460, 0x000001c463685970, 0x000001c4636868a0,
0x000001c463685e80, 0x000001c463686db0, 0x000001c463683b10, 0x000001c463684020,
0x000001c463684530, 0x000001c4055797a0, 0x000001c40557c530, 0x000001c405578d80,
0x000001c40557c020, 0x000001c40557ca40, 0x000001c405579290, 0x000001c40557cf50,
0x000001c40557a6d0, 0x000001c40557b0f0, 0x000001c40557bb10, 0x000001c40557d460,
0x000001c405579cb0, 0x000001c40557b600, 0x000001c40557d970, 0x000001c40557de80,
0x000001c40557e390, 0x000001c40557e8a0, 0x000001c40557f2c0, 0x000001c40557edb0,
0x000001c40557f7d0, 0x000001c4055801f0, 0x000001c40557fce0, 0x000001c405580700,
0x000001c4096fcee0, 0x000001c4096fbaa0, 0x000001c4096fd3f0, 0x000001c4096fc4c0,
0x000001c4096fe830, 0x000001c4096fb590, 0x000001c4096fd900, 0x000001c4096fb080,
0x000001c4096fed40, 0x000001c4096fde10, 0x000001c4096ff250, 0x000001c4096fe320,
0x000001c4096ff760, 0x000001c4096fbfb0, 0x000001c4096ffc70, 0x000001c409700180,
0x000001c4096fc9d0, 0x000001c409702a00, 0x000001c409700690, 0x000001c409700ba0,
0x000001c4097010b0, 0x000001c4097015c0, 0x000001c409701fe0, 0x000001c4097024f0,
0x000001c409b8e560, 0x000001c409b8c700, 0x000001c409b8db40, 0x000001c409b8adb0,
0x000001c409b8cc10, 0x000001c409b8b7d0, 0x000001c409b8e050, 0x000001c409b8ea70,
0x000001c409b8d120, 0x000001c409b8d630, 0x000001c409b8f490, 0x000001c409b8f9a0,
0x000001c409b8c1f0, 0x000001c409b90de0, 0x000001c409b91800, 0x000001c409b912f0,
0x000001c409b91d10, 0x000001c409b92220, 0x000001c409b92730, 0x000001c409b8feb0,
0x000001c409b903c0, 0x000001c409b908d0, 0x000001c46375a9e0, 0x000001c46375c840,
0x000001c404963910, 0x000001c46375be20, 0x000001c46375b400, 0x000001c463759ab0,
0x000001c46375aef0, 0x000001c463759fc0, 0x000001c463759090, 0x000001c46375cd50,
0x000001c4637595a0, 0x000001c46375b910, 0x000001c46375a4d0, 0x000001c46375d770,
0x000001c46375d260, 0x000001c46375dc80
}

Java Threads: ( => current thread )
  0x000001c444bf77a0 JavaThread "main" [_thread_blocked, id=28056, stack(0x0000006a1cc00000,0x0000006a1cd00000)]
  0x000001c46352d600 JavaThread "Reference Handler" daemon [_thread_blocked, id=10308, stack(0x0000006a1d300000,0x0000006a1d400000)]
  0x000001c46352f0e0 JavaThread "Finalizer" daemon [_thread_blocked, id=16820, stack(0x0000006a1d400000,0x0000006a1d500000)]
  0x000001c46353fae0 JavaThread "Signal Dispatcher" daemon [_thread_blocked, id=13640, stack(0x0000006a1d500000,0x0000006a1d600000)]
  0x000001c4635403b0 JavaThread "Attach Listener" daemon [_thread_blocked, id=27904, stack(0x0000006a1d600000,0x0000006a1d700000)]
  0x000001c463541c90 JavaThread "Service Thread" daemon [_thread_blocked, id=12352, stack(0x0000006a1d700000,0x0000006a1d800000)]
  0x000001c46354a5a0 JavaThread "Monitor Deflation Thread" daemon [_thread_blocked, id=20656, stack(0x0000006a1d800000,0x0000006a1d900000)]
=>0x000001c46354f1b0 JavaThread "C2 CompilerThread0" daemon [_thread_in_native, id=28276, stack(0x0000006a1d900000,0x0000006a1da00000)]
  0x000001c463579ef0 JavaThread "C1 CompilerThread0" daemon [_thread_in_native, id=23480, stack(0x0000006a1da00000,0x0000006a1db00000)]
  0x000001c46358a810 JavaThread "Sweeper thread" daemon [_thread_blocked, id=10380, stack(0x0000006a1db00000,0x0000006a1dc00000)]
  0x000001c463686390 JavaThread "Common-Cleaner" daemon [_thread_blocked, id=25044, stack(0x0000006a1dc00000,0x0000006a1dd00000)]
  0x000001c463684f50 JavaThread "Notification Thread" daemon [_thread_blocked, id=15896, stack(0x0000006a1de00000,0x0000006a1df00000)]
  0x000001c4636872c0 JavaThread "Daemon health stats" [_thread_blocked, id=16768, stack(0x0000006a1e000000,0x0000006a1e100000)]
  0x000001c463685460 JavaThread "Incoming local TCP Connector on port 60784" [_thread_in_native, id=21068, stack(0x0000006a1e500000,0x0000006a1e600000)]
  0x000001c463685970 JavaThread "Daemon periodic checks" [_thread_blocked, id=10664, stack(0x0000006a1e600000,0x0000006a1e700000)]
  0x000001c4636868a0 JavaThread "Daemon" [_thread_blocked, id=22416, stack(0x0000006a1e700000,0x0000006a1e800000)]
  0x000001c463685e80 JavaThread "Handler for socket connection from /127.0.0.1:60784 to /127.0.0.1:60785" [_thread_in_native, id=27284, stack(0x0000006a1e800000,0x0000006a1e900000)]
  0x000001c463686db0 JavaThread "Cancel handler" [_thread_blocked, id=19664, stack(0x0000006a1e900000,0x0000006a1ea00000)]
  0x000001c463683b10 JavaThread "Daemon worker" [_thread_blocked, id=21952, stack(0x0000006a1ea00000,0x0000006a1eb00000)]
  0x000001c463684020 JavaThread "Asynchronous log dispatcher for DefaultDaemonConnection: socket connection from /127.0.0.1:60784 to /127.0.0.1:60785" [_thread_blocked, id=12712, stack(0x0000006a1eb00000,0x0000006a1ec00000)]
  0x000001c463684530 JavaThread "Stdin handler" [_thread_blocked, id=19560, stack(0x0000006a1ec00000,0x0000006a1ed00000)]
  0x000001c4055797a0 JavaThread "Daemon client event forwarder" [_thread_blocked, id=25836, stack(0x0000006a1ed00000,0x0000006a1ee00000)]
  0x000001c40557c530 JavaThread "Cache worker for journal cache (C:\Users\Technyx\.gradle\caches\journal-1)" [_thread_blocked, id=8876, stack(0x0000006a1ee00000,0x0000006a1ef00000)]
  0x000001c405578d80 JavaThread "File lock request listener" [_thread_in_native, id=17912, stack(0x0000006a1ef00000,0x0000006a1f000000)]
  0x000001c40557c020 JavaThread "Cache worker for file hash cache (C:\Users\Technyx\.gradle\caches\8.10.2\fileHashes)" [_thread_blocked, id=13236, stack(0x0000006a1f000000,0x0000006a1f100000)]
  0x000001c40557ca40 JavaThread "Cache worker for file hash cache (D:\technyx\mobile-apps\AwesomeProject\android\.gradle\8.10.2\fileHashes)" [_thread_blocked, id=19900, stack(0x0000006a1f200000,0x0000006a1f300000)]
  0x000001c405579290 JavaThread "Cache worker for Build Output Cleanup Cache (D:\technyx\mobile-apps\AwesomeProject\android\.gradle\buildOutputCleanup)" [_thread_blocked, id=23136, stack(0x0000006a1f300000,0x0000006a1f400000)]
  0x000001c40557cf50 JavaThread "File watcher server" daemon [_thread_in_native, id=10736, stack(0x0000006a1fb00000,0x0000006a1fc00000)]
  0x000001c40557a6d0 JavaThread "File watcher consumer" daemon [_thread_blocked, id=9880, stack(0x0000006a1fc00000,0x0000006a1fd00000)]
  0x000001c40557b0f0 JavaThread "Cache worker for checksums cache (D:\technyx\mobile-apps\AwesomeProject\android\.gradle\8.10.2\checksums)" [_thread_blocked, id=27340, stack(0x0000006a1fd00000,0x0000006a1fe00000)]
  0x000001c40557bb10 JavaThread "Cache worker for file content cache (C:\Users\Technyx\.gradle\caches\8.10.2\fileContent)" [_thread_blocked, id=4224, stack(0x0000006a1fe00000,0x0000006a1ff00000)]
  0x000001c40557d460 JavaThread "Cache worker for cache directory md-rule (C:\Users\Technyx\.gradle\caches\8.10.2\md-rule)" [_thread_blocked, id=24716, stack(0x0000006a1ff00000,0x0000006a20000000)]
  0x000001c405579cb0 JavaThread "Cache worker for cache directory md-supplier (C:\Users\Technyx\.gradle\caches\8.10.2\md-supplier)" [_thread_blocked, id=20864, stack(0x0000006a20000000,0x0000006a20100000)]
  0x000001c40557b600 JavaThread "jar transforms" [_thread_blocked, id=1028, stack(0x0000006a20100000,0x0000006a20200000)]
  0x000001c40557d970 JavaThread "jar transforms Thread 2" [_thread_blocked, id=14140, stack(0x0000006a20200000,0x0000006a20300000)]
  0x000001c40557de80 JavaThread "jar transforms Thread 3" [_thread_blocked, id=10140, stack(0x0000006a20300000,0x0000006a20400000)]
  0x000001c40557e390 JavaThread "Cache worker for Build Output Cleanup Cache (D:\technyx\mobile-apps\AwesomeProject\node_modules\@react-native\gradle-plugin\.gradle\buildOutputCleanup)" [_thread_blocked, id=1484, stack(0x0000006a20400000,0x0000006a20500000)]
  0x000001c40557e8a0 JavaThread "Unconstrained build operations" [_thread_blocked, id=6824, stack(0x0000006a20500000,0x0000006a20600000)]
  0x000001c40557f2c0 JavaThread "Unconstrained build operations Thread 2" [_thread_blocked, id=11564, stack(0x0000006a20600000,0x0000006a20700000)]
  0x000001c40557edb0 JavaThread "Unconstrained build operations Thread 3" [_thread_blocked, id=12392, stack(0x0000006a20700000,0x0000006a20800000)]
  0x000001c40557f7d0 JavaThread "Unconstrained build operations Thread 4" [_thread_blocked, id=23420, stack(0x0000006a20800000,0x0000006a20900000)]
  0x000001c4055801f0 JavaThread "Unconstrained build operations Thread 5" [_thread_blocked, id=12672, stack(0x0000006a20900000,0x0000006a20a00000)]
  0x000001c40557fce0 JavaThread "Unconstrained build operations Thread 6" [_thread_blocked, id=18520, stack(0x0000006a20a00000,0x0000006a20b00000)]
  0x000001c405580700 JavaThread "Unconstrained build operations Thread 7" [_thread_blocked, id=28560, stack(0x0000006a20b00000,0x0000006a20c00000)]
  0x000001c4096fcee0 JavaThread "Unconstrained build operations Thread 8" [_thread_blocked, id=26672, stack(0x0000006a20c00000,0x0000006a20d00000)]
  0x000001c4096fbaa0 JavaThread "Unconstrained build operations Thread 9" [_thread_blocked, id=10964, stack(0x0000006a20d00000,0x0000006a20e00000)]
  0x000001c4096fd3f0 JavaThread "Unconstrained build operations Thread 10" [_thread_blocked, id=6388, stack(0x0000006a20e00000,0x0000006a20f00000)]
  0x000001c4096fc4c0 JavaThread "Unconstrained build operations Thread 11" [_thread_blocked, id=27024, stack(0x0000006a20f00000,0x0000006a21000000)]
  0x000001c4096fe830 JavaThread "Unconstrained build operations Thread 12" [_thread_blocked, id=7840, stack(0x0000006a21000000,0x0000006a21100000)]
  0x000001c4096fb590 JavaThread "Unconstrained build operations Thread 13" [_thread_blocked, id=25204, stack(0x0000006a21100000,0x0000006a21200000)]
  0x000001c4096fd900 JavaThread "Unconstrained build operations Thread 14" [_thread_blocked, id=25856, stack(0x0000006a21200000,0x0000006a21300000)]
  0x000001c4096fb080 JavaThread "Unconstrained build operations Thread 15" [_thread_blocked, id=19912, stack(0x0000006a21300000,0x0000006a21400000)]
  0x000001c4096fed40 JavaThread "Unconstrained build operations Thread 16" [_thread_blocked, id=12748, stack(0x0000006a21400000,0x0000006a21500000)]
  0x000001c4096fde10 JavaThread "Unconstrained build operations Thread 17" [_thread_blocked, id=20752, stack(0x0000006a21500000,0x0000006a21600000)]
  0x000001c4096ff250 JavaThread "Unconstrained build operations Thread 18" [_thread_blocked, id=17636, stack(0x0000006a21600000,0x0000006a21700000)]
  0x000001c4096fe320 JavaThread "Unconstrained build operations Thread 19" [_thread_blocked, id=13728, stack(0x0000006a21700000,0x0000006a21800000)]
  0x000001c4096ff760 JavaThread "Unconstrained build operations Thread 20" [_thread_blocked, id=13740, stack(0x0000006a21800000,0x0000006a21900000)]
  0x000001c4096fbfb0 JavaThread "Unconstrained build operations Thread 21" [_thread_blocked, id=13664, stack(0x0000006a21900000,0x0000006a21a00000)]
  0x000001c4096ffc70 JavaThread "Unconstrained build operations Thread 22" [_thread_blocked, id=3196, stack(0x0000006a21a00000,0x0000006a21b00000)]
  0x000001c409700180 JavaThread "Unconstrained build operations Thread 23" [_thread_blocked, id=8720, stack(0x0000006a21b00000,0x0000006a21c00000)]
  0x000001c4096fc9d0 JavaThread "Unconstrained build operations Thread 24" [_thread_blocked, id=14460, stack(0x0000006a21c00000,0x0000006a21d00000)]
  0x000001c409702a00 JavaThread "Unconstrained build operations Thread 25" [_thread_blocked, id=22336, stack(0x0000006a21d00000,0x0000006a21e00000)]
  0x000001c409700690 JavaThread "Unconstrained build operations Thread 26" [_thread_blocked, id=10992, stack(0x0000006a21e00000,0x0000006a21f00000)]
  0x000001c409700ba0 JavaThread "Unconstrained build operations Thread 27" [_thread_blocked, id=10088, stack(0x0000006a21f00000,0x0000006a22000000)]
  0x000001c4097010b0 JavaThread "Unconstrained build operations Thread 28" [_thread_blocked, id=25548, stack(0x0000006a22000000,0x0000006a22100000)]
  0x000001c4097015c0 JavaThread "Unconstrained build operations Thread 29" [_thread_blocked, id=27504, stack(0x0000006a22100000,0x0000006a22200000)]
  0x000001c409701fe0 JavaThread "Unconstrained build operations Thread 30" [_thread_blocked, id=27528, stack(0x0000006a22200000,0x0000006a22300000)]
  0x000001c4097024f0 JavaThread "Unconstrained build operations Thread 31" [_thread_blocked, id=10588, stack(0x0000006a22300000,0x0000006a22400000)]
  0x000001c409b8e560 JavaThread "Unconstrained build operations Thread 32" [_thread_blocked, id=21776, stack(0x0000006a22400000,0x0000006a22500000)]
  0x000001c409b8c700 JavaThread "Unconstrained build operations Thread 33" [_thread_blocked, id=21888, stack(0x0000006a22500000,0x0000006a22600000)]
  0x000001c409b8db40 JavaThread "Unconstrained build operations Thread 34" [_thread_blocked, id=23908, stack(0x0000006a22600000,0x0000006a22700000)]
  0x000001c409b8adb0 JavaThread "Unconstrained build operations Thread 35" [_thread_blocked, id=6660, stack(0x0000006a22700000,0x0000006a22800000)]
  0x000001c409b8cc10 JavaThread "Unconstrained build operations Thread 36" [_thread_blocked, id=10780, stack(0x0000006a22800000,0x0000006a22900000)]
  0x000001c409b8b7d0 JavaThread "Unconstrained build operations Thread 37" [_thread_blocked, id=22840, stack(0x0000006a22900000,0x0000006a22a00000)]
  0x000001c409b8e050 JavaThread "Unconstrained build operations Thread 38" [_thread_blocked, id=6268, stack(0x0000006a22a00000,0x0000006a22b00000)]
  0x000001c409b8ea70 JavaThread "Unconstrained build operations Thread 39" [_thread_blocked, id=21736, stack(0x0000006a22b00000,0x0000006a22c00000)]
  0x000001c409b8d120 JavaThread "build event listener" [_thread_blocked, id=8628, stack(0x0000006a22c00000,0x0000006a22d00000)]
  0x000001c409b8d630 JavaThread "Memory manager" [_thread_blocked, id=25272, stack(0x0000006a22d00000,0x0000006a22e00000)]
  0x000001c409b8f490 JavaThread "ForkJoinPool.commonPool-worker-1" daemon [_thread_blocked, id=9684, stack(0x0000006a22e00000,0x0000006a22f00000)]
  0x000001c409b8f9a0 JavaThread "ForkJoinPool.commonPool-worker-2" daemon [_thread_blocked, id=21588, stack(0x0000006a22f00000,0x0000006a23000000)]
  0x000001c409b8c1f0 JavaThread "ForkJoinPool.commonPool-worker-3" daemon [_thread_blocked, id=9600, stack(0x0000006a23000000,0x0000006a23100000)]
  0x000001c409b90de0 JavaThread "ForkJoinPool.commonPool-worker-4" daemon [_thread_blocked, id=28076, stack(0x0000006a23100000,0x0000006a23200000)]
  0x000001c409b91800 JavaThread "ForkJoinPool.commonPool-worker-5" daemon [_thread_blocked, id=24876, stack(0x0000006a23200000,0x0000006a23300000)]
  0x000001c409b912f0 JavaThread "ForkJoinPool.commonPool-worker-6" daemon [_thread_blocked, id=22192, stack(0x0000006a23300000,0x0000006a23400000)]
  0x000001c409b91d10 JavaThread "ForkJoinPool.commonPool-worker-7" daemon [_thread_blocked, id=25736, stack(0x0000006a23400000,0x0000006a23500000)]
  0x000001c409b92220 JavaThread "ForkJoinPool.commonPool-worker-8" daemon [_thread_blocked, id=4232, stack(0x0000006a23500000,0x0000006a23600000)]
  0x000001c409b92730 JavaThread "ForkJoinPool.commonPool-worker-9" daemon [_thread_blocked, id=4976, stack(0x0000006a23600000,0x0000006a23700000)]
  0x000001c409b8feb0 JavaThread "ForkJoinPool.commonPool-worker-10" daemon [_thread_blocked, id=1140, stack(0x0000006a23700000,0x0000006a23800000)]
  0x000001c409b903c0 JavaThread "ForkJoinPool.commonPool-worker-11" daemon [_thread_blocked, id=20756, stack(0x0000006a23800000,0x0000006a23900000)]
  0x000001c409b908d0 JavaThread "Exec process" [_thread_blocked, id=24712, stack(0x0000006a23900000,0x0000006a23a00000)]
  0x000001c46375a9e0 JavaThread "Exec process Thread 2" [_thread_blocked, id=8556, stack(0x0000006a23a00000,0x0000006a23b00000)]
  0x000001c46375c840 JavaThread "Exec process Thread 3" [_thread_blocked, id=25764, stack(0x0000006a23b00000,0x0000006a23c00000)]
  0x000001c404963910 JavaThread "C2 CompilerThread1" daemon [_thread_blocked, id=24524, stack(0x0000006a1dd00000,0x0000006a1de00000)]
  0x000001c46375be20 JavaThread "included builds" [_thread_in_vm, id=19552, stack(0x0000006a23c00000,0x0000006a23d00000)]
  0x000001c46375b400 JavaThread "Execution worker" [_thread_blocked, id=10800, stack(0x0000006a23d00000,0x0000006a23e00000)]
  0x000001c463759ab0 JavaThread "Execution worker Thread 2" [_thread_blocked, id=5072, stack(0x0000006a23e00000,0x0000006a23f00000)]
  0x000001c46375aef0 JavaThread "Execution worker Thread 3" [_thread_blocked, id=21356, stack(0x0000006a23f00000,0x0000006a24000000)]
  0x000001c463759fc0 JavaThread "Execution worker Thread 4" [_thread_blocked, id=24492, stack(0x0000006a24000000,0x0000006a24100000)]
  0x000001c463759090 JavaThread "Execution worker Thread 5" [_thread_blocked, id=2096, stack(0x0000006a24100000,0x0000006a24200000)]
  0x000001c46375cd50 JavaThread "Execution worker Thread 6" [_thread_blocked, id=28636, stack(0x0000006a24200000,0x0000006a24300000)]
  0x000001c4637595a0 JavaThread "Execution worker Thread 7" [_thread_blocked, id=22700, stack(0x0000006a24300000,0x0000006a24400000)]
  0x000001c46375b910 JavaThread "Execution worker Thread 8" [_thread_blocked, id=1708, stack(0x0000006a24400000,0x0000006a24500000)]
  0x000001c46375a4d0 JavaThread "Execution worker Thread 9" [_thread_blocked, id=26756, stack(0x0000006a24500000,0x0000006a24600000)]
  0x000001c46375d770 JavaThread "Execution worker Thread 10" [_thread_blocked, id=7704, stack(0x0000006a24600000,0x0000006a24700000)]
  0x000001c46375d260 JavaThread "Execution worker Thread 11" [_thread_blocked, id=15508, stack(0x0000006a24700000,0x0000006a24800000)]
  0x000001c46375dc80 JavaThread "Cache worker for execution history cache (D:\technyx\mobile-apps\AwesomeProject\node_modules\@react-native\gradle-plugin\.gradle\8.10.2\executionHistory)" [_thread_blocked, id=26824, stack(0x0000006a24800000,0x0000006a24900000)]

Other Threads:
  0x000001c463529510 VMThread "VM Thread" [stack: 0x0000006a1d200000,0x0000006a1d300000] [id=15128]
  0x000001c463774ce0 WatcherThread [stack: 0x0000006a1df00000,0x0000006a1e000000] [id=25508]
  0x000001c44280e840 GCTaskThread "GC Thread#0" [stack: 0x0000006a1cd00000,0x0000006a1ce00000] [id=6564]
  0x000001c47f377b90 GCTaskThread "GC Thread#1" [stack: 0x0000006a1e100000,0x0000006a1e200000] [id=10384]
  0x000001c40412ebc0 GCTaskThread "GC Thread#2" [stack: 0x0000006a1e200000,0x0000006a1e300000] [id=27540]
  0x000001c47f449600 GCTaskThread "GC Thread#3" [stack: 0x0000006a1e300000,0x0000006a1e400000] [id=28456]
  0x000001c47f4498c0 GCTaskThread "GC Thread#4" [stack: 0x0000006a1e400000,0x0000006a1e500000] [id=25928]
  0x000001c405f5b350 GCTaskThread "GC Thread#5" [stack: 0x0000006a1f400000,0x0000006a1f500000] [id=19612]
  0x000001c405f5b090 GCTaskThread "GC Thread#6" [stack: 0x0000006a1f500000,0x0000006a1f600000] [id=20828]
  0x000001c405f5a010 GCTaskThread "GC Thread#7" [stack: 0x0000006a1f600000,0x0000006a1f700000] [id=8768]
  0x000001c405f5b610 GCTaskThread "GC Thread#8" [stack: 0x0000006a1f700000,0x0000006a1f800000] [id=11208]
  0x000001c405f5a2d0 GCTaskThread "GC Thread#9" [stack: 0x0000006a1f800000,0x0000006a1f900000] [id=3168]
  0x000001c444c5e5d0 ConcurrentGCThread "G1 Main Marker" [stack: 0x0000006a1ce00000,0x0000006a1cf00000] [id=20644]
  0x000001c444c60920 ConcurrentGCThread "G1 Conc#0" [stack: 0x0000006a1cf00000,0x0000006a1d000000] [id=26196]
  0x000001c405f5a850 ConcurrentGCThread "G1 Conc#1" [stack: 0x0000006a1f900000,0x0000006a1fa00000] [id=25768]
  0x000001c405f5a590 ConcurrentGCThread "G1 Conc#2" [stack: 0x0000006a1fa00000,0x0000006a1fb00000] [id=11640]
  0x000001c4632c0b40 ConcurrentGCThread "G1 Refine#0" [stack: 0x0000006a1d000000,0x0000006a1d100000] [id=22320]
  0x000001c4632c2230 ConcurrentGCThread "G1 Service" [stack: 0x0000006a1d100000,0x0000006a1d200000] [id=3272]

Threads with active compile tasks:
C2 CompilerThread0    15370 8868 %     4       org.gradle.internal.instantiation.generator.AbstractClassGenerator::inspectType @ 107 (560 bytes)

VM state: not at safepoint (normal execution)

VM Mutex/Monitor currently owned by a thread: None

Heap address: 0x0000000080000000, size: 2048 MB, Compressed Oops mode: 32-bit

CDS archive(s) mapped at: [0x000001c464000000-0x000001c464bb0000-0x000001c464bb0000), size 12255232, SharedBaseAddress: 0x000001c464000000, ArchiveRelocationMode: 1.
Compressed class space mapped at: 0x000001c465000000-0x000001c47f000000, reserved size: 436207616
Narrow klass base: 0x000001c464000000, Narrow klass shift: 0, Narrow klass range: 0x100000000

GC Precious Log:
 CPUs: 12 total, 12 available
 Memory: 15693M
 Large Page Support: Disabled
 NUMA Support: Disabled
 Compressed Oops: Enabled (32-bit)
 Heap Region Size: 1M
 Heap Min Capacity: 8M
 Heap Initial Capacity: 246M
 Heap Max Capacity: 2G
 Pre-touch: Disabled
 Parallel Workers: 10
 Concurrent Workers: 3
 Concurrent Refinement Workers: 10
 Periodic GC: Disabled

Heap:
 garbage-first heap   total 229376K, used 142044K [0x0000000080000000, 0x0000000100000000)
  region size 1024K, 74 young (75776K), 1 survivors (1024K)
 Metaspace       used 69608K, committed 70464K, reserved 491520K
  class space    used 9915K, committed 10368K, reserved 425984K

Heap Regions: E=young(eden), S=young(survivor), O=old, HS=humongous(starts), HC=humongous(continues), CS=collection set, F=free, OA=open archive, CA=closed archive, TAMS=top-at-mark-start (previous, next)
|   0|0x0000000080000000, 0x0000000080100000, 0x0000000080100000|100%| O|  |TAMS 0x0000000080100000, 0x0000000080000000| Untracked 
|   1|0x0000000080100000, 0x0000000080200000, 0x0000000080200000|100%| O|  |TAMS 0x0000000080200000, 0x0000000080100000| Untracked 
|   2|0x0000000080200000, 0x0000000080300000, 0x0000000080300000|100%|HS|  |TAMS 0x0000000080300000, 0x0000000080200000| Complete 
|   3|0x0000000080300000, 0x0000000080400000, 0x0000000080400000|100%|HC|  |TAMS 0x0000000080400000, 0x0000000080300000| Complete 
|   4|0x0000000080400000, 0x0000000080500000, 0x0000000080500000|100%|HC|  |TAMS 0x0000000080500000, 0x0000000080400000| Complete 
|   5|0x0000000080500000, 0x0000000080600000, 0x0000000080600000|100%|HC|  |TAMS 0x0000000080600000, 0x0000000080500000| Complete 
|   6|0x0000000080600000, 0x0000000080700000, 0x0000000080700000|100%| O|  |TAMS 0x0000000080700000, 0x0000000080600000| Untracked 
|   7|0x0000000080700000, 0x0000000080800000, 0x0000000080800000|100%| O|  |TAMS 0x0000000080800000, 0x0000000080700000| Untracked 
|   8|0x0000000080800000, 0x00000000808f4200, 0x0000000080900000| 95%| O|  |TAMS 0x00000000808f4200, 0x0000000080800000| Untracked 
|   9|0x0000000080900000, 0x0000000080a00000, 0x0000000080a00000|100%|HS|  |TAMS 0x0000000080a00000, 0x0000000080900000| Complete 
|  10|0x0000000080a00000, 0x0000000080b00000, 0x0000000080b00000|100%| O|  |TAMS 0x0000000080b00000, 0x0000000080a00000| Untracked 
|  11|0x0000000080b00000, 0x0000000080c00000, 0x0000000080c00000|100%| O|  |TAMS 0x0000000080c00000, 0x0000000080b00000| Untracked 
|  12|0x0000000080c00000, 0x0000000080d00000, 0x0000000080d00000|100%| O|  |TAMS 0x0000000080d00000, 0x0000000080c00000| Untracked 
|  13|0x0000000080d00000, 0x0000000080e00000, 0x0000000080e00000|100%| O|  |TAMS 0x0000000080e00000, 0x0000000080d00000| Untracked 
|  14|0x0000000080e00000, 0x0000000080f00000, 0x0000000080f00000|100%| O|  |TAMS 0x0000000080f00000, 0x0000000080e00000| Untracked 
|  15|0x0000000080f00000, 0x0000000081000000, 0x0000000081000000|100%| O|  |TAMS 0x0000000081000000, 0x0000000080f00000| Untracked 
|  16|0x0000000081000000, 0x0000000081100000, 0x0000000081100000|100%| O|  |TAMS 0x0000000081100000, 0x0000000081000000| Untracked 
|  17|0x0000000081100000, 0x0000000081200000, 0x0000000081200000|100%| O|  |TAMS 0x0000000081200000, 0x0000000081100000| Untracked 
|  18|0x0000000081200000, 0x0000000081300000, 0x0000000081300000|100%| O|  |TAMS 0x0000000081300000, 0x0000000081200000| Untracked 
|  19|0x0000000081300000, 0x0000000081400000, 0x0000000081400000|100%| O|  |TAMS 0x0000000081400000, 0x0000000081300000| Untracked 
|  20|0x0000000081400000, 0x0000000081500000, 0x0000000081500000|100%| O|  |TAMS 0x0000000081500000, 0x0000000081400000| Untracked 
|  21|0x0000000081500000, 0x0000000081600000, 0x0000000081600000|100%| O|  |TAMS 0x0000000081600000, 0x0000000081500000| Untracked 
|  22|0x0000000081600000, 0x0000000081700000, 0x0000000081700000|100%| O|  |TAMS 0x0000000081700000, 0x0000000081600000| Untracked 
|  23|0x0000000081700000, 0x0000000081800000, 0x0000000081800000|100%| O|  |TAMS 0x0000000081800000, 0x0000000081700000| Untracked 
|  24|0x0000000081800000, 0x0000000081900000, 0x0000000081900000|100%| O|  |TAMS 0x0000000081900000, 0x0000000081800000| Untracked 
|  25|0x0000000081900000, 0x0000000081a00000, 0x0000000081a00000|100%| O|  |TAMS 0x0000000081a00000, 0x0000000081900000| Untracked 
|  26|0x0000000081a00000, 0x0000000081b00000, 0x0000000081b00000|100%| O|  |TAMS 0x0000000081b00000, 0x0000000081a00000| Untracked 
|  27|0x0000000081b00000, 0x0000000081c00000, 0x0000000081c00000|100%| O|  |TAMS 0x0000000081c00000, 0x0000000081b00000| Untracked 
|  28|0x0000000081c00000, 0x0000000081d00000, 0x0000000081d00000|100%| O|  |TAMS 0x0000000081d00000, 0x0000000081c00000| Untracked 
|  29|0x0000000081d00000, 0x0000000081e00000, 0x0000000081e00000|100%| O|  |TAMS 0x0000000081e00000, 0x0000000081d00000| Untracked 
|  30|0x0000000081e00000, 0x0000000081f00000, 0x0000000081f00000|100%| O|  |TAMS 0x0000000081f00000, 0x0000000081e00000| Untracked 
|  31|0x0000000081f00000, 0x0000000082000000, 0x0000000082000000|100%| O|  |TAMS 0x0000000082000000, 0x0000000081f00000| Untracked 
|  32|0x0000000082000000, 0x0000000082100000, 0x0000000082100000|100%| O|  |TAMS 0x0000000082100000, 0x0000000082000000| Untracked 
|  33|0x0000000082100000, 0x0000000082200000, 0x0000000082200000|100%| O|  |TAMS 0x0000000082200000, 0x0000000082100000| Untracked 
|  34|0x0000000082200000, 0x0000000082300000, 0x0000000082300000|100%| O|  |TAMS 0x0000000082300000, 0x0000000082200000| Untracked 
|  35|0x0000000082300000, 0x0000000082400000, 0x0000000082400000|100%| O|  |TAMS 0x0000000082400000, 0x0000000082300000| Untracked 
|  36|0x0000000082400000, 0x0000000082500000, 0x0000000082500000|100%| O|  |TAMS 0x0000000082500000, 0x0000000082400000| Untracked 
|  37|0x0000000082500000, 0x0000000082600000, 0x0000000082600000|100%| O|  |TAMS 0x0000000082500000, 0x0000000082500000| Untracked 
|  38|0x0000000082600000, 0x0000000082700000, 0x0000000082700000|100%| O|  |TAMS 0x0000000082700000, 0x0000000082600000| Untracked 
|  39|0x0000000082700000, 0x0000000082800000, 0x0000000082800000|100%| O|  |TAMS 0x0000000082800000, 0x0000000082700000| Untracked 
|  40|0x0000000082800000, 0x0000000082900000, 0x0000000082900000|100%| O|  |TAMS 0x0000000082900000, 0x0000000082800000| Untracked 
|  41|0x0000000082900000, 0x0000000082a00000, 0x0000000082a00000|100%| O|  |TAMS 0x0000000082a00000, 0x0000000082900000| Untracked 
|  42|0x0000000082a00000, 0x0000000082b00000, 0x0000000082b00000|100%| O|  |TAMS 0x0000000082b00000, 0x0000000082a00000| Untracked 
|  43|0x0000000082b00000, 0x0000000082c00000, 0x0000000082c00000|100%| O|  |TAMS 0x0000000082c00000, 0x0000000082b00000| Untracked 
|  44|0x0000000082c00000, 0x0000000082d00000, 0x0000000082d00000|100%|HS|  |TAMS 0x0000000082d00000, 0x0000000082c00000| Complete 
|  45|0x0000000082d00000, 0x0000000082e00000, 0x0000000082e00000|100%|HC|  |TAMS 0x0000000082e00000, 0x0000000082d00000| Complete 
|  46|0x0000000082e00000, 0x0000000082f00000, 0x0000000082f00000|100%|HS|  |TAMS 0x0000000082f00000, 0x0000000082e00000| Complete 
|  47|0x0000000082f00000, 0x0000000083000000, 0x0000000083000000|100%|HC|  |TAMS 0x0000000083000000, 0x0000000082f00000| Complete 
|  48|0x0000000083000000, 0x0000000083100000, 0x0000000083100000|100%|HC|  |TAMS 0x0000000083100000, 0x0000000083000000| Complete 
|  49|0x0000000083100000, 0x0000000083200000, 0x0000000083200000|100%|HS|  |TAMS 0x0000000083200000, 0x0000000083100000| Complete 
|  50|0x0000000083200000, 0x0000000083300000, 0x0000000083300000|100%|HC|  |TAMS 0x0000000083300000, 0x0000000083200000| Complete 
|  51|0x0000000083300000, 0x0000000083400000, 0x0000000083400000|100%| O|  |TAMS 0x0000000083400000, 0x0000000083300000| Untracked 
|  52|0x0000000083400000, 0x0000000083400000, 0x0000000083500000|  0%| F|  |TAMS 0x0000000083400000, 0x0000000083400000| Untracked 
|  53|0x0000000083500000, 0x0000000083600000, 0x0000000083600000|100%| O|  |TAMS 0x0000000083600000, 0x0000000083500000| Untracked 
|  54|0x0000000083600000, 0x0000000083700000, 0x0000000083700000|100%| O|  |TAMS 0x0000000083700000, 0x0000000083600000| Untracked 
|  55|0x0000000083700000, 0x0000000083800000, 0x0000000083800000|100%| O|  |TAMS 0x0000000083800000, 0x0000000083700000| Untracked 
|  56|0x0000000083800000, 0x0000000083900000, 0x0000000083900000|100%| O|  |TAMS 0x0000000083900000, 0x0000000083800000| Untracked 
|  57|0x0000000083900000, 0x0000000083a00000, 0x0000000083a00000|100%| O|  |TAMS 0x0000000083a00000, 0x0000000083900000| Untracked 
|  58|0x0000000083a00000, 0x0000000083b00000, 0x0000000083b00000|100%| O|  |TAMS 0x0000000083b00000, 0x0000000083a00000| Untracked 
|  59|0x0000000083b00000, 0x0000000083c00000, 0x0000000083c00000|100%| O|  |TAMS 0x0000000083c00000, 0x0000000083b00000| Untracked 
|  60|0x0000000083c00000, 0x0000000083d00000, 0x0000000083d00000|100%|HS|  |TAMS 0x0000000083d00000, 0x0000000083c00000| Complete 
|  61|0x0000000083d00000, 0x0000000083e00000, 0x0000000083e00000|100%|HC|  |TAMS 0x0000000083e00000, 0x0000000083d00000| Complete 
|  62|0x0000000083e00000, 0x0000000083f00000, 0x0000000083f00000|100%|HC|  |TAMS 0x0000000083f00000, 0x0000000083e00000| Complete 
|  63|0x0000000083f00000, 0x0000000084000000, 0x0000000084000000|100%| O|  |TAMS 0x0000000083fdfa00, 0x0000000083f00000| Untracked 
|  64|0x0000000084000000, 0x0000000084100000, 0x0000000084100000|100%| O|  |TAMS 0x0000000084000000, 0x0000000084000000| Untracked 
|  65|0x0000000084100000, 0x0000000084200000, 0x0000000084200000|100%| O|  |TAMS 0x0000000084100000, 0x0000000084100000| Untracked 
|  66|0x0000000084200000, 0x00000000842d7000, 0x0000000084300000| 83%| O|  |TAMS 0x0000000084200000, 0x0000000084200000| Untracked 
|  67|0x0000000084300000, 0x0000000084300000, 0x0000000084400000|  0%| F|  |TAMS 0x0000000084300000, 0x0000000084300000| Untracked 
|  68|0x0000000084400000, 0x0000000084400000, 0x0000000084500000|  0%| F|  |TAMS 0x0000000084400000, 0x0000000084400000| Untracked 
|  69|0x0000000084500000, 0x0000000084500000, 0x0000000084600000|  0%| F|  |TAMS 0x0000000084500000, 0x0000000084500000| Untracked 
|  70|0x0000000084600000, 0x0000000084600000, 0x0000000084700000|  0%| F|  |TAMS 0x0000000084600000, 0x0000000084600000| Untracked 
|  71|0x0000000084700000, 0x0000000084700000, 0x0000000084800000|  0%| F|  |TAMS 0x0000000084700000, 0x0000000084700000| Untracked 
|  72|0x0000000084800000, 0x0000000084800000, 0x0000000084900000|  0%| F|  |TAMS 0x0000000084800000, 0x0000000084800000| Untracked 
|  73|0x0000000084900000, 0x0000000084900000, 0x0000000084a00000|  0%| F|  |TAMS 0x0000000084900000, 0x0000000084900000| Untracked 
|  74|0x0000000084a00000, 0x0000000084a00000, 0x0000000084b00000|  0%| F|  |TAMS 0x0000000084a00000, 0x0000000084a00000| Untracked 
|  75|0x0000000084b00000, 0x0000000084b00000, 0x0000000084c00000|  0%| F|  |TAMS 0x0000000084b00000, 0x0000000084b00000| Untracked 
|  76|0x0000000084c00000, 0x0000000084c00000, 0x0000000084d00000|  0%| F|  |TAMS 0x0000000084c00000, 0x0000000084c00000| Untracked 
|  77|0x0000000084d00000, 0x0000000084d00000, 0x0000000084e00000|  0%| F|  |TAMS 0x0000000084d00000, 0x0000000084d00000| Untracked 
|  78|0x0000000084e00000, 0x0000000084e00000, 0x0000000084f00000|  0%| F|  |TAMS 0x0000000084e00000, 0x0000000084e00000| Untracked 
|  79|0x0000000084f00000, 0x0000000084f00000, 0x0000000085000000|  0%| F|  |TAMS 0x0000000084f00000, 0x0000000084f00000| Untracked 
|  80|0x0000000085000000, 0x0000000085000000, 0x0000000085100000|  0%| F|  |TAMS 0x0000000085000000, 0x0000000085000000| Untracked 
|  81|0x0000000085100000, 0x0000000085100000, 0x0000000085200000|  0%| F|  |TAMS 0x0000000085100000, 0x0000000085100000| Untracked 
|  82|0x0000000085200000, 0x0000000085200000, 0x0000000085300000|  0%| F|  |TAMS 0x0000000085200000, 0x0000000085200000| Untracked 
|  83|0x0000000085300000, 0x0000000085300000, 0x0000000085400000|  0%| F|  |TAMS 0x0000000085300000, 0x0000000085300000| Untracked 
|  84|0x0000000085400000, 0x0000000085400000, 0x0000000085500000|  0%| F|  |TAMS 0x0000000085400000, 0x0000000085400000| Untracked 
|  85|0x0000000085500000, 0x0000000085500000, 0x0000000085600000|  0%| F|  |TAMS 0x0000000085500000, 0x0000000085500000| Untracked 
|  86|0x0000000085600000, 0x0000000085600000, 0x0000000085700000|  0%| F|  |TAMS 0x0000000085600000, 0x0000000085600000| Untracked 
|  87|0x0000000085700000, 0x0000000085700000, 0x0000000085800000|  0%| F|  |TAMS 0x0000000085700000, 0x0000000085700000| Untracked 
|  88|0x0000000085800000, 0x0000000085800000, 0x0000000085900000|  0%| F|  |TAMS 0x0000000085800000, 0x0000000085800000| Untracked 
|  89|0x0000000085900000, 0x0000000085900000, 0x0000000085a00000|  0%| F|  |TAMS 0x0000000085900000, 0x0000000085900000| Untracked 
|  90|0x0000000085a00000, 0x0000000085a00000, 0x0000000085b00000|  0%| F|  |TAMS 0x0000000085a00000, 0x0000000085a00000| Untracked 
|  91|0x0000000085b00000, 0x0000000085b00000, 0x0000000085c00000|  0%| F|  |TAMS 0x0000000085b00000, 0x0000000085b00000| Untracked 
|  92|0x0000000085c00000, 0x0000000085c00000, 0x0000000085d00000|  0%| F|  |TAMS 0x0000000085c00000, 0x0000000085c00000| Untracked 
|  93|0x0000000085d00000, 0x0000000085d00000, 0x0000000085e00000|  0%| F|  |TAMS 0x0000000085d00000, 0x0000000085d00000| Untracked 
|  94|0x0000000085e00000, 0x0000000085e00000, 0x0000000085f00000|  0%| F|  |TAMS 0x0000000085e00000, 0x0000000085e00000| Untracked 
|  95|0x0000000085f00000, 0x0000000085f00000, 0x0000000086000000|  0%| F|  |TAMS 0x0000000085f00000, 0x0000000085f00000| Untracked 
|  96|0x0000000086000000, 0x0000000086000000, 0x0000000086100000|  0%| F|  |TAMS 0x0000000086000000, 0x0000000086000000| Untracked 
|  97|0x0000000086100000, 0x0000000086100000, 0x0000000086200000|  0%| F|  |TAMS 0x0000000086100000, 0x0000000086100000| Untracked 
|  98|0x0000000086200000, 0x0000000086200000, 0x0000000086300000|  0%| F|  |TAMS 0x0000000086200000, 0x0000000086200000| Untracked 
|  99|0x0000000086300000, 0x0000000086300000, 0x0000000086400000|  0%| F|  |TAMS 0x0000000086300000, 0x0000000086300000| Untracked 
| 100|0x0000000086400000, 0x0000000086400000, 0x0000000086500000|  0%| F|  |TAMS 0x0000000086400000, 0x0000000086400000| Untracked 
| 101|0x0000000086500000, 0x0000000086500000, 0x0000000086600000|  0%| F|  |TAMS 0x0000000086500000, 0x0000000086500000| Untracked 
| 102|0x0000000086600000, 0x0000000086600000, 0x0000000086700000|  0%| F|  |TAMS 0x0000000086600000, 0x0000000086600000| Untracked 
| 103|0x0000000086700000, 0x0000000086700000, 0x0000000086800000|  0%| F|  |TAMS 0x0000000086700000, 0x0000000086700000| Untracked 
| 104|0x0000000086800000, 0x0000000086800000, 0x0000000086900000|  0%| F|  |TAMS 0x0000000086800000, 0x0000000086800000| Untracked 
| 105|0x0000000086900000, 0x0000000086900000, 0x0000000086a00000|  0%| F|  |TAMS 0x0000000086900000, 0x0000000086900000| Untracked 
| 106|0x0000000086a00000, 0x0000000086a00000, 0x0000000086b00000|  0%| F|  |TAMS 0x0000000086a00000, 0x0000000086a00000| Untracked 
| 107|0x0000000086b00000, 0x0000000086b00000, 0x0000000086c00000|  0%| F|  |TAMS 0x0000000086b00000, 0x0000000086b00000| Untracked 
| 108|0x0000000086c00000, 0x0000000086c00000, 0x0000000086d00000|  0%| F|  |TAMS 0x0000000086c00000, 0x0000000086c00000| Untracked 
| 109|0x0000000086d00000, 0x0000000086d00000, 0x0000000086e00000|  0%| F|  |TAMS 0x0000000086d00000, 0x0000000086d00000| Untracked 
| 110|0x0000000086e00000, 0x0000000086e00000, 0x0000000086f00000|  0%| F|  |TAMS 0x0000000086e00000, 0x0000000086e00000| Untracked 
| 111|0x0000000086f00000, 0x0000000086f00000, 0x0000000087000000|  0%| F|  |TAMS 0x0000000086f00000, 0x0000000086f00000| Untracked 
| 112|0x0000000087000000, 0x0000000087000000, 0x0000000087100000|  0%| F|  |TAMS 0x0000000087000000, 0x0000000087000000| Untracked 
| 113|0x0000000087100000, 0x0000000087100000, 0x0000000087200000|  0%| F|  |TAMS 0x0000000087100000, 0x0000000087100000| Untracked 
| 114|0x0000000087200000, 0x0000000087200000, 0x0000000087300000|  0%| F|  |TAMS 0x0000000087200000, 0x0000000087200000| Untracked 
| 115|0x0000000087300000, 0x0000000087300000, 0x0000000087400000|  0%| F|  |TAMS 0x0000000087300000, 0x0000000087300000| Untracked 
| 116|0x0000000087400000, 0x0000000087400000, 0x0000000087500000|  0%| F|  |TAMS 0x0000000087400000, 0x0000000087400000| Untracked 
| 117|0x0000000087500000, 0x0000000087500000, 0x0000000087600000|  0%| F|  |TAMS 0x0000000087500000, 0x0000000087500000| Untracked 
| 118|0x0000000087600000, 0x0000000087600000, 0x0000000087700000|  0%| F|  |TAMS 0x0000000087600000, 0x0000000087600000| Untracked 
| 119|0x0000000087700000, 0x0000000087700000, 0x0000000087800000|  0%| F|  |TAMS 0x0000000087700000, 0x0000000087700000| Untracked 
| 120|0x0000000087800000, 0x0000000087800000, 0x0000000087900000|  0%| F|  |TAMS 0x0000000087800000, 0x0000000087800000| Untracked 
| 121|0x0000000087900000, 0x0000000087900000, 0x0000000087a00000|  0%| F|  |TAMS 0x0000000087900000, 0x0000000087900000| Untracked 
| 122|0x0000000087a00000, 0x0000000087a00000, 0x0000000087b00000|  0%| F|  |TAMS 0x0000000087a00000, 0x0000000087a00000| Untracked 
| 123|0x0000000087b00000, 0x0000000087b00000, 0x0000000087c00000|  0%| F|  |TAMS 0x0000000087b00000, 0x0000000087b00000| Untracked 
| 124|0x0000000087c00000, 0x0000000087c00000, 0x0000000087d00000|  0%| F|  |TAMS 0x0000000087c00000, 0x0000000087c00000| Untracked 
| 125|0x0000000087d00000, 0x0000000087d00000, 0x0000000087e00000|  0%| F|  |TAMS 0x0000000087d00000, 0x0000000087d00000| Untracked 
| 126|0x0000000087e00000, 0x0000000087e00000, 0x0000000087f00000|  0%| F|  |TAMS 0x0000000087e00000, 0x0000000087e00000| Untracked 
| 127|0x0000000087f00000, 0x0000000087f00000, 0x0000000088000000|  0%| F|  |TAMS 0x0000000087f00000, 0x0000000087f00000| Untracked 
| 128|0x0000000088000000, 0x0000000088000000, 0x0000000088100000|  0%| F|  |TAMS 0x0000000088000000, 0x0000000088000000| Untracked 
| 129|0x0000000088100000, 0x0000000088100000, 0x0000000088200000|  0%| F|  |TAMS 0x0000000088100000, 0x0000000088100000| Untracked 
| 130|0x0000000088200000, 0x0000000088200000, 0x0000000088300000|  0%| F|  |TAMS 0x0000000088200000, 0x0000000088200000| Untracked 
| 131|0x0000000088300000, 0x0000000088300000, 0x0000000088400000|  0%| F|  |TAMS 0x0000000088300000, 0x0000000088300000| Untracked 
| 132|0x0000000088400000, 0x0000000088400000, 0x0000000088500000|  0%| F|  |TAMS 0x0000000088400000, 0x0000000088400000| Untracked 
| 133|0x0000000088500000, 0x0000000088500000, 0x0000000088600000|  0%| F|  |TAMS 0x0000000088500000, 0x0000000088500000| Untracked 
| 134|0x0000000088600000, 0x0000000088600000, 0x0000000088700000|  0%| F|  |TAMS 0x0000000088600000, 0x0000000088600000| Untracked 
| 135|0x0000000088700000, 0x00000000887ec1a8, 0x0000000088800000| 92%| S|CS|TAMS 0x0000000088700000, 0x0000000088700000| Complete 
| 136|0x0000000088800000, 0x0000000088800000, 0x0000000088900000|  0%| F|  |TAMS 0x0000000088800000, 0x0000000088800000| Untracked 
| 137|0x0000000088900000, 0x0000000088900000, 0x0000000088a00000|  0%| F|  |TAMS 0x0000000088900000, 0x0000000088900000| Untracked 
| 138|0x0000000088a00000, 0x0000000088a00000, 0x0000000088b00000|  0%| F|  |TAMS 0x0000000088a00000, 0x0000000088a00000| Untracked 
| 139|0x0000000088b00000, 0x0000000088b00000, 0x0000000088c00000|  0%| F|  |TAMS 0x0000000088b00000, 0x0000000088b00000| Untracked 
| 140|0x0000000088c00000, 0x0000000088c00000, 0x0000000088d00000|  0%| F|  |TAMS 0x0000000088c00000, 0x0000000088c00000| Untracked 
| 141|0x0000000088d00000, 0x0000000088d00000, 0x0000000088e00000|  0%| F|  |TAMS 0x0000000088d00000, 0x0000000088d00000| Untracked 
| 142|0x0000000088e00000, 0x0000000088e00000, 0x0000000088f00000|  0%| F|  |TAMS 0x0000000088e00000, 0x0000000088e00000| Untracked 
| 143|0x0000000088f00000, 0x0000000088f00000, 0x0000000089000000|  0%| F|  |TAMS 0x0000000088f00000, 0x0000000088f00000| Untracked 
| 144|0x0000000089000000, 0x0000000089000000, 0x0000000089100000|  0%| F|  |TAMS 0x0000000089000000, 0x0000000089000000| Untracked 
| 145|0x0000000089100000, 0x0000000089100000, 0x0000000089200000|  0%| F|  |TAMS 0x0000000089100000, 0x0000000089100000| Untracked 
| 146|0x0000000089200000, 0x0000000089200000, 0x0000000089300000|  0%| F|  |TAMS 0x0000000089200000, 0x0000000089200000| Untracked 
| 147|0x0000000089300000, 0x0000000089300000, 0x0000000089400000|  0%| F|  |TAMS 0x0000000089300000, 0x0000000089300000| Untracked 
| 148|0x0000000089400000, 0x0000000089400000, 0x0000000089500000|  0%| F|  |TAMS 0x0000000089400000, 0x0000000089400000| Untracked 
| 149|0x0000000089500000, 0x0000000089500000, 0x0000000089600000|  0%| F|  |TAMS 0x0000000089500000, 0x0000000089500000| Untracked 
| 150|0x0000000089600000, 0x0000000089600000, 0x0000000089700000|  0%| F|  |TAMS 0x0000000089600000, 0x0000000089600000| Untracked 
| 151|0x0000000089700000, 0x0000000089745a28, 0x0000000089800000| 27%| E|  |TAMS 0x0000000089700000, 0x0000000089700000| Complete 
| 152|0x0000000089800000, 0x0000000089900000, 0x0000000089900000|100%| E|CS|TAMS 0x0000000089800000, 0x0000000089800000| Complete 
| 153|0x0000000089900000, 0x0000000089a00000, 0x0000000089a00000|100%| E|CS|TAMS 0x0000000089900000, 0x0000000089900000| Complete 
| 154|0x0000000089a00000, 0x0000000089b00000, 0x0000000089b00000|100%| E|CS|TAMS 0x0000000089a00000, 0x0000000089a00000| Complete 
| 155|0x0000000089b00000, 0x0000000089c00000, 0x0000000089c00000|100%| E|CS|TAMS 0x0000000089b00000, 0x0000000089b00000| Complete 
| 156|0x0000000089c00000, 0x0000000089d00000, 0x0000000089d00000|100%| E|CS|TAMS 0x0000000089c00000, 0x0000000089c00000| Complete 
| 157|0x0000000089d00000, 0x0000000089e00000, 0x0000000089e00000|100%| E|CS|TAMS 0x0000000089d00000, 0x0000000089d00000| Complete 
| 158|0x0000000089e00000, 0x0000000089f00000, 0x0000000089f00000|100%| E|CS|TAMS 0x0000000089e00000, 0x0000000089e00000| Complete 
| 159|0x0000000089f00000, 0x000000008a000000, 0x000000008a000000|100%| E|CS|TAMS 0x0000000089f00000, 0x0000000089f00000| Complete 
| 160|0x000000008a000000, 0x000000008a100000, 0x000000008a100000|100%| E|CS|TAMS 0x000000008a000000, 0x000000008a000000| Complete 
| 161|0x000000008a100000, 0x000000008a200000, 0x000000008a200000|100%| E|CS|TAMS 0x000000008a100000, 0x000000008a100000| Complete 
| 162|0x000000008a200000, 0x000000008a300000, 0x000000008a300000|100%| E|CS|TAMS 0x000000008a200000, 0x000000008a200000| Complete 
| 163|0x000000008a300000, 0x000000008a400000, 0x000000008a400000|100%| E|CS|TAMS 0x000000008a300000, 0x000000008a300000| Complete 
| 164|0x000000008a400000, 0x000000008a500000, 0x000000008a500000|100%| E|CS|TAMS 0x000000008a400000, 0x000000008a400000| Complete 
| 165|0x000000008a500000, 0x000000008a600000, 0x000000008a600000|100%| E|CS|TAMS 0x000000008a500000, 0x000000008a500000| Complete 
| 166|0x000000008a600000, 0x000000008a700000, 0x000000008a700000|100%| E|CS|TAMS 0x000000008a600000, 0x000000008a600000| Complete 
| 167|0x000000008a700000, 0x000000008a800000, 0x000000008a800000|100%| E|CS|TAMS 0x000000008a700000, 0x000000008a700000| Complete 
| 168|0x000000008a800000, 0x000000008a900000, 0x000000008a900000|100%| E|CS|TAMS 0x000000008a800000, 0x000000008a800000| Complete 
| 169|0x000000008a900000, 0x000000008aa00000, 0x000000008aa00000|100%| E|CS|TAMS 0x000000008a900000, 0x000000008a900000| Complete 
| 170|0x000000008aa00000, 0x000000008ab00000, 0x000000008ab00000|100%| E|CS|TAMS 0x000000008aa00000, 0x000000008aa00000| Complete 
| 171|0x000000008ab00000, 0x000000008ac00000, 0x000000008ac00000|100%| E|CS|TAMS 0x000000008ab00000, 0x000000008ab00000| Complete 
| 172|0x000000008ac00000, 0x000000008ad00000, 0x000000008ad00000|100%| E|CS|TAMS 0x000000008ac00000, 0x000000008ac00000| Complete 
| 173|0x000000008ad00000, 0x000000008ae00000, 0x000000008ae00000|100%| E|CS|TAMS 0x000000008ad00000, 0x000000008ad00000| Complete 
| 174|0x000000008ae00000, 0x000000008af00000, 0x000000008af00000|100%| E|CS|TAMS 0x000000008ae00000, 0x000000008ae00000| Complete 
| 175|0x000000008af00000, 0x000000008b000000, 0x000000008b000000|100%| E|CS|TAMS 0x000000008af00000, 0x000000008af00000| Complete 
| 176|0x000000008b000000, 0x000000008b100000, 0x000000008b100000|100%| E|CS|TAMS 0x000000008b000000, 0x000000008b000000| Complete 
| 177|0x000000008b100000, 0x000000008b200000, 0x000000008b200000|100%| E|CS|TAMS 0x000000008b100000, 0x000000008b100000| Complete 
| 178|0x000000008b200000, 0x000000008b300000, 0x000000008b300000|100%| E|CS|TAMS 0x000000008b200000, 0x000000008b200000| Complete 
| 179|0x000000008b300000, 0x000000008b400000, 0x000000008b400000|100%| E|CS|TAMS 0x000000008b300000, 0x000000008b300000| Complete 
| 180|0x000000008b400000, 0x000000008b500000, 0x000000008b500000|100%| E|CS|TAMS 0x000000008b400000, 0x000000008b400000| Complete 
| 181|0x000000008b500000, 0x000000008b600000, 0x000000008b600000|100%| E|CS|TAMS 0x000000008b500000, 0x000000008b500000| Complete 
| 182|0x000000008b600000, 0x000000008b700000, 0x000000008b700000|100%| E|CS|TAMS 0x000000008b600000, 0x000000008b600000| Complete 
| 183|0x000000008b700000, 0x000000008b800000, 0x000000008b800000|100%| E|CS|TAMS 0x000000008b700000, 0x000000008b700000| Complete 
| 184|0x000000008b800000, 0x000000008b900000, 0x000000008b900000|100%| E|CS|TAMS 0x000000008b800000, 0x000000008b800000| Complete 
| 185|0x000000008b900000, 0x000000008ba00000, 0x000000008ba00000|100%| E|CS|TAMS 0x000000008b900000, 0x000000008b900000| Complete 
| 186|0x000000008ba00000, 0x000000008bb00000, 0x000000008bb00000|100%| E|CS|TAMS 0x000000008ba00000, 0x000000008ba00000| Complete 
| 187|0x000000008bb00000, 0x000000008bc00000, 0x000000008bc00000|100%| E|CS|TAMS 0x000000008bb00000, 0x000000008bb00000| Complete 
| 188|0x000000008bc00000, 0x000000008bd00000, 0x000000008bd00000|100%| E|CS|TAMS 0x000000008bc00000, 0x000000008bc00000| Complete 
| 189|0x000000008bd00000, 0x000000008be00000, 0x000000008be00000|100%| E|CS|TAMS 0x000000008bd00000, 0x000000008bd00000| Complete 
| 190|0x000000008be00000, 0x000000008bf00000, 0x000000008bf00000|100%| E|CS|TAMS 0x000000008be00000, 0x000000008be00000| Complete 
| 191|0x000000008bf00000, 0x000000008c000000, 0x000000008c000000|100%| E|CS|TAMS 0x000000008bf00000, 0x000000008bf00000| Complete 
| 192|0x000000008c000000, 0x000000008c100000, 0x000000008c100000|100%| E|CS|TAMS 0x000000008c000000, 0x000000008c000000| Complete 
| 193|0x000000008c100000, 0x000000008c200000, 0x000000008c200000|100%| E|CS|TAMS 0x000000008c100000, 0x000000008c100000| Complete 
| 194|0x000000008c200000, 0x000000008c300000, 0x000000008c300000|100%| E|CS|TAMS 0x000000008c200000, 0x000000008c200000| Complete 
| 195|0x000000008c300000, 0x000000008c400000, 0x000000008c400000|100%| E|CS|TAMS 0x000000008c300000, 0x000000008c300000| Complete 
| 196|0x000000008c400000, 0x000000008c500000, 0x000000008c500000|100%| E|CS|TAMS 0x000000008c400000, 0x000000008c400000| Complete 
| 197|0x000000008c500000, 0x000000008c600000, 0x000000008c600000|100%| E|CS|TAMS 0x000000008c500000, 0x000000008c500000| Complete 
| 198|0x000000008c600000, 0x000000008c700000, 0x000000008c700000|100%| E|CS|TAMS 0x000000008c600000, 0x000000008c600000| Complete 
| 199|0x000000008c700000, 0x000000008c800000, 0x000000008c800000|100%| E|CS|TAMS 0x000000008c700000, 0x000000008c700000| Complete 
| 200|0x000000008c800000, 0x000000008c900000, 0x000000008c900000|100%| E|CS|TAMS 0x000000008c800000, 0x000000008c800000| Complete 
| 201|0x000000008c900000, 0x000000008ca00000, 0x000000008ca00000|100%| E|CS|TAMS 0x000000008c900000, 0x000000008c900000| Complete 
| 202|0x000000008ca00000, 0x000000008cb00000, 0x000000008cb00000|100%| E|CS|TAMS 0x000000008ca00000, 0x000000008ca00000| Complete 
| 203|0x000000008cb00000, 0x000000008cc00000, 0x000000008cc00000|100%| E|CS|TAMS 0x000000008cb00000, 0x000000008cb00000| Complete 
| 204|0x000000008cc00000, 0x000000008cd00000, 0x000000008cd00000|100%| E|CS|TAMS 0x000000008cc00000, 0x000000008cc00000| Complete 
| 205|0x000000008cd00000, 0x000000008ce00000, 0x000000008ce00000|100%| E|CS|TAMS 0x000000008cd00000, 0x000000008cd00000| Complete 
| 206|0x000000008ce00000, 0x000000008cf00000, 0x000000008cf00000|100%| E|CS|TAMS 0x000000008ce00000, 0x000000008ce00000| Complete 
| 207|0x000000008cf00000, 0x000000008d000000, 0x000000008d000000|100%| E|CS|TAMS 0x000000008cf00000, 0x000000008cf00000| Complete 
| 208|0x000000008d000000, 0x000000008d100000, 0x000000008d100000|100%| E|CS|TAMS 0x000000008d000000, 0x000000008d000000| Complete 
| 209|0x000000008d100000, 0x000000008d200000, 0x000000008d200000|100%| E|CS|TAMS 0x000000008d100000, 0x000000008d100000| Complete 
| 210|0x000000008d200000, 0x000000008d300000, 0x000000008d300000|100%| E|CS|TAMS 0x000000008d200000, 0x000000008d200000| Complete 
| 211|0x000000008d300000, 0x000000008d400000, 0x000000008d400000|100%| E|CS|TAMS 0x000000008d300000, 0x000000008d300000| Complete 
| 212|0x000000008d400000, 0x000000008d500000, 0x000000008d500000|100%| E|CS|TAMS 0x000000008d400000, 0x000000008d400000| Complete 
| 213|0x000000008d500000, 0x000000008d600000, 0x000000008d600000|100%| E|CS|TAMS 0x000000008d500000, 0x000000008d500000| Complete 
| 214|0x000000008d600000, 0x000000008d700000, 0x000000008d700000|100%| E|CS|TAMS 0x000000008d600000, 0x000000008d600000| Complete 
| 215|0x000000008d700000, 0x000000008d800000, 0x000000008d800000|100%| E|CS|TAMS 0x000000008d700000, 0x000000008d700000| Complete 
| 216|0x000000008d800000, 0x000000008d900000, 0x000000008d900000|100%| E|CS|TAMS 0x000000008d800000, 0x000000008d800000| Complete 
| 217|0x000000008d900000, 0x000000008da00000, 0x000000008da00000|100%| E|CS|TAMS 0x000000008d900000, 0x000000008d900000| Complete 
| 218|0x000000008da00000, 0x000000008db00000, 0x000000008db00000|100%| E|CS|TAMS 0x000000008da00000, 0x000000008da00000| Complete 
| 219|0x000000008db00000, 0x000000008dc00000, 0x000000008dc00000|100%| E|CS|TAMS 0x000000008db00000, 0x000000008db00000| Complete 
| 220|0x000000008dc00000, 0x000000008dd00000, 0x000000008dd00000|100%| E|CS|TAMS 0x000000008dc00000, 0x000000008dc00000| Complete 
| 221|0x000000008dd00000, 0x000000008de00000, 0x000000008de00000|100%| E|CS|TAMS 0x000000008dd00000, 0x000000008dd00000| Complete 
| 222|0x000000008de00000, 0x000000008df00000, 0x000000008df00000|100%| E|CS|TAMS 0x000000008de00000, 0x000000008de00000| Complete 
| 245|0x000000008f500000, 0x000000008f600000, 0x000000008f600000|100%| E|CS|TAMS 0x000000008f500000, 0x000000008f500000| Complete 

Card table byte_map: [0x000001c45c070000,0x000001c45c470000] _byte_map_base: 0x000001c45bc70000

Marking Bits (Prev, Next): (CMBitMap*) 0x000001c444c4bd60, (CMBitMap*) 0x000001c444c4bda0
 Prev Bits: [0x000001c45c870000, 0x000001c45e870000)
 Next Bits: [0x000001c45e870000, 0x000001c460870000)

Polling page: 0x000001c442a20000

Metaspace:

Usage:
  Non-class:     58.34 MB used.
      Class:      9.69 MB used.
       Both:     68.03 MB used.

Virtual space:
  Non-class space:       64.00 MB reserved,      58.75 MB ( 92%) committed,  1 nodes.
      Class space:      416.00 MB reserved,      10.12 MB (  2%) committed,  1 nodes.
             Both:      480.00 MB reserved,      68.88 MB ( 14%) committed. 

Chunk freelists:
   Non-Class:  5.28 MB
       Class:  5.85 MB
        Both:  11.13 MB

MaxMetaspaceSize: 512.00 MB
CompressedClassSpaceSize: 416.00 MB
Initial GC threshold: 21.00 MB
Current GC threshold: 105.94 MB
CDS: on
MetaspaceReclaimPolicy: balanced
 - commit_granule_bytes: 65536.
 - commit_granule_words: 8192.
 - virtual_space_node_default_size: 8388608.
 - enlarge_chunks_in_place: 1.
 - new_chunks_are_fully_committed: 0.
 - uncommit_free_chunks: 1.
 - use_allocation_guard: 0.
 - handle_deallocations: 1.


Internal statistics:

num_allocs_failed_limit: 6.
num_arena_births: 1094.
num_arena_deaths: 0.
num_vsnodes_births: 2.
num_vsnodes_deaths: 0.
num_space_committed: 1102.
num_space_uncommitted: 0.
num_chunks_returned_to_freelist: 6.
num_chunks_taken_from_freelist: 4198.
num_chunk_merges: 6.
num_chunk_splits: 2652.
num_chunks_enlarged: 1629.
num_inconsistent_stats: 0.

CodeHeap 'non-profiled nmethods': size=120000Kb used=5167Kb max_used=5167Kb free=114832Kb
 bounds [0x000001c4541e0000, 0x000001c4546f0000, 0x000001c45b710000]
CodeHeap 'profiled nmethods': size=120000Kb used=15827Kb max_used=15827Kb free=104172Kb
 bounds [0x000001c44c710000, 0x000001c44d690000, 0x000001c453c40000]
CodeHeap 'non-nmethods': size=5760Kb used=2379Kb max_used=2438Kb free=3380Kb
 bounds [0x000001c453c40000, 0x000001c453eb0000, 0x000001c4541e0000]
 total_blobs=9090 nmethods=8185 adapters=817
 compilation: enabled
              stopped_count=0, restarted_count=0
 full_count=0

Compilation events (20 events):
Event: 14.274 Thread 0x000001c463579ef0 8963       3       org.gradle.api.internal.file.AbstractFileResolver::resolve (9 bytes)
Event: 14.275 Thread 0x000001c404963910 nmethod 8902 0x000001c4546e4210 code [0x000001c4546e4560, 0x000001c4546e7058]
Event: 14.275 Thread 0x000001c463579ef0 nmethod 8963 0x000001c44d677d10 code [0x000001c44d677ee0, 0x000001c44d678288]
Event: 14.275 Thread 0x000001c463579ef0 8964       3       org.gradle.api.DefaultTask::getState (5 bytes)
Event: 14.276 Thread 0x000001c463579ef0 nmethod 8964 0x000001c44d678410 code [0x000001c44d6785a0, 0x000001c44d6786b8]
Event: 14.281 Thread 0x000001c408355910 nmethod 8954% 0x000001c4546e8890 code [0x000001c4546e8a40, 0x000001c4546e9418]
Event: 14.282 Thread 0x000001c463579ef0 8965       3       org.gradle.internal.execution.DefaultWorkExecutionTracker$OperationListener::isTransformAction (11 bytes)
Event: 14.282 Thread 0x000001c463579ef0 nmethod 8965 0x000001c44d678790 code [0x000001c44d678940, 0x000001c44d678b18]
Event: 14.289 Thread 0x000001c463579ef0 8969       3       java.util.concurrent.ThreadPoolExecutor::runStateAtLeast (11 bytes)
Event: 14.289 Thread 0x000001c463579ef0 nmethod 8969 0x000001c44d678c10 code [0x000001c44d678da0, 0x000001c44d678ed8]
Event: 14.293 Thread 0x000001c463579ef0 8970       3       java.util.TreeSet::isEmpty (10 bytes)
Event: 14.294 Thread 0x000001c463579ef0 nmethod 8970 0x000001c44d678f90 code [0x000001c44d679140, 0x000001c44d679308]
Event: 14.294 Thread 0x000001c463579ef0 8971       3       org.gradle.internal.resources.AbstractTrackedResourceLock::isLockedByCurrentThread (9 bytes)
Event: 14.294 Thread 0x000001c463579ef0 nmethod 8971 0x000001c44d679410 code [0x000001c44d6795e0, 0x000001c44d6799a8]
Event: 14.300 Thread 0x000001c463579ef0 8972       3       org.gradle.api.internal.project.DefaultProject::getServices (9 bytes)
Event: 14.300 Thread 0x000001c463579ef0 nmethod 8972 0x000001c44d679b90 code [0x000001c44d679d60, 0x000001c44d67a068]
Event: 14.348 Thread 0x000001c463579ef0 8973       1       java.lang.Module::getName (5 bytes)
Event: 14.348 Thread 0x000001c463579ef0 nmethod 8973 0x000001c4546ea410 code [0x000001c4546ea5a0, 0x000001c4546ea678]
Event: 14.892 Thread 0x000001c463579ef0 8974       1       javax.management.ObjectName::getCanonicalName (5 bytes)
Event: 14.892 Thread 0x000001c463579ef0 nmethod 8974 0x000001c4546ea710 code [0x000001c4546ea8a0, 0x000001c4546ea978]

GC Heap History (20 events):
Event: 9.593 GC heap before
{Heap before GC invocations=19 (full 0):
 garbage-first heap   total 107520K, used 59970K [0x0000000080000000, 0x0000000100000000)
  region size 1024K, 6 young (6144K), 5 survivors (5120K)
 Metaspace       used 56067K, committed 56832K, reserved 491520K
  class space    used 7885K, committed 8256K, reserved 425984K
}
Event: 9.596 GC heap after
{Heap after GC invocations=20 (full 0):
 garbage-first heap   total 107520K, used 58985K [0x0000000080000000, 0x0000000100000000)
  region size 1024K, 1 young (1024K), 1 survivors (1024K)
 Metaspace       used 56067K, committed 56832K, reserved 491520K
  class space    used 7885K, committed 8256K, reserved 425984K
}
Event: 9.973 GC heap before
{Heap before GC invocations=20 (full 0):
 garbage-first heap   total 107520K, used 85609K [0x0000000080000000, 0x0000000100000000)
  region size 1024K, 27 young (27648K), 1 survivors (1024K)
 Metaspace       used 57898K, committed 58624K, reserved 491520K
  class space    used 8148K, committed 8512K, reserved 425984K
}
Event: 9.975 GC heap after
{Heap after GC invocations=21 (full 0):
 garbage-first heap   total 107520K, used 59582K [0x0000000080000000, 0x0000000100000000)
  region size 1024K, 2 young (2048K), 2 survivors (2048K)
 Metaspace       used 57898K, committed 58624K, reserved 491520K
  class space    used 8148K, committed 8512K, reserved 425984K
}
Event: 10.336 GC heap before
{Heap before GC invocations=22 (full 0):
 garbage-first heap   total 107520K, used 86206K [0x0000000080000000, 0x0000000100000000)
  region size 1024K, 29 young (29696K), 2 survivors (2048K)
 Metaspace       used 60129K, committed 60864K, reserved 491520K
  class space    used 8476K, committed 8832K, reserved 425984K
}
Event: 10.339 GC heap after
{Heap after GC invocations=23 (full 0):
 garbage-first heap   total 107520K, used 60262K [0x0000000080000000, 0x0000000100000000)
  region size 1024K, 2 young (2048K), 2 survivors (2048K)
 Metaspace       used 60129K, committed 60864K, reserved 491520K
  class space    used 8476K, committed 8832K, reserved 425984K
}
Event: 10.400 GC heap before
{Heap before GC invocations=23 (full 0):
 garbage-first heap   total 107520K, used 63334K [0x0000000080000000, 0x0000000100000000)
  region size 1024K, 5 young (5120K), 2 survivors (2048K)
 Metaspace       used 60387K, committed 61056K, reserved 491520K
  class space    used 8514K, committed 8832K, reserved 425984K
}
Event: 10.403 GC heap after
{Heap after GC invocations=24 (full 0):
 garbage-first heap   total 107520K, used 60059K [0x0000000080000000, 0x0000000100000000)
  region size 1024K, 1 young (1024K), 1 survivors (1024K)
 Metaspace       used 60387K, committed 61056K, reserved 491520K
  class space    used 8514K, committed 8832K, reserved 425984K
}
Event: 10.687 GC heap before
{Heap before GC invocations=24 (full 0):
 garbage-first heap   total 107520K, used 78491K [0x0000000080000000, 0x0000000100000000)
  region size 1024K, 20 young (20480K), 1 survivors (1024K)
 Metaspace       used 61691K, committed 62400K, reserved 491520K
  class space    used 8754K, committed 9088K, reserved 425984K
}
Event: 10.690 GC heap after
{Heap after GC invocations=25 (full 0):
 garbage-first heap   total 107520K, used 60492K [0x0000000080000000, 0x0000000100000000)
  region size 1024K, 1 young (1024K), 1 survivors (1024K)
 Metaspace       used 61691K, committed 62400K, reserved 491520K
  class space    used 8754K, committed 9088K, reserved 425984K
}
Event: 11.148 GC heap before
{Heap before GC invocations=26 (full 0):
 garbage-first heap   total 111616K, used 92236K [0x0000000080000000, 0x0000000100000000)
  region size 1024K, 29 young (29696K), 1 survivors (1024K)
 Metaspace       used 63115K, committed 63744K, reserved 491520K
  class space    used 8966K, committed 9280K, reserved 425984K
}
Event: 11.151 GC heap after
{Heap after GC invocations=27 (full 0):
 garbage-first heap   total 111616K, used 64787K [0x0000000080000000, 0x0000000100000000)
  region size 1024K, 2 young (2048K), 2 survivors (2048K)
 Metaspace       used 63115K, committed 63744K, reserved 491520K
  class space    used 8966K, committed 9280K, reserved 425984K
}
Event: 11.191 GC heap before
{Heap before GC invocations=27 (full 0):
 garbage-first heap   total 111616K, used 67859K [0x0000000080000000, 0x0000000100000000)
  region size 1024K, 5 young (5120K), 2 survivors (2048K)
 Metaspace       used 63295K, committed 64064K, reserved 491520K
  class space    used 8999K, committed 9344K, reserved 425984K
}
Event: 11.194 GC heap after
{Heap after GC invocations=28 (full 0):
 garbage-first heap   total 111616K, used 64622K [0x0000000080000000, 0x0000000100000000)
  region size 1024K, 1 young (1024K), 1 survivors (1024K)
 Metaspace       used 63295K, committed 64064K, reserved 491520K
  class space    used 8999K, committed 9344K, reserved 425984K
}
Event: 11.563 GC heap before
{Heap before GC invocations=28 (full 0):
 garbage-first heap   total 111616K, used 92270K [0x0000000080000000, 0x0000000100000000)
  region size 1024K, 29 young (29696K), 1 survivors (1024K)
 Metaspace       used 64232K, committed 64960K, reserved 491520K
  class space    used 9131K, committed 9472K, reserved 425984K
}
Event: 11.566 GC heap after
{Heap after GC invocations=29 (full 0):
 garbage-first heap   total 111616K, used 67689K [0x0000000080000000, 0x0000000100000000)
  region size 1024K, 4 young (4096K), 4 survivors (4096K)
 Metaspace       used 64232K, committed 64960K, reserved 491520K
  class space    used 9131K, committed 9472K, reserved 425984K
}
Event: 11.941 GC heap before
{Heap before GC invocations=30 (full 0):
 garbage-first heap   total 119808K, used 92265K [0x0000000080000000, 0x0000000100000000)
  region size 1024K, 28 young (28672K), 4 survivors (4096K)
 Metaspace       used 64796K, committed 65536K, reserved 491520K
  class space    used 9183K, committed 9536K, reserved 425984K
}
Event: 11.945 GC heap after
{Heap after GC invocations=31 (full 0):
 garbage-first heap   total 119808K, used 69018K [0x0000000080000000, 0x0000000100000000)
  region size 1024K, 4 young (4096K), 4 survivors (4096K)
 Metaspace       used 64796K, committed 65536K, reserved 491520K
  class space    used 9183K, committed 9536K, reserved 425984K
}
Event: 11.949 GC heap before
{Heap before GC invocations=31 (full 0):
 garbage-first heap   total 119808K, used 70042K [0x0000000080000000, 0x0000000100000000)
  region size 1024K, 5 young (5120K), 4 survivors (4096K)
 Metaspace       used 64796K, committed 65536K, reserved 491520K
  class space    used 9183K, committed 9536K, reserved 425984K
}
Event: 11.953 GC heap after
{Heap after GC invocations=32 (full 0):
 garbage-first heap   total 229376K, used 68316K [0x0000000080000000, 0x0000000100000000)
  region size 1024K, 1 young (1024K), 1 survivors (1024K)
 Metaspace       used 64796K, committed 65536K, reserved 491520K
  class space    used 9183K, committed 9536K, reserved 425984K
}

Dll operation events (15 events):
Event: 0.014 Loaded shared library C:\Program Files\Microsoft\jdk-17.0.14.7-hotspot\bin\java.dll
Event: 0.040 Loaded shared library C:\Program Files\Microsoft\jdk-17.0.14.7-hotspot\bin\jsvml.dll
Event: 0.107 Loaded shared library C:\Program Files\Microsoft\jdk-17.0.14.7-hotspot\bin\zip.dll
Event: 0.110 Loaded shared library C:\Program Files\Microsoft\jdk-17.0.14.7-hotspot\bin\instrument.dll
Event: 0.116 Loaded shared library C:\Program Files\Microsoft\jdk-17.0.14.7-hotspot\bin\net.dll
Event: 0.119 Loaded shared library C:\Program Files\Microsoft\jdk-17.0.14.7-hotspot\bin\nio.dll
Event: 0.122 Loaded shared library C:\Program Files\Microsoft\jdk-17.0.14.7-hotspot\bin\zip.dll
Event: 0.373 Loaded shared library C:\Program Files\Microsoft\jdk-17.0.14.7-hotspot\bin\jimage.dll
Event: 0.550 Loaded shared library C:\Program Files\Microsoft\jdk-17.0.14.7-hotspot\bin\verify.dll
Event: 0.727 Loaded shared library C:\Users\Technyx\.gradle\native\c067742578af261105cb4f569cf0c3c89f3d7b1fecec35dd04571415982c5e48\windows-amd64\native-platform.dll
Event: 0.732 Loaded shared library C:\Users\Technyx\.gradle\native\100fb08df4bc3b14c8652ba06237920a3bd2aa13389f12d3474272988ae205f9\windows-amd64\native-platform-file-events.dll
Event: 1.859 Loaded shared library C:\Program Files\Microsoft\jdk-17.0.14.7-hotspot\bin\management.dll
Event: 1.861 Loaded shared library C:\Program Files\Microsoft\jdk-17.0.14.7-hotspot\bin\management_ext.dll
Event: 2.057 Loaded shared library C:\Program Files\Microsoft\jdk-17.0.14.7-hotspot\bin\extnet.dll
Event: 2.291 Loaded shared library C:\Program Files\Microsoft\jdk-17.0.14.7-hotspot\bin\sunmscapi.dll

Deoptimization events (20 events):
Event: 14.164 Thread 0x000001c463683b10 Uncommon trap: trap_request=0xffffff76 fr.pc=0x000001c4546dae24 relative=0x0000000000000084
Event: 14.164 Thread 0x000001c463683b10 Uncommon trap: reason=predicate action=maybe_recompile pc=0x000001c4546dae24 method=java.util.TimSort.binarySort([Ljava/lang/Object;IIILjava/util/Comparator;)V @ 34 c2
Event: 14.164 Thread 0x000001c463683b10 DEOPT PACKING pc=0x000001c4546dae24 sp=0x0000006a1eaf6de0
Event: 14.164 Thread 0x000001c463683b10 DEOPT UNPACKING pc=0x000001c453c969a3 sp=0x0000006a1eaf6d90 mode 2
Event: 14.200 Thread 0x000001c463683b10 Uncommon trap: trap_request=0xffffffc6 fr.pc=0x000001c454475a28 relative=0x0000000000000188
Event: 14.200 Thread 0x000001c463683b10 Uncommon trap: reason=bimorphic_or_optimized_type_check action=maybe_recompile pc=0x000001c454475a28 method=java.util.stream.StreamOpFlag.fromCharacteristics(Ljava/util/Spliterator;)I @ 14 c2
Event: 14.200 Thread 0x000001c463683b10 DEOPT PACKING pc=0x000001c454475a28 sp=0x0000006a1eaf62a0
Event: 14.200 Thread 0x000001c463683b10 DEOPT UNPACKING pc=0x000001c453c969a3 sp=0x0000006a1eaf6188 mode 2
Event: 14.293 Thread 0x000001c46375d770 Uncommon trap: trap_request=0xffffff45 fr.pc=0x000001c4543b16d0 relative=0x0000000000000610
Event: 14.293 Thread 0x000001c46375d770 Uncommon trap: reason=unstable_if action=reinterpret pc=0x000001c4543b16d0 method=java.util.HashMap$HashIterator.<init>(Ljava/util/HashMap;)V @ 45 c2
Event: 14.293 Thread 0x000001c46375d770 DEOPT PACKING pc=0x000001c4543b16d0 sp=0x0000006a246fed90
Event: 14.293 Thread 0x000001c46375d770 DEOPT UNPACKING pc=0x000001c453c969a3 sp=0x0000006a246fec20 mode 2
Event: 14.293 Thread 0x000001c46375d260 Uncommon trap: trap_request=0xffffff45 fr.pc=0x000001c4543225f0 relative=0x0000000000000350
Event: 14.294 Thread 0x000001c46375d260 Uncommon trap: reason=unstable_if action=reinterpret pc=0x000001c4543225f0 method=java.util.HashMap$HashIterator.<init>(Ljava/util/HashMap;)V @ 45 c2
Event: 14.294 Thread 0x000001c46375d260 DEOPT PACKING pc=0x000001c4543225f0 sp=0x0000006a247feaf0
Event: 14.294 Thread 0x000001c46375d260 DEOPT UNPACKING pc=0x000001c453c969a3 sp=0x0000006a247feaa8 mode 2
Event: 14.317 Thread 0x000001c46375cd50 Uncommon trap: trap_request=0xffffffc6 fr.pc=0x000001c45426d72c relative=0x000000000000008c
Event: 14.317 Thread 0x000001c46375cd50 Uncommon trap: reason=bimorphic_or_optimized_type_check action=maybe_recompile pc=0x000001c45426d72c method=java.util.Collections$SetFromMap.remove(Ljava/lang/Object;)Z @ 5 c2
Event: 14.317 Thread 0x000001c46375cd50 DEOPT PACKING pc=0x000001c45426d72c sp=0x0000006a242feb10
Event: 14.317 Thread 0x000001c46375cd50 DEOPT UNPACKING pc=0x000001c453c969a3 sp=0x0000006a242feaa8 mode 2

Classes loaded (20 events):
Event: 12.800 Loading class java/text/CharacterIterator
Event: 12.800 Loading class java/text/CharacterIterator done
Event: 12.825 Loading class jdk/internal/reflect/UnsafeObjectFieldAccessorImpl
Event: 12.826 Loading class jdk/internal/reflect/UnsafeObjectFieldAccessorImpl done
Event: 12.868 Loading class java/util/stream/ReferencePipeline$15
Event: 12.868 Loading class java/util/stream/ReferencePipeline$15 done
Event: 12.871 Loading class java/util/stream/ReferencePipeline$15$1
Event: 12.871 Loading class java/util/stream/ReferencePipeline$15$1 done
Event: 12.906 Loading class java/lang/ProcessImpl
Event: 12.906 Loading class java/lang/ProcessImpl done
Event: 12.915 Loading class java/lang/ProcessHandleImpl
Event: 12.916 Loading class java/lang/ProcessHandleImpl done
Event: 12.917 Loading class java/lang/ProcessImpl$2
Event: 12.918 Loading class java/lang/ProcessImpl$2 done
Event: 12.918 Loading class java/lang/Process$PipeInputStream
Event: 12.918 Loading class java/lang/Process$PipeInputStream done
Event: 12.919 Loading class jdk/internal/event/ProcessStartEvent
Event: 12.919 Loading class jdk/internal/event/ProcessStartEvent done
Event: 14.138 Loading class sun/reflect/annotation/AnnotationInvocationHandler$1
Event: 14.139 Loading class sun/reflect/annotation/AnnotationInvocationHandler$1 done

Classes unloaded (0 events):
No events

Classes redefined (0 events):
No events

Internal exceptions (20 events):
Event: 12.818 Thread 0x000001c463683b10 Exception <a 'java/lang/ClassNotFoundException'{0x000000008b1440c8}: groovy/util/BuilderSupportBeanInfo> (0x000000008b1440c8) 
thrown [s\src\hotspot\share\classfile\systemDictionary.cpp, line 256]
Event: 12.819 Thread 0x000001c463683b10 Exception <a 'java/lang/ClassNotFoundException'{0x000000008b187fc0}: groovy/util/BuilderSupportCustomizer> (0x000000008b187fc0) 
thrown [s\src\hotspot\share\classfile\systemDictionary.cpp, line 256]
Event: 12.820 Thread 0x000001c463683b10 Exception <a 'java/lang/ClassNotFoundException'{0x000000008b199e60}: groovy/ant/AntBuilderCustomizer> (0x000000008b199e60) 
thrown [s\src\hotspot\share\classfile\systemDictionary.cpp, line 256]
Event: 12.820 Thread 0x000001c463683b10 Exception <a 'java/lang/ClassNotFoundException'{0x000000008b1ac890}: org/gradle/api/AntBuilderCustomizer> (0x000000008b1ac890) 
thrown [s\src\hotspot\share\classfile\systemDictionary.cpp, line 256]
Event: 12.821 Thread 0x000001c463683b10 Exception <a 'java/lang/ClassNotFoundException'{0x000000008b1c5ff0}: org/gradle/api/internal/project/ant/BasicAntBuilderCustomizer> (0x000000008b1c5ff0) 
thrown [s\src\hotspot\share\classfile\systemDictionary.cpp, line 256]
Event: 12.822 Thread 0x000001c463683b10 Exception <a 'java/lang/ClassNotFoundException'{0x000000008b1e6f28}: org/gradle/api/internal/project/DefaultAntBuilderCustomizer> (0x000000008b1e6f28) 
thrown [s\src\hotspot\share\classfile\systemDictionary.cpp, line 256]
Event: 12.859 Thread 0x000001c463683b10 Exception <a 'java/lang/NoSuchMethodError'{0x000000008ae055b8}: 'java.lang.Object java.lang.invoke.DirectMethodHandle$Holder.newInvokeSpecial(java.lang.Object, java.lang.Object, java.lang.Object, java.lang.Object, java.lang.Object, java.lang.Object, int)'> (0x000000008ae055b8) 
thrown [s\src\hotspot\share\interpreter\linkResolver.cpp, line 759]
Event: 12.860 Thread 0x000001c463683b10 Exception <a 'java/lang/NoSuchMethodError'{0x000000008ae0b510}: 'java.lang.Object java.lang.invoke.DirectMethodHandle$Holder.invokeSpecial(java.lang.Object, java.lang.Object, java.lang.Object, java.lang.Object, java.lang.Object, java.lang.Object, java.lang.Object, int)'> (0x000000008ae0b510) 
thrown [s\src\hotspot\share\interpreter\linkResolver.cpp, line 759]
Event: 12.860 Thread 0x000001c463683b10 Exception <a 'java/lang/NoSuchMethodError'{0x000000008ae10e38}: 'java.lang.Object java.lang.invoke.Invokers$Holder.linkToTargetMethod(java.lang.Object, java.lang.Object, java.lang.Object, java.lang.Object, java.lang.Object, int, java.lang.Object)'> (0x000000008ae10e38) 
thrown [s\src\hotspot\share\interpreter\linkResolver.cpp, line 759]
Event: 12.867 Thread 0x000001c463683b10 Implicit null exception at 0x000001c454631ac6 to 0x000001c454632b8c
Event: 12.867 Thread 0x000001c463683b10 Implicit null exception at 0x000001c45467a6dd to 0x000001c45467ae98
Event: 12.872 Thread 0x000001c409b8f490 Implicit null exception at 0x000001c454477add to 0x000001c454477b78
Event: 12.872 Thread 0x000001c409b8f490 Implicit null exception at 0x000001c4545ead1e to 0x000001c4545eb4ac
Event: 12.915 Thread 0x000001c409b908d0 Exception <a 'java/lang/NoSuchMethodError'{0x000000008aafe1f8}: 'void java.lang.invoke.DirectMethodHandle$Holder.invokeStatic(java.lang.Object, long)'> (0x000000008aafe1f8) 
thrown [s\src\hotspot\share\interpreter\linkResolver.cpp, line 759]
Event: 12.917 Thread 0x000001c409b908d0 Exception <a 'java/lang/NoSuchMethodError'{0x000000008a9092d8}: 'java.lang.Object java.lang.invoke.DirectMethodHandle$Holder.invokeStatic(java.lang.Object, java.lang.Object, long, java.lang.Object)'> (0x000000008a9092d8) 
thrown [s\src\hotspot\share\interpreter\linkResolver.cpp, line 759]
Event: 12.917 Thread 0x000001c409b908d0 Exception <a 'java/lang/NoSuchMethodError'{0x000000008a90cab0}: 'java.lang.Object java.lang.invoke.DirectMethodHandle$Holder.invokeStaticInit(java.lang.Object, java.lang.Object, long, java.lang.Object)'> (0x000000008a90cab0) 
thrown [s\src\hotspot\share\interpreter\linkResolver.cpp, line 759]
Event: 14.082 Thread 0x000001c409b908d0 Exception <a 'java/lang/NoSuchMethodError'{0x000000008a91fd78}: 'void java.lang.invoke.DirectMethodHandle$Holder.invokeSpecial(java.lang.Object, java.lang.Object, int)'> (0x000000008a91fd78) 
thrown [s\src\hotspot\share\interpreter\linkResolver.cpp, line 759]
Event: 14.126 Thread 0x000001c463683b10 Exception <a 'java/lang/NoSuchMethodError'{0x000000008a7d9e68}: 'int java.lang.invoke.DirectMethodHandle$Holder.invokeSpecialIFC(java.lang.Object, java.lang.Object, java.lang.Object, java.lang.Object, java.lang.Object)'> (0x000000008a7d9e68) 
thrown [s\src\hotspot\share\interpreter\linkResolver.cpp, line 759]
Event: 14.220 Thread 0x000001c463683b10 Exception <a 'java/lang/IncompatibleClassChangeError'{0x000000008a1c19c8}: Found class java.lang.Object, but interface was expected> (0x000000008a1c19c8) 
thrown [s\src\hotspot\share\interpreter\linkResolver.cpp, line 826]
Event: 14.286 Thread 0x000001c46375be20 Exception <a 'java/lang/NoSuchMethodError'{0x0000000089ec50a0}: 'java.lang.Object java.lang.invoke.DirectMethodHandle$Holder.newInvokeSpecial(java.lang.Object, java.lang.Object, int, java.lang.Object, java.lang.Object)'> (0x0000000089ec50a0) 
thrown [s\src\hotspot\share\interpreter\linkResolver.cpp, line 759]

VM Operations (20 events):
Event: 11.811 Executing VM operation: ICBufferFull
Event: 11.811 Executing VM operation: ICBufferFull done
Event: 11.941 Executing VM operation: G1CollectForAllocation
Event: 11.945 Executing VM operation: G1CollectForAllocation done
Event: 11.949 Executing VM operation: G1CollectForAllocation
Event: 11.953 Executing VM operation: G1CollectForAllocation done
Event: 12.284 Executing VM operation: HandshakeAllThreads
Event: 12.284 Executing VM operation: HandshakeAllThreads done
Event: 12.441 Executing VM operation: ICBufferFull
Event: 12.441 Executing VM operation: ICBufferFull done
Event: 12.919 Executing VM operation: HandshakeAllThreads
Event: 12.919 Executing VM operation: HandshakeAllThreads done
Event: 13.919 Executing VM operation: Cleanup
Event: 13.919 Executing VM operation: Cleanup done
Event: 14.108 Executing VM operation: HandshakeAllThreads
Event: 14.108 Executing VM operation: HandshakeAllThreads done
Event: 14.274 Executing VM operation: ICBufferFull
Event: 14.275 Executing VM operation: ICBufferFull done
Event: 15.280 Executing VM operation: Cleanup
Event: 15.281 Executing VM operation: Cleanup done

Memory protections (0 events):
No events

Nmethod flushes (20 events):
Event: 6.872 Thread 0x000001c46358a810 flushing  nmethod 0x000001c44ce92090
Event: 6.872 Thread 0x000001c46358a810 flushing  nmethod 0x000001c44ce96610
Event: 6.872 Thread 0x000001c46358a810 flushing  nmethod 0x000001c44ce97310
Event: 6.872 Thread 0x000001c46358a810 flushing  nmethod 0x000001c44ce97b10
Event: 6.872 Thread 0x000001c46358a810 flushing  nmethod 0x000001c44ce98090
Event: 6.872 Thread 0x000001c46358a810 flushing  nmethod 0x000001c44ce98710
Event: 6.873 Thread 0x000001c46358a810 flushing  nmethod 0x000001c44cebd110
Event: 6.873 Thread 0x000001c46358a810 flushing  nmethod 0x000001c44cebdc90
Event: 6.873 Thread 0x000001c46358a810 flushing  nmethod 0x000001c44cebe090
Event: 6.873 Thread 0x000001c46358a810 flushing  nmethod 0x000001c44cebe890
Event: 6.873 Thread 0x000001c46358a810 flushing  nmethod 0x000001c44cebfa10
Event: 6.873 Thread 0x000001c46358a810 flushing  nmethod 0x000001c44cebff90
Event: 6.873 Thread 0x000001c46358a810 flushing  nmethod 0x000001c44ced1a90
Event: 6.873 Thread 0x000001c46358a810 flushing  nmethod 0x000001c44cee5990
Event: 6.873 Thread 0x000001c46358a810 flushing  nmethod 0x000001c44cf0b010
Event: 6.873 Thread 0x000001c46358a810 flushing  nmethod 0x000001c44cf2be90
Event: 6.873 Thread 0x000001c46358a810 flushing  nmethod 0x000001c44cf54110
Event: 6.873 Thread 0x000001c46358a810 flushing  nmethod 0x000001c44cfbbc90
Event: 6.873 Thread 0x000001c46358a810 flushing  nmethod 0x000001c44d01e210
Event: 11.374 Thread 0x000001c46358a810 flushing  nmethod 0x000001c44cd72090

Events (20 events):
Event: 12.920 Thread 0x000001c409b908d0 Thread added: 0x000001c46375a9e0
Event: 12.920 Thread 0x000001c409b908d0 Thread added: 0x000001c46375c840
Event: 14.081 Thread 0x000001c406c45790 Thread exited: 0x000001c406c45790
Event: 14.081 Thread 0x000001c4636d4a50 Thread exited: 0x000001c4636d4a50
Event: 14.140 Thread 0x000001c463579ef0 Thread added: 0x000001c404963910
Event: 14.253 Thread 0x000001c463579ef0 Thread added: 0x000001c408355910
Event: 14.279 Thread 0x000001c463683b10 Thread added: 0x000001c46375be20
Event: 14.289 Thread 0x000001c46375be20 Thread added: 0x000001c46375b400
Event: 14.289 Thread 0x000001c46375be20 Thread added: 0x000001c463759ab0
Event: 14.289 Thread 0x000001c46375be20 Thread added: 0x000001c46375aef0
Event: 14.289 Thread 0x000001c46375be20 Thread added: 0x000001c463759fc0
Event: 14.289 Thread 0x000001c46375be20 Thread added: 0x000001c463759090
Event: 14.289 Thread 0x000001c46375be20 Thread added: 0x000001c46375cd50
Event: 14.289 Thread 0x000001c46375be20 Thread added: 0x000001c4637595a0
Event: 14.289 Thread 0x000001c46375be20 Thread added: 0x000001c46375b910
Event: 14.289 Thread 0x000001c46375be20 Thread added: 0x000001c46375a4d0
Event: 14.290 Thread 0x000001c46375be20 Thread added: 0x000001c46375d770
Event: 14.290 Thread 0x000001c46375be20 Thread added: 0x000001c46375d260
Event: 14.331 Thread 0x000001c46375be20 Thread added: 0x000001c46375dc80
Event: 14.892 Thread 0x000001c408355910 Thread exited: 0x000001c408355910


Dynamic libraries:
0x00007ff62d340000 - 0x00007ff62d34e000 	C:\Program Files\Microsoft\jdk-17.0.14.7-hotspot\bin\java.exe
0x00007ffc14a20000 - 0x00007ffc14c88000 	C:\WINDOWS\SYSTEM32\ntdll.dll
0x00007ffc140f0000 - 0x00007ffc141b9000 	C:\WINDOWS\System32\KERNEL32.DLL
0x00007ffc123f0000 - 0x00007ffc127e2000 	C:\WINDOWS\System32\KERNELBASE.dll
0x00007ffc0c910000 - 0x00007ffc0c9af000 	C:\WINDOWS\SYSTEM32\apphelp.dll
0x00007ffc120a0000 - 0x00007ffc121eb000 	C:\WINDOWS\System32\ucrtbase.dll
0x00007ffbf1b40000 - 0x00007ffbf1b57000 	C:\Program Files\Microsoft\jdk-17.0.14.7-hotspot\bin\jli.dll
0x00007ffbedcc0000 - 0x00007ffbedcdd000 	C:\Program Files\Microsoft\jdk-17.0.14.7-hotspot\bin\VCRUNTIME140.dll
0x00007ffc13710000 - 0x00007ffc138d5000 	C:\WINDOWS\System32\USER32.dll
0x00007ffc11c50000 - 0x00007ffc11c77000 	C:\WINDOWS\System32\win32u.dll
0x00007ffc00370000 - 0x00007ffc00603000 	C:\WINDOWS\WinSxS\amd64_microsoft.windows.common-controls_6595b64144ccf1df_6.0.26100.6725_none_3e085828e334708b\COMCTL32.dll
0x00007ffc14630000 - 0x00007ffc1465b000 	C:\WINDOWS\System32\GDI32.dll
0x00007ffc12e70000 - 0x00007ffc12f19000 	C:\WINDOWS\System32\msvcrt.dll
0x00007ffc11c80000 - 0x00007ffc11dad000 	C:\WINDOWS\System32\gdi32full.dll
0x00007ffc11ff0000 - 0x00007ffc12093000 	C:\WINDOWS\System32\msvcp_win.dll
0x00007ffc14300000 - 0x00007ffc1432f000 	C:\WINDOWS\System32\IMM32.DLL
0x00007ffbf2070000 - 0x00007ffbf207c000 	C:\Program Files\Microsoft\jdk-17.0.14.7-hotspot\bin\vcruntime140_1.dll
0x00007ffbedc30000 - 0x00007ffbedcbd000 	C:\Program Files\Microsoft\jdk-17.0.14.7-hotspot\bin\msvcp140.dll
0x00007ffb5ce30000 - 0x00007ffb5daa2000 	C:\Program Files\Microsoft\jdk-17.0.14.7-hotspot\bin\server\jvm.dll
0x00007ffc14350000 - 0x00007ffc14404000 	C:\WINDOWS\System32\ADVAPI32.dll
0x00007ffc14410000 - 0x00007ffc144b6000 	C:\WINDOWS\System32\sechost.dll
0x00007ffc127f0000 - 0x00007ffc12908000 	C:\WINDOWS\System32\RPCRT4.dll
0x00007ffc12dc0000 - 0x00007ffc12e34000 	C:\WINDOWS\System32\WS2_32.dll
0x00007ffc11870000 - 0x00007ffc118ce000 	C:\WINDOWS\SYSTEM32\POWRPROF.dll
0x00007ffc007d0000 - 0x00007ffc00805000 	C:\WINDOWS\SYSTEM32\WINMM.dll
0x00007ffc08ee0000 - 0x00007ffc08eeb000 	C:\WINDOWS\SYSTEM32\VERSION.dll
0x00007ffc11850000 - 0x00007ffc11864000 	C:\WINDOWS\SYSTEM32\UMPDC.dll
0x00007ffc10980000 - 0x00007ffc1099b000 	C:\WINDOWS\SYSTEM32\kernel.appcore.dll
0x00007ffbf0270000 - 0x00007ffbf027a000 	C:\Program Files\Microsoft\jdk-17.0.14.7-hotspot\bin\jimage.dll
0x00007ffc09db0000 - 0x00007ffc09ff2000 	C:\WINDOWS\SYSTEM32\DBGHELP.DLL
0x00007ffc14660000 - 0x00007ffc149db000 	C:\WINDOWS\System32\combase.dll
0x00007ffc14550000 - 0x00007ffc14627000 	C:\WINDOWS\System32\OLEAUT32.dll
0x00007ffc00da0000 - 0x00007ffc00ddc000 	C:\WINDOWS\SYSTEM32\dbgcore.DLL
0x00007ffc11bb0000 - 0x00007ffc11c48000 	C:\WINDOWS\System32\bcryptPrimitives.dll
0x00007ffbf01b0000 - 0x00007ffbf01be000 	C:\Program Files\Microsoft\jdk-17.0.14.7-hotspot\bin\instrument.dll
0x00007ffbe80b0000 - 0x00007ffbe80d5000 	C:\Program Files\Microsoft\jdk-17.0.14.7-hotspot\bin\java.dll
0x00007ffbe7fd0000 - 0x00007ffbe80a7000 	C:\Program Files\Microsoft\jdk-17.0.14.7-hotspot\bin\jsvml.dll
0x00007ffc13970000 - 0x00007ffc140bc000 	C:\WINDOWS\System32\SHELL32.dll
0x00007ffc12280000 - 0x00007ffc123eb000 	C:\WINDOWS\System32\wintypes.dll
0x00007ffc0f820000 - 0x00007ffc1007d000 	C:\WINDOWS\SYSTEM32\windows.storage.dll
0x00007ffc12ae0000 - 0x00007ffc12bd2000 	C:\WINDOWS\System32\SHCORE.dll
0x00007ffc141c0000 - 0x00007ffc14222000 	C:\WINDOWS\System32\shlwapi.dll
0x00007ffc11ad0000 - 0x00007ffc11af9000 	C:\WINDOWS\SYSTEM32\profapi.dll
0x00007ffbedc10000 - 0x00007ffbedc28000 	C:\Program Files\Microsoft\jdk-17.0.14.7-hotspot\bin\zip.dll
0x00007ffbe7fb0000 - 0x00007ffbe7fca000 	C:\Program Files\Microsoft\jdk-17.0.14.7-hotspot\bin\net.dll
0x00007ffc0db50000 - 0x00007ffc0dc6f000 	C:\WINDOWS\SYSTEM32\WINHTTP.dll
0x00007ffc10ef0000 - 0x00007ffc10f5b000 	C:\WINDOWS\system32\mswsock.dll
0x00007ffbe7f90000 - 0x00007ffbe7fa6000 	C:\Program Files\Microsoft\jdk-17.0.14.7-hotspot\bin\nio.dll
0x00007ffbf0010000 - 0x00007ffbf0020000 	C:\Program Files\Microsoft\jdk-17.0.14.7-hotspot\bin\verify.dll
0x00007ffbdbee0000 - 0x00007ffbdbf07000 	C:\Users\Technyx\.gradle\native\c067742578af261105cb4f569cf0c3c89f3d7b1fecec35dd04571415982c5e48\windows-amd64\native-platform.dll
0x00007ffbc7f60000 - 0x00007ffbc80a4000 	C:\Users\Technyx\.gradle\native\100fb08df4bc3b14c8652ba06237920a3bd2aa13389f12d3474272988ae205f9\windows-amd64\native-platform-file-events.dll
0x00007ffbef290000 - 0x00007ffbef29a000 	C:\Program Files\Microsoft\jdk-17.0.14.7-hotspot\bin\management.dll
0x00007ffbeefa0000 - 0x00007ffbeefab000 	C:\Program Files\Microsoft\jdk-17.0.14.7-hotspot\bin\management_ext.dll
0x00007ffc14230000 - 0x00007ffc14238000 	C:\WINDOWS\System32\PSAPI.DLL
0x00007ffc111a0000 - 0x00007ffc111bb000 	C:\WINDOWS\SYSTEM32\CRYPTSP.dll
0x00007ffc108e0000 - 0x00007ffc1091b000 	C:\WINDOWS\system32\rsaenh.dll
0x00007ffc10f90000 - 0x00007ffc10fbb000 	C:\WINDOWS\SYSTEM32\USERENV.dll
0x00007ffc11aa0000 - 0x00007ffc11ac6000 	C:\WINDOWS\SYSTEM32\bcrypt.dll
0x00007ffc111c0000 - 0x00007ffc111cc000 	C:\WINDOWS\SYSTEM32\CRYPTBASE.dll
0x00007ffc103a0000 - 0x00007ffc103d4000 	C:\WINDOWS\SYSTEM32\IPHLPAPI.DLL
0x00007ffc14540000 - 0x00007ffc1454a000 	C:\WINDOWS\System32\NSI.dll
0x00007ffc0e4b0000 - 0x00007ffc0e4ce000 	C:\WINDOWS\SYSTEM32\dhcpcsvc6.DLL
0x00007ffc0e350000 - 0x00007ffc0e373000 	C:\WINDOWS\SYSTEM32\dhcpcsvc.DLL
0x00007ffc10430000 - 0x00007ffc10556000 	C:\WINDOWS\SYSTEM32\DNSAPI.dll
0x00007ffbee9e0000 - 0x00007ffbee9e9000 	C:\Program Files\Microsoft\jdk-17.0.14.7-hotspot\bin\extnet.dll
0x00007ffbed620000 - 0x00007ffbed62e000 	C:\Program Files\Microsoft\jdk-17.0.14.7-hotspot\bin\sunmscapi.dll
0x00007ffc11db0000 - 0x00007ffc11f27000 	C:\WINDOWS\System32\CRYPT32.dll
0x00007ffc113c0000 - 0x00007ffc113f0000 	C:\WINDOWS\SYSTEM32\ncrypt.dll
0x00007ffc11370000 - 0x00007ffc113af000 	C:\WINDOWS\SYSTEM32\NTASN1.dll
0x00007ffbe2cf0000 - 0x00007ffbe2cf8000 	C:\WINDOWS\system32\wshunix.dll
0x00007ffbe2ba0000 - 0x00007ffbe2bb8000 	C:\WINDOWS\system32\napinsp.dll
0x00007ffbe2bc0000 - 0x00007ffbe2bd2000 	C:\WINDOWS\System32\winrnr.dll
0x00007ffbe3120000 - 0x00007ffbe3148000 	C:\WINDOWS\system32\nlansp_c.dll
0x00007ffc01ff0000 - 0x00007ffc02006000 	C:\WINDOWS\system32\wshbth.dll
0x00007ffc0db30000 - 0x00007ffc0db3b000 	C:\Windows\System32\rasadhlp.dll
0x00007ffc0e5e0000 - 0x00007ffc0e666000 	C:\WINDOWS\System32\fwpuclnt.dll

dbghelp: loaded successfully - version: 4.0.5 - missing functions: none
symbol engine: initialized successfully - sym options: 0x614 - pdb path: .;C:\Program Files\Microsoft\jdk-17.0.14.7-hotspot\bin;C:\WINDOWS\SYSTEM32;C:\WINDOWS\WinSxS\amd64_microsoft.windows.common-controls_6595b64144ccf1df_6.0.26100.6725_none_3e085828e334708b;C:\Program Files\Microsoft\jdk-17.0.14.7-hotspot\bin\server;C:\Users\Technyx\.gradle\native\c067742578af261105cb4f569cf0c3c89f3d7b1fecec35dd04571415982c5e48\windows-amd64;C:\Users\Technyx\.gradle\native\100fb08df4bc3b14c8652ba06237920a3bd2aa13389f12d3474272988ae205f9\windows-amd64

VM Arguments:
jvm_args: -XX:MaxMetaspaceSize=512m --add-opens=java.base/java.util=ALL-UNNAMED --add-opens=java.base/java.lang=ALL-UNNAMED --add-opens=java.base/java.lang.invoke=ALL-UNNAMED --add-opens=java.prefs/java.util.prefs=ALL-UNNAMED --add-exports=jdk.compiler/com.sun.tools.javac.api=ALL-UNNAMED --add-exports=jdk.compiler/com.sun.tools.javac.util=ALL-UNNAMED --add-opens=java.base/java.nio.charset=ALL-UNNAMED --add-opens=java.base/java.net=ALL-UNNAMED --add-opens=java.base/java.util.concurrent.atomic=ALL-UNNAMED -Xmx2048m -Dfile.encoding=utf8 -Duser.country=US -Duser.language=en -Duser.variant -javaagent:C:\Users\Technyx\.gradle\wrapper\dists\gradle-8.10.2-all\7iv73wktx1xtkvlq19urqw1wm\gradle-8.10.2\lib\agents\gradle-instrumentation-agent-8.10.2.jar 
java_command: org.gradle.launcher.daemon.bootstrap.GradleDaemon 8.10.2
java_class_path (initial): C:\Users\Technyx\.gradle\wrapper\dists\gradle-8.10.2-all\7iv73wktx1xtkvlq19urqw1wm\gradle-8.10.2\lib\gradle-daemon-main-8.10.2.jar
Launcher Type: SUN_STANDARD

[Global flags]
     intx CICompilerCount                          = 4                                         {product} {ergonomic}
   size_t CompressedClassSpaceSize                 = 436207616                                 {product} {ergonomic}
     uint ConcGCThreads                            = 3                                         {product} {ergonomic}
     uint G1ConcRefinementThreads                  = 10                                        {product} {ergonomic}
   size_t G1HeapRegionSize                         = 1048576                                   {product} {ergonomic}
    uintx GCDrainStackTargetSize                   = 64                                        {product} {ergonomic}
   size_t InitialHeapSize                          = 257949696                                 {product} {ergonomic}
   size_t MarkStackSize                            = 4194304                                   {product} {ergonomic}
   size_t MaxHeapSize                              = 2147483648                                {product} {command line}
   size_t MaxMetaspaceSize                         = 536870912                                 {product} {command line}
   size_t MaxNewSize                               = 1287651328                                {product} {ergonomic}
   size_t MinHeapDeltaBytes                        = 1048576                                   {product} {ergonomic}
   size_t MinHeapSize                              = 8388608                                   {product} {ergonomic}
    uintx NonNMethodCodeHeapSize                   = 5839372                                {pd product} {ergonomic}
    uintx NonProfiledCodeHeapSize                  = 122909434                              {pd product} {ergonomic}
    uintx ProfiledCodeHeapSize                     = 122909434                              {pd product} {ergonomic}
    uintx ReservedCodeCacheSize                    = 251658240                              {pd product} {ergonomic}
     bool SegmentedCodeCache                       = true                                      {product} {ergonomic}
   size_t SoftMaxHeapSize                          = 2147483648                             {manageable} {ergonomic}
     bool UseCompressedClassPointers               = true                           {product lp64_product} {ergonomic}
     bool UseCompressedOops                        = true                           {product lp64_product} {ergonomic}
     bool UseG1GC                                  = true                                      {product} {ergonomic}
     bool UseLargePagesIndividualAllocation        = false                                  {pd product} {ergonomic}

Logging:
Log output configuration:
 #0: stdout all=warning uptime,level,tags
 #1: stderr all=off uptime,level,tags

Environment Variables:
JAVA_HOME=C:\Program Files\Microsoft\jdk-17.0.14.7-hotspot
PATH=c:\Users\Technyx\AppData\Local\Programs\cursor\resources\app\bin;C:\Program Files\Microsoft\jdk-17.0.14.7-hotspot\bin;C:\WINDOWS\system32;C:\WINDOWS;C:\WINDOWS\System32\Wbem;C:\WINDOWS\System32\WindowsPowerShell\v1.0\;C:\WINDOWS\System32\OpenSSH\;C:\Program Files\Git\cmd;C:\Program Files\Java\jdk-19\bin;C:\Users\Technyx\AppData\Local\Android\Sdk;C:\Users\Technyx\AppData\Local\Android\Sdk\build-tools;C:\Users\Technyx\AppData\Local\Android\Sdk\platform-tools;C:\Users\Technyx\AppData\Local\Android\Sdk\platforms;C:\Users\Technyx\AppData\Local\Android\Sdk\emulator;C:\ProgramData\chocolatey\bin;C:\Users\Technyx\AppData\Roaming\nvm;C:\Program Files\nodejs;C:\Program Files\Git LFS;C:\Users\Technyx\AppData\Local\Microsoft\WindowsApps;C:\Users\Technyx\AppData\Local\GitHubDesktop\bin;C:\Users\Technyx\AppData\Local\Android\Sdk;C:\Users\Technyx\AppData\Local\Android\Sdk\platform-tools;C:\Users\Technyx\AppData\Local\Android\Sdk\platforms;C:\Users\Technyx\AppData\Local\Android\Sdk\emulator;C:\Users\Technyx\AppData\Local\And;C:\Program Files\Microsoft VS Code\bin;C:\Python27;C:\Python27\Scripts;C:\Program Files\Microsoft SQL Server\150\Tools\Binn\;C:\Program Files\Microsoft SQL Server\Client SDK\ODBC\170\Tools\Binn\;C:\Program Files\dotnet\;C:\Users\Technyx\AppData\Local\Android\Sdk\tools;C:\Users\Technyx\AppData\Local\Android\Sdk\tools;C:\Users\Technyx\AppData\Local\Microsoft\WindowsApps;C:\Users\Technyx\AppData\Local\GitHubDesktop\bin;C:\Users\Technyx\AppData\Local\Android\Sdk;C:\Users\Technyx\AppData\Local\Android\Sdk\platform-tools;C:\Users\Technyx\AppData\Local\Android\Sdk\platforms;C:\Users\Technyx\AppData\Local\Android\Sdk\emulator;C:\Users\Technyx\AppData\Local\Android\Sdk\build-tools;C:\Program Files\Microsoft\jdk-17.0.14.7-hotspot\bin;C:\Users\Technyx\AppData\Roaming\npm;C:\Users\Technyx\AppData\Roaming\nvm;C:\Program Files\nodejs;C:\Program Files\JetBrains\IntelliJ IDEA Community Edition 2025.1\bin;;C:\Users\Technyx\AppData\Local\Programs\cursor\resources\app\bin;C:\Python27;C:\Python27\Scripts;C:\Users\Technyx\.dotnet\tools
USERNAME=Technyx
OS=Windows_NT
PROCESSOR_IDENTIFIER=AMD64 Family 23 Model 104 Stepping 1, AuthenticAMD
TMP=C:\Users\Technyx\AppData\Local\Temp
TEMP=C:\Users\Technyx\AppData\Local\Temp



Periodic native trim disabled


---------------  S Y S T E M  ---------------

OS:
 Windows 11 , 64 bit Build 26100 (10.0.26100.6725)
OS uptime: 1 days 2:29 hours

CPU: total 12 (initial active 12) (12 cores per cpu, 2 threads per core) family 23 model 104 stepping 1 microcode 0x8608109, cx8, cmov, fxsr, ht, mmx, 3dnowpref, sse, sse2, sse3, ssse3, sse4a, sse4.1, sse4.2, popcnt, lzcnt, tsc, tscinvbit, avx, avx2, aes, clmul, bmi1, bmi2, adx, sha, fma, vzeroupper, clflush, clflushopt
Processor Information for the first 12 processors :
  Max Mhz: 2100, Current Mhz: 2100, Mhz Limit: 2100

Memory: 4k page, system-wide physical 15693M (1784M free)
TotalPageFile size 46218M (AvailPageFile size 33M)
current process WorkingSet (physical memory assigned to process): 392M, peak: 421M
current process commit charge ("private bytes"): 484M, peak: 511M

vm_info: OpenJDK 64-Bit Server VM (17.0.14+7-LTS) for windows-amd64 JRE (17.0.14+7-LTS), built on Jan  8 2025 23:39:28 by "MicrosoftCorporation" with unknown MS VC++:1939

END.
